Using pre-set license
Built from '2021.3/staging' branch; Version is '2021.3.16f1 (4016570cf34f) revision 4200023'; Using compiler version '192829333'; Build Type 'Release'
OS: 'Windows 10  (10.0.19045) 64bit Education' Language: 'en' Physical Memory: 16059 MB
BatchMode: 1, IsHumanControllingUs: 0, StartBugReporterOnCrash: 0, Is64bit: 1, IsPro: 1

COMMAND LINE ARGUMENTS:
C:\Program Files\Unity2021.3\Editor\Unity.exe
-adb2
-batchMode
-noUpm
-name
AssetImportWorker1
-projectPath
D:/Cornell_FinalProject/Cornell_FinalProject/LostTemple
-logFile
Logs/AssetImportWorker1.log
-srvPort
57528
Successfully changed project path to: D:/Cornell_FinalProject/Cornell_FinalProject/LostTemple
D:/Cornell_FinalProject/Cornell_FinalProject/LostTemple
[UnityMemory] Configuration Parameters - Can be set up in boot.config
    "memorysetup-bucket-allocator-granularity=16"
    "memorysetup-bucket-allocator-bucket-count=8"
    "memorysetup-bucket-allocator-block-size=33554432"
    "memorysetup-bucket-allocator-block-count=8"
    "memorysetup-main-allocator-block-size=16777216"
    "memorysetup-thread-allocator-block-size=16777216"
    "memorysetup-gfx-main-allocator-block-size=16777216"
    "memorysetup-gfx-thread-allocator-block-size=16777216"
    "memorysetup-cache-allocator-block-size=4194304"
    "memorysetup-typetree-allocator-block-size=2097152"
    "memorysetup-profiler-bucket-allocator-granularity=16"
    "memorysetup-profiler-bucket-allocator-bucket-count=8"
    "memorysetup-profiler-bucket-allocator-block-size=33554432"
    "memorysetup-profiler-bucket-allocator-block-count=8"
    "memorysetup-profiler-allocator-block-size=16777216"
    "memorysetup-profiler-editor-allocator-block-size=1048576"
    "memorysetup-temp-allocator-size-main=16777216"
    "memorysetup-job-temp-allocator-block-size=2097152"
    "memorysetup-job-temp-allocator-block-size-background=1048576"
    "memorysetup-job-temp-allocator-reduction-small-platforms=262144"
    "memorysetup-temp-allocator-size-background-worker=32768"
    "memorysetup-temp-allocator-size-job-worker=262144"
    "memorysetup-temp-allocator-size-preload-manager=33554432"
    "memorysetup-temp-allocator-size-nav-mesh-worker=65536"
    "memorysetup-temp-allocator-size-audio-worker=65536"
    "memorysetup-temp-allocator-size-cloud-worker=32768"
    "memorysetup-temp-allocator-size-gi-baking-worker=262144"
    "memorysetup-temp-allocator-size-gfx=262144"
Player connection [14640] Host "[IP] 141.238.62.115 [Port] 0 [Flags] 2 [Guid] 3199459086 [EditorId] 3199459086 [Version] 1048832 [Id] WindowsEditor(7,AA-CIS-HO259-19) [Debug] 1 [PackageName] WindowsEditor [ProjectName] Editor" joined multi-casting on [225.0.0.222:54997]...

Player connection [14640] Host "[IP] 141.238.62.115 [Port] 0 [Flags] 2 [Guid] 3199459086 [EditorId] 3199459086 [Version] 1048832 [Id] WindowsEditor(7,AA-CIS-HO259-19) [Debug] 1 [PackageName] WindowsEditor [ProjectName] Editor" joined alternative multi-casting on [225.0.0.222:34997]...

Refreshing native plugins compatible for Editor in 63.81 ms, found 4 plugins.
Preloading 0 native plugins for Editor in 0.00 ms.
Initialize engine version: 2021.3.16f1 (4016570cf34f)
[Subsystems] Discovering subsystems at path C:/Program Files/Unity2021.3/Editor/Data/Resources/UnitySubsystems
[Subsystems] Discovering subsystems at path D:/Cornell_FinalProject/Cornell_FinalProject/LostTemple/Assets
GfxDevice: creating device client; threaded=0; jobified=0
Direct3D:
    Version:  Direct3D 11.0 [level 11.1]
    Renderer: NVIDIA GeForce RTX 3070 (ID=0x2484)
    Vendor:   NVIDIA
    VRAM:     8031 MB
    Driver:   31.0.15.2698
Initialize mono
Mono path[0] = 'C:/Program Files/Unity2021.3/Editor/Data/Managed'
Mono path[1] = 'C:/Program Files/Unity2021.3/Editor/Data/MonoBleedingEdge/lib/mono/unityjit-win32'
Mono config path = 'C:/Program Files/Unity2021.3/Editor/Data/MonoBleedingEdge/etc'
Using monoOptions --debugger-agent=transport=dt_socket,embedding=1,server=y,suspend=n,address=127.0.0.1:56816
Begin MonoManager ReloadAssembly
Registering precompiled unity dll's ...
Register platform support module: C:/Program Files/Unity2021.3/Editor/Data/PlaybackEngines/WebGLSupport/UnityEditor.WebGL.Extensions.dll
Register platform support module: C:/Program Files/Unity2021.3/Editor/Data/PlaybackEngines/MacStandaloneSupport/UnityEditor.OSXStandalone.Extensions.dll
Register platform support module: C:/Program Files/Unity2021.3/Editor/Data/PlaybackEngines/AndroidPlayer/UnityEditor.Android.Extensions.dll
Register platform support module: C:/Program Files/Unity2021.3/Editor/Data/PlaybackEngines/iOSSupport/UnityEditor.iOS.Extensions.dll
Register platform support module: C:/Program Files/Unity2021.3/Editor/Data/PlaybackEngines/AppleTVSupport/UnityEditor.AppleTV.Extensions.dll
Register platform support module: C:/Program Files/Unity2021.3/Editor/Data/PlaybackEngines/WindowsStandaloneSupport/UnityEditor.WindowsStandalone.Extensions.dll
Register platform support module: C:/Program Files/Unity2021.3/Editor/Data/PlaybackEngines/LinuxStandaloneSupport/UnityEditor.LinuxStandalone.Extensions.dll
Register platform support module: C:/Program Files/Unity2021.3/Editor/Data/PlaybackEngines/MetroSupport/UnityEditor.UWP.Extensions.dll
Registered in 0.003453 seconds.
Native extension for UWP target not found
Native extension for LinuxStandalone target not found
Native extension for WindowsStandalone target not found
[usbmuxd] Start listen thread
[usbmuxd] Listen thread started
Native extension for AppleTV target not found
[usbmuxd] Start listen thread
[usbmuxd] Listen thread started
Native extension for iOS target not found
Native extension for Android target not found
Native extension for OSXStandalone target not found
Native extension for WebGL target not found
Refreshing native plugins compatible for Editor in 63.25 ms, found 4 plugins.
Preloading 0 native plugins for Editor in 0.00 ms.
Mono: successfully reloaded assembly
- Completed reload, in  0.452 seconds
Domain Reload Profiling:
	ReloadAssembly (453ms)
		BeginReloadAssembly (46ms)
			ExecutionOrderSort (0ms)
			DisableScriptedObjects (0ms)
			BackupInstance (0ms)
			ReleaseScriptingObjects (0ms)
			CreateAndSetChildDomain (1ms)
		EndReloadAssembly (337ms)
			LoadAssemblies (46ms)
			RebuildTransferFunctionScriptingTraits (0ms)
			SetupTypeCache (71ms)
			ReleaseScriptCaches (0ms)
			RebuildScriptCaches (22ms)
			SetupLoadedEditorAssemblies (210ms)
				LogAssemblyErrors (0ms)
				InitializePlatformSupportModulesInManaged (42ms)
				SetLoadedEditorAssemblies (0ms)
				RefreshPlugins (63ms)
				BeforeProcessingInitializeOnLoad (1ms)
				ProcessInitializeOnLoadAttributes (74ms)
				ProcessInitializeOnLoadMethodAttributes (29ms)
				AfterProcessingInitializeOnLoad (0ms)
				EditorAssembliesLoaded (0ms)
			ExecutionOrderSort2 (0ms)
			AwakeInstancesAfterBackupRestoration (0ms)
Platform modules already initialized, skipping
Registering precompiled user dll's ...
Registered in 0.002868 seconds.
Begin MonoManager ReloadAssembly
Symbol file LoadedFromMemory doesn't match image D:\Cornell_FinalProject\Cornell_FinalProject\LostTemple\Library\PackageCache\com.unity.visualscripting@1.7.8\Editor\VisualScripting.Core\Dependencies\YamlDotNet\Unity.VisualScripting.YamlDotNet.dll
Symbol file LoadedFromMemory doesn't match image D:\Cornell_FinalProject\Cornell_FinalProject\LostTemple\Library\PackageCache\com.unity.visualscripting@1.7.8\Editor\VisualScripting.Core\Dependencies\DotNetZip\Unity.VisualScripting.IonicZip.dll
Native extension for UWP target not found
Native extension for LinuxStandalone target not found
Native extension for WindowsStandalone target not found
Native extension for AppleTV target not found
Native extension for iOS target not found
Native extension for Android target not found
Native extension for OSXStandalone target not found
Native extension for WebGL target not found
Refreshing native plugins compatible for Editor in 63.45 ms, found 4 plugins.
Preloading 0 native plugins for Editor in 0.00 ms.
Mono: successfully reloaded assembly
- Completed reload, in  0.777 seconds
Domain Reload Profiling:
	ReloadAssembly (777ms)
		BeginReloadAssembly (74ms)
			ExecutionOrderSort (0ms)
			DisableScriptedObjects (4ms)
			BackupInstance (0ms)
			ReleaseScriptingObjects (0ms)
			CreateAndSetChildDomain (15ms)
		EndReloadAssembly (628ms)
			LoadAssemblies (59ms)
			RebuildTransferFunctionScriptingTraits (0ms)
			SetupTypeCache (159ms)
			ReleaseScriptCaches (0ms)
			RebuildScriptCaches (38ms)
			SetupLoadedEditorAssemblies (342ms)
				LogAssemblyErrors (0ms)
				InitializePlatformSupportModulesInManaged (20ms)
				SetLoadedEditorAssemblies (0ms)
				RefreshPlugins (64ms)
				BeforeProcessingInitializeOnLoad (64ms)
				ProcessInitializeOnLoadAttributes (163ms)
				ProcessInitializeOnLoadMethodAttributes (27ms)
				AfterProcessingInitializeOnLoad (3ms)
				EditorAssembliesLoaded (0ms)
			ExecutionOrderSort2 (0ms)
			AwakeInstancesAfterBackupRestoration (4ms)
Platform modules already initialized, skipping
========================================================================
Worker process is ready to serve import requests
Launched and connected shader compiler UnityShaderCompiler.exe after 0.05 seconds
Refreshing native plugins compatible for Editor in 1.02 ms, found 4 plugins.
Preloading 0 native plugins for Editor in 0.00 ms.
Unloading 4054 Unused Serialized files (Serialized files now loaded: 0)
Unloading 38 unused Assets / (56.1 KB). Loaded Objects now: 4512.
Memory consumption went from 150.9 MB to 150.9 MB.
Total: 3.667200 ms (FindLiveObjects: 0.362700 ms CreateObjectMapping: 0.182400 ms MarkObjects: 3.043800 ms  DeleteObjects: 0.077000 ms)

AssetImportParameters requested are different than current active one (requested -> active):
  custom:video-decoder-ogg-theora: a1e56fd34408186e4bbccfd4996cb3dc -> 
  custom:container-muxer-webm: aa71ff27fc2769a1b78a27578f13a17b -> 
  custom:container-demuxer-webm: 4f35f7cbe854078d1ac9338744f61a02 -> 
  custom:video-encoder-webm-vp8: eb34c28f22e8b96e1ab97ce403110664 -> 
  custom:audio-encoder-webm-vorbis: bf7c407c2cedff20999df2af8eb42d56 -> 
  custom:framework-win-MediaFoundation: 216162199b28c13a410421893ffa2e32 -> 
  custom:container-demuxer-ogg: 62fdf1f143b41e24485cea50d1cbac27 -> 
  custom:video-decoder-webm-vp8: 9c59270c3fd7afecdb556c50c9e8de78 -> 
  custom:audio-decoder-ogg-vorbis: bf7c407c2cedff20999df2af8eb42d56 -> 
========================================================================
Received Import Request.
  Time since last request: 39743.079126 seconds.
  path: Assets/Scenes/Start Menu.unity
  artifactKey: Guid(f81e669fd4bec7146a10210c9d6a9d9f) Importer(815301076,1909f56bfc062723c751e8b465ee728b)
Start importing Assets/Scenes/Start Menu.unity using Guid(f81e669fd4bec7146a10210c9d6a9d9f) Importer(815301076,1909f56bfc062723c751e8b465ee728b)  -> (artifact id: 'bcb65533f8a047ae5b0fa69f4d3c4584') in 0.006353 seconds 
========================================================================
Received Import Request.
  Time since last request: 59.688369 seconds.
  path: Assets/Textures/BigManJD/Platformer Tileset - Pixelart Grasslands/Prefabs/Bush2.prefab
  artifactKey: Guid(21139aab49c121e4b870829fdc8dd143) Importer(815301076,1909f56bfc062723c751e8b465ee728b)
Start importing Assets/Textures/BigManJD/Platformer Tileset - Pixelart Grasslands/Prefabs/Bush2.prefab using Guid(21139aab49c121e4b870829fdc8dd143) Importer(815301076,1909f56bfc062723c751e8b465ee728b)  -> (artifact id: '14180fb77d36e0fdd3d01fa0518520a6') in 0.105442 seconds 
========================================================================
Received Import Request.
  Time since last request: 0.000023 seconds.
  path: Assets/Textures/BigManJD/Platformer Tileset - Pixelart Grasslands/Prefabs/WoodenSign.prefab
  artifactKey: Guid(3f0733b56e08e8c4a852b694cbbc24a5) Importer(815301076,1909f56bfc062723c751e8b465ee728b)
Start importing Assets/Textures/BigManJD/Platformer Tileset - Pixelart Grasslands/Prefabs/WoodenSign.prefab using Guid(3f0733b56e08e8c4a852b694cbbc24a5) Importer(815301076,1909f56bfc062723c751e8b465ee728b)  -> (artifact id: '2526b3c3ae747d3365141278181d8206') in 0.007724 seconds 
========================================================================
Received Import Request.
  Time since last request: 0.000030 seconds.
  path: Assets/Textures/BigManJD/Platformer Tileset - Pixelart Grasslands/Prefabs/Tree2.prefab
  artifactKey: Guid(512108d047703db44a09d9aa681173d9) Importer(815301076,1909f56bfc062723c751e8b465ee728b)
Start importing Assets/Textures/BigManJD/Platformer Tileset - Pixelart Grasslands/Prefabs/Tree2.prefab using Guid(512108d047703db44a09d9aa681173d9) Importer(815301076,1909f56bfc062723c751e8b465ee728b)  -> (artifact id: '1c120c690eb9112bff66fa60f10ed1b4') in 0.013201 seconds 
========================================================================
Received Import Request.
  Time since last request: 20.614681 seconds.
  path: Assets/Textures/BigManJD/Platformer Tileset - Pixelart Grasslands/Sprites/Textures/Tiles/GrassTiles.png
  artifactKey: Guid(66453c654294d2045aa5eb98e5ea9f7d) Importer(815301076,1909f56bfc062723c751e8b465ee728b)
Start importing Assets/Textures/BigManJD/Platformer Tileset - Pixelart Grasslands/Sprites/Textures/Tiles/GrassTiles.png using Guid(66453c654294d2045aa5eb98e5ea9f7d) Importer(815301076,1909f56bfc062723c751e8b465ee728b)  -> (artifact id: 'f0e4966275397f50d095651b4695a35b') in 0.240807 seconds 
========================================================================
Received Import Request.
  Time since last request: 34.151759 seconds.
  path: Assets/Textures/BigManJD/Platformer Tileset - Pixelart Grasslands/Background/Background3.png
  artifactKey: Guid(cd139cad4817e7144a2c0c2bb7cf8fcc) Importer(815301076,1909f56bfc062723c751e8b465ee728b)
Start importing Assets/Textures/BigManJD/Platformer Tileset - Pixelart Grasslands/Background/Background3.png using Guid(cd139cad4817e7144a2c0c2bb7cf8fcc) Importer(815301076,1909f56bfc062723c751e8b465ee728b)  -> (artifact id: '77e5a8279f6fd3d4a3b74b302c8aaedb') in 0.010802 seconds 
========================================================================
Received Import Request.
  Time since last request: 36.712533 seconds.
  path: Assets/Textures/Tile Palette/Tiles/DirtBackgroundTiles_2.asset
  artifactKey: Guid(e0a56004fa23af648ae8a7848967a901) Importer(815301076,1909f56bfc062723c751e8b465ee728b)
Start importing Assets/Textures/Tile Palette/Tiles/DirtBackgroundTiles_2.asset using Guid(e0a56004fa23af648ae8a7848967a901) Importer(815301076,1909f56bfc062723c751e8b465ee728b)  -> (artifact id: '3b1b72aa793159098204c14a9dcd4be8') in 0.006412 seconds 
========================================================================
Received Import Request.
  Time since last request: 0.000021 seconds.
  path: Assets/Textures/Tile Palette/Tiles/DirtBackgroundTiles_36.asset
  artifactKey: Guid(ef7f9d4e2e9c60f419fd4524eec4d865) Importer(815301076,1909f56bfc062723c751e8b465ee728b)
Start importing Assets/Textures/Tile Palette/Tiles/DirtBackgroundTiles_36.asset using Guid(ef7f9d4e2e9c60f419fd4524eec4d865) Importer(815301076,1909f56bfc062723c751e8b465ee728b)  -> (artifact id: '3e0970d5326d1025f03ad99c6314605a') in 0.003514 seconds 
========================================================================
Received Import Request.
  Time since last request: 0.000020 seconds.
  path: Assets/Textures/Tile Palette/Tiles/DirtTiles_13.asset
  artifactKey: Guid(6ca293d59d6b45f47806a749ed5450ec) Importer(815301076,1909f56bfc062723c751e8b465ee728b)
Start importing Assets/Textures/Tile Palette/Tiles/DirtTiles_13.asset using Guid(6ca293d59d6b45f47806a749ed5450ec) Importer(815301076,1909f56bfc062723c751e8b465ee728b)  -> (artifact id: '0441afef7c06e1a87feda1b0ce7b7aa1') in 0.003720 seconds 
========================================================================
Received Import Request.
  Time since last request: 0.000022 seconds.
  path: Assets/Textures/Tile Palette/Tiles/DirtTiles_71.asset
  artifactKey: Guid(6955550a1bbd3e946a1b9a46863a2c40) Importer(815301076,1909f56bfc062723c751e8b465ee728b)
Start importing Assets/Textures/Tile Palette/Tiles/DirtTiles_71.asset using Guid(6955550a1bbd3e946a1b9a46863a2c40) Importer(815301076,1909f56bfc062723c751e8b465ee728b)  -> (artifact id: '2329af36b300129d19ce395211cac37c') in 0.006334 seconds 
========================================================================
Received Import Request.
  Time since last request: 0.000019 seconds.
  path: Assets/Textures/Tile Palette/Tiles/DirtTiles_56.asset
  artifactKey: Guid(9fd35846c203e464db56c1b9e46f9cdf) Importer(815301076,1909f56bfc062723c751e8b465ee728b)
Start importing Assets/Textures/Tile Palette/Tiles/DirtTiles_56.asset using Guid(9fd35846c203e464db56c1b9e46f9cdf) Importer(815301076,1909f56bfc062723c751e8b465ee728b)  -> (artifact id: '9a4421fc2100da47859c84242dd1ad49') in 0.045005 seconds 
========================================================================
Received Import Request.
  Time since last request: 0.000026 seconds.
  path: Assets/Textures/Tile Palette/Tiles/DirtTiles_30.asset
  artifactKey: Guid(f26e0acac0191c245a031f0b990415ed) Importer(815301076,1909f56bfc062723c751e8b465ee728b)
Start importing Assets/Textures/Tile Palette/Tiles/DirtTiles_30.asset using Guid(f26e0acac0191c245a031f0b990415ed) Importer(815301076,1909f56bfc062723c751e8b465ee728b)  -> (artifact id: 'e3590221edd75fc44f6f62f1bf6cd727') in 0.030144 seconds 
========================================================================
Received Import Request.
  Time since last request: 0.000017 seconds.
  path: Assets/Textures/Tile Palette/Tiles/DirtTiles_31.asset
  artifactKey: Guid(b41a2c2d96e45b14d93ef24c1ee2c3fc) Importer(815301076,1909f56bfc062723c751e8b465ee728b)
Start importing Assets/Textures/Tile Palette/Tiles/DirtTiles_31.asset using Guid(b41a2c2d96e45b14d93ef24c1ee2c3fc) Importer(815301076,1909f56bfc062723c751e8b465ee728b)  -> (artifact id: '7bbb48f499fc29ead04d5b4efefaae2e') in 0.011488 seconds 
========================================================================
Received Import Request.
  Time since last request: 0.000013 seconds.
  path: Assets/Textures/Tile Palette/Tiles/DirtTiles_4.asset
  artifactKey: Guid(570fa4fc9655fd74ca53fed897dd0622) Importer(815301076,1909f56bfc062723c751e8b465ee728b)
Start importing Assets/Textures/Tile Palette/Tiles/DirtTiles_4.asset using Guid(570fa4fc9655fd74ca53fed897dd0622) Importer(815301076,1909f56bfc062723c751e8b465ee728b)  -> (artifact id: 'b92124edcb6ce29043915b5e37c8753b') in 0.030054 seconds 
========================================================================
Received Import Request.
  Time since last request: 0.000023 seconds.
  path: Assets/Textures/Tile Palette/Tiles/DirtBackgroundTiles_19.asset
  artifactKey: Guid(fde0582a6a41ffb4d824f14efa3e0e1d) Importer(815301076,1909f56bfc062723c751e8b465ee728b)
Start importing Assets/Textures/Tile Palette/Tiles/DirtBackgroundTiles_19.asset using Guid(fde0582a6a41ffb4d824f14efa3e0e1d) Importer(815301076,1909f56bfc062723c751e8b465ee728b)  -> (artifact id: 'bac09762c33e511190bed1b158d831bc') in 0.036495 seconds 
========================================================================
Received Import Request.
  Time since last request: 0.000021 seconds.
  path: Assets/Textures/Tile Palette/Tiles/DirtTiles_75.asset
  artifactKey: Guid(c469fecfb1f095f4bbb5b52e3080f06b) Importer(815301076,1909f56bfc062723c751e8b465ee728b)
Start importing Assets/Textures/Tile Palette/Tiles/DirtTiles_75.asset using Guid(c469fecfb1f095f4bbb5b52e3080f06b) Importer(815301076,1909f56bfc062723c751e8b465ee728b)  -> (artifact id: 'a84f71d38104ff572431598e8fabbfb8') in 0.003754 seconds 
========================================================================
Received Import Request.
  Time since last request: 0.000017 seconds.
  path: Assets/Textures/Tile Palette/Tiles/DirtTiles_77.asset
  artifactKey: Guid(dc025a8fee379824bbd7573a93f27a73) Importer(815301076,1909f56bfc062723c751e8b465ee728b)
Start importing Assets/Textures/Tile Palette/Tiles/DirtTiles_77.asset using Guid(dc025a8fee379824bbd7573a93f27a73) Importer(815301076,1909f56bfc062723c751e8b465ee728b)  -> (artifact id: 'f384b9d3a553f3414d6a010116fa92f5') in 0.009560 seconds 
========================================================================
Received Import Request.
  Time since last request: 0.000017 seconds.
  path: Assets/Textures/Tile Palette/Tiles/DirtTiles_39.asset
  artifactKey: Guid(bce0f033de7b3374cb030a27475868e1) Importer(815301076,1909f56bfc062723c751e8b465ee728b)
Start importing Assets/Textures/Tile Palette/Tiles/DirtTiles_39.asset using Guid(bce0f033de7b3374cb030a27475868e1) Importer(815301076,1909f56bfc062723c751e8b465ee728b)  -> (artifact id: '47c73e1045a66471ba132bc0127b1ceb') in 0.023968 seconds 
========================================================================
Received Import Request.
  Time since last request: 0.000021 seconds.
  path: Assets/Textures/Tile Palette/Tiles/DirtTiles_53.asset
  artifactKey: Guid(d87d2bac32d96154ebb0c73636f573ce) Importer(815301076,1909f56bfc062723c751e8b465ee728b)
Start importing Assets/Textures/Tile Palette/Tiles/DirtTiles_53.asset using Guid(d87d2bac32d96154ebb0c73636f573ce) Importer(815301076,1909f56bfc062723c751e8b465ee728b)  -> (artifact id: '638fc9c1b81c7c31b4fc8f496da9618a') in 0.003012 seconds 
========================================================================
Received Import Request.
  Time since last request: 0.000019 seconds.
  path: Assets/Textures/Tile Palette/Tiles/DirtTiles_64.asset
  artifactKey: Guid(a495028a0236e9e4081b0069beda42f5) Importer(815301076,1909f56bfc062723c751e8b465ee728b)
Start importing Assets/Textures/Tile Palette/Tiles/DirtTiles_64.asset using Guid(a495028a0236e9e4081b0069beda42f5) Importer(815301076,1909f56bfc062723c751e8b465ee728b)  -> (artifact id: 'd6a4ddaa18799ef9e74e756544b4949f') in 0.005340 seconds 
========================================================================
Received Import Request.
  Time since last request: 0.000017 seconds.
  path: Assets/Textures/Tile Palette/Tiles/DirtTiles_45.asset
  artifactKey: Guid(41bfa7a22b0a1084ba2f2dca2e73ab81) Importer(815301076,1909f56bfc062723c751e8b465ee728b)
Start importing Assets/Textures/Tile Palette/Tiles/DirtTiles_45.asset using Guid(41bfa7a22b0a1084ba2f2dca2e73ab81) Importer(815301076,1909f56bfc062723c751e8b465ee728b)  -> (artifact id: '47cf554696baec16fae61a7d1252dea2') in 0.002815 seconds 
========================================================================
Received Import Request.
  Time since last request: 0.000018 seconds.
  path: Assets/Textures/Tile Palette/Tiles/DirtTiles_34.asset
  artifactKey: Guid(013bb3ca87f257848bc19cd831231636) Importer(815301076,1909f56bfc062723c751e8b465ee728b)
Start importing Assets/Textures/Tile Palette/Tiles/DirtTiles_34.asset using Guid(013bb3ca87f257848bc19cd831231636) Importer(815301076,1909f56bfc062723c751e8b465ee728b)  -> (artifact id: '8eb59c90fa93edb8faac9bb32da6e6da') in 0.005309 seconds 
========================================================================
Received Import Request.
  Time since last request: 0.000017 seconds.
  path: Assets/Textures/Tile Palette/Tiles/DirtTiles_65.asset
  artifactKey: Guid(34ea4951d47c4734d8b66eccc19f94ca) Importer(815301076,1909f56bfc062723c751e8b465ee728b)
Start importing Assets/Textures/Tile Palette/Tiles/DirtTiles_65.asset using Guid(34ea4951d47c4734d8b66eccc19f94ca) Importer(815301076,1909f56bfc062723c751e8b465ee728b)  -> (artifact id: '3780f630594eecfc8bf406edb6a5bada') in 0.003144 seconds 
========================================================================
Received Import Request.
  Time since last request: 0.000023 seconds.
  path: Assets/Textures/Tile Palette/Tiles/DirtTiles_58.asset
  artifactKey: Guid(3f259bb6cd0887c4dbe45d0301af36e4) Importer(815301076,1909f56bfc062723c751e8b465ee728b)
Start importing Assets/Textures/Tile Palette/Tiles/DirtTiles_58.asset using Guid(3f259bb6cd0887c4dbe45d0301af36e4) Importer(815301076,1909f56bfc062723c751e8b465ee728b)  -> (artifact id: 'ef59b8bf159963260e85a79902fdd86a') in 0.003355 seconds 
========================================================================
Received Import Request.
  Time since last request: 0.000018 seconds.
  path: Assets/Textures/Tile Palette/Tiles/DirtTiles_41.asset
  artifactKey: Guid(8a304e1f4e351ed4d8657043e4b9124c) Importer(815301076,1909f56bfc062723c751e8b465ee728b)
Start importing Assets/Textures/Tile Palette/Tiles/DirtTiles_41.asset using Guid(8a304e1f4e351ed4d8657043e4b9124c) Importer(815301076,1909f56bfc062723c751e8b465ee728b)  -> (artifact id: 'efc25183f012557977e04541ca33a242') in 0.003307 seconds 
========================================================================
Received Import Request.
  Time since last request: 0.000022 seconds.
  path: Assets/Textures/Tile Palette/Tiles/DirtTiles_55.asset
  artifactKey: Guid(b816a83972f4d2a4290854cbb77e36c5) Importer(815301076,1909f56bfc062723c751e8b465ee728b)
Start importing Assets/Textures/Tile Palette/Tiles/DirtTiles_55.asset using Guid(b816a83972f4d2a4290854cbb77e36c5) Importer(815301076,1909f56bfc062723c751e8b465ee728b)  -> (artifact id: '8d9b5c61ea2fce322912bbe9fcabe67c') in 0.004093 seconds 
========================================================================
Received Import Request.
  Time since last request: 0.000018 seconds.
  path: Assets/Textures/Tile Palette/Tiles/DirtBackgroundTiles_29.asset
  artifactKey: Guid(8bf10846b8f75ee46a6beca66cc53550) Importer(815301076,1909f56bfc062723c751e8b465ee728b)
Start importing Assets/Textures/Tile Palette/Tiles/DirtBackgroundTiles_29.asset using Guid(8bf10846b8f75ee46a6beca66cc53550) Importer(815301076,1909f56bfc062723c751e8b465ee728b)  -> (artifact id: '65a40bbe314df77832d2a907eeaf45f0') in 0.002890 seconds 
========================================================================
Received Import Request.
  Time since last request: 0.000019 seconds.
  path: Assets/Textures/Tile Palette/Tiles/DirtTiles_47.asset
  artifactKey: Guid(1fec558a9fc89c44da1d49f56a6cd6fe) Importer(815301076,1909f56bfc062723c751e8b465ee728b)
Start importing Assets/Textures/Tile Palette/Tiles/DirtTiles_47.asset using Guid(1fec558a9fc89c44da1d49f56a6cd6fe) Importer(815301076,1909f56bfc062723c751e8b465ee728b)  -> (artifact id: '2cac1d874c89273838f618232d9fe375') in 0.003345 seconds 
========================================================================
Received Import Request.
  Time since last request: 0.000018 seconds.
  path: Assets/Textures/Tile Palette/Tiles/DirtTiles_22.asset
  artifactKey: Guid(7f7c6e4b6b5214542bc66fb2ede0fa0e) Importer(815301076,1909f56bfc062723c751e8b465ee728b)
Start importing Assets/Textures/Tile Palette/Tiles/DirtTiles_22.asset using Guid(7f7c6e4b6b5214542bc66fb2ede0fa0e) Importer(815301076,1909f56bfc062723c751e8b465ee728b)  -> (artifact id: 'f2a19dfb1357ffd622d2d0f78ad34b8d') in 0.003281 seconds 
========================================================================
Received Import Request.
  Time since last request: 0.000019 seconds.
  path: Assets/Textures/Tile Palette/Tiles/DirtTiles_0.asset
  artifactKey: Guid(f47ef68ebd3a9e547b3f2c2d9b7a4a21) Importer(815301076,1909f56bfc062723c751e8b465ee728b)
Start importing Assets/Textures/Tile Palette/Tiles/DirtTiles_0.asset using Guid(f47ef68ebd3a9e547b3f2c2d9b7a4a21) Importer(815301076,1909f56bfc062723c751e8b465ee728b)  -> (artifact id: '81e78ca089383b73339dfee8dce37cf1') in 0.003205 seconds 
========================================================================
Received Import Request.
  Time since last request: 0.000021 seconds.
  path: Assets/Textures/Tile Palette/Tiles/DirtTiles_24.asset
  artifactKey: Guid(0470177a445526c41a84bb22193bb9f2) Importer(815301076,1909f56bfc062723c751e8b465ee728b)
Start importing Assets/Textures/Tile Palette/Tiles/DirtTiles_24.asset using Guid(0470177a445526c41a84bb22193bb9f2) Importer(815301076,1909f56bfc062723c751e8b465ee728b)  -> (artifact id: '05ebeae1338b1906f9332246e0fc8383') in 0.003123 seconds 
========================================================================
Received Import Request.
  Time since last request: 0.000023 seconds.
  path: Assets/Textures/Tile Palette/Tiles/DirtBackgroundTiles_5.asset
  artifactKey: Guid(beeeae3d876addb4ab2eeffc361b2760) Importer(815301076,1909f56bfc062723c751e8b465ee728b)
Start importing Assets/Textures/Tile Palette/Tiles/DirtBackgroundTiles_5.asset using Guid(beeeae3d876addb4ab2eeffc361b2760) Importer(815301076,1909f56bfc062723c751e8b465ee728b)  -> (artifact id: '6251416be8a2d8218579bf2cf0129e4b') in 0.004262 seconds 
========================================================================
Received Import Request.
  Time since last request: 0.000017 seconds.
  path: Assets/Textures/Tile Palette/Tiles/DirtTiles_79.asset
  artifactKey: Guid(26d393e2df9f84d40989c3e6d716007d) Importer(815301076,1909f56bfc062723c751e8b465ee728b)
Start importing Assets/Textures/Tile Palette/Tiles/DirtTiles_79.asset using Guid(26d393e2df9f84d40989c3e6d716007d) Importer(815301076,1909f56bfc062723c751e8b465ee728b)  -> (artifact id: '9748d5fc8a80d468e12cd3fa93caa0f2') in 0.003185 seconds 
========================================================================
Received Import Request.
  Time since last request: 0.000022 seconds.
  path: Assets/Textures/Tile Palette/Tiles/DirtBackgroundTiles_8.asset
  artifactKey: Guid(1a0c9f0f629898443a8c152ab8edbdee) Importer(815301076,1909f56bfc062723c751e8b465ee728b)
Start importing Assets/Textures/Tile Palette/Tiles/DirtBackgroundTiles_8.asset using Guid(1a0c9f0f629898443a8c152ab8edbdee) Importer(815301076,1909f56bfc062723c751e8b465ee728b)  -> (artifact id: '6bf1a1a6bdb17fb306ffc98e3885ed32') in 0.003007 seconds 
========================================================================
Received Import Request.
  Time since last request: 0.000020 seconds.
  path: Assets/Textures/Tile Palette/Tiles/DirtBackgroundTiles_34.asset
  artifactKey: Guid(34331f621e255a147b66852778eac7bd) Importer(815301076,1909f56bfc062723c751e8b465ee728b)
Start importing Assets/Textures/Tile Palette/Tiles/DirtBackgroundTiles_34.asset using Guid(34331f621e255a147b66852778eac7bd) Importer(815301076,1909f56bfc062723c751e8b465ee728b)  -> (artifact id: '4578646cc67262aeb4fe2e4de3f78e96') in 0.003223 seconds 
========================================================================
Received Import Request.
  Time since last request: 0.000019 seconds.
  path: Assets/Textures/Tile Palette/Tiles/DirtTiles_66.asset
  artifactKey: Guid(ad37919e78945274eb127801c1a90bbd) Importer(815301076,1909f56bfc062723c751e8b465ee728b)
Start importing Assets/Textures/Tile Palette/Tiles/DirtTiles_66.asset using Guid(ad37919e78945274eb127801c1a90bbd) Importer(815301076,1909f56bfc062723c751e8b465ee728b)  -> (artifact id: '005fbec39d8cdb8cb3baebbd2cd8bb5b') in 0.003240 seconds 
========================================================================
Received Import Request.
  Time since last request: 0.000018 seconds.
  path: Assets/Textures/Tile Palette/Tiles/DirtBackgroundTiles_35.asset
  artifactKey: Guid(fc604130e16507d4e995efd42f1ddaa8) Importer(815301076,1909f56bfc062723c751e8b465ee728b)
Start importing Assets/Textures/Tile Palette/Tiles/DirtBackgroundTiles_35.asset using Guid(fc604130e16507d4e995efd42f1ddaa8) Importer(815301076,1909f56bfc062723c751e8b465ee728b)  -> (artifact id: '4a61501837cd1f8d37f6d72c6ec15ee6') in 0.003083 seconds 
========================================================================
Received Import Request.
  Time since last request: 0.000023 seconds.
  path: Assets/Textures/Tile Palette/Tiles/DirtBackgroundTiles_3.asset
  artifactKey: Guid(ec5342ee332bc5a49a0e66a52ef977a6) Importer(815301076,1909f56bfc062723c751e8b465ee728b)
Start importing Assets/Textures/Tile Palette/Tiles/DirtBackgroundTiles_3.asset using Guid(ec5342ee332bc5a49a0e66a52ef977a6) Importer(815301076,1909f56bfc062723c751e8b465ee728b)  -> (artifact id: '091a67494ca105ce0142832397ba4aa8') in 0.003115 seconds 
========================================================================
Received Import Request.
  Time since last request: 0.000021 seconds.
  path: Assets/Textures/Tile Palette/Tiles/DirtBackgroundTiles_7.asset
  artifactKey: Guid(d7067a3c940d2b94abfb164bf3b8a314) Importer(815301076,1909f56bfc062723c751e8b465ee728b)
Start importing Assets/Textures/Tile Palette/Tiles/DirtBackgroundTiles_7.asset using Guid(d7067a3c940d2b94abfb164bf3b8a314) Importer(815301076,1909f56bfc062723c751e8b465ee728b)  -> (artifact id: '0584c356839125f2a19a6670c61ed5e9') in 0.003597 seconds 
========================================================================
Received Import Request.
  Time since last request: 0.000023 seconds.
  path: Assets/Textures/Tile Palette/Tiles/DirtTiles_2.asset
  artifactKey: Guid(3085c91a9081e584fb7e879ac76c9eca) Importer(815301076,1909f56bfc062723c751e8b465ee728b)
Start importing Assets/Textures/Tile Palette/Tiles/DirtTiles_2.asset using Guid(3085c91a9081e584fb7e879ac76c9eca) Importer(815301076,1909f56bfc062723c751e8b465ee728b)  -> (artifact id: 'd2d69c58ceaa54b3e82d6a2e6c01bf20') in 0.003084 seconds 
========================================================================
Received Import Request.
  Time since last request: 0.000032 seconds.
  path: Assets/Textures/Tile Palette/Tiles/DirtTiles_28.asset
  artifactKey: Guid(9c62ddb10e477dd4caf0d83da69dd9a5) Importer(815301076,1909f56bfc062723c751e8b465ee728b)
Start importing Assets/Textures/Tile Palette/Tiles/DirtTiles_28.asset using Guid(9c62ddb10e477dd4caf0d83da69dd9a5) Importer(815301076,1909f56bfc062723c751e8b465ee728b)  -> (artifact id: '7b8ac1cee5f9f46dccad42315864aa57') in 0.003619 seconds 
========================================================================
Received Import Request.
  Time since last request: 0.000018 seconds.
  path: Assets/Textures/Tile Palette/Tiles/DirtBackgroundTiles_37.asset
  artifactKey: Guid(910084d564f9539419a1badd016a6427) Importer(815301076,1909f56bfc062723c751e8b465ee728b)
Start importing Assets/Textures/Tile Palette/Tiles/DirtBackgroundTiles_37.asset using Guid(910084d564f9539419a1badd016a6427) Importer(815301076,1909f56bfc062723c751e8b465ee728b)  -> (artifact id: '7a0be7902796027f6159303c4e28737e') in 0.002853 seconds 
========================================================================
Received Import Request.
  Time since last request: 0.000022 seconds.
  path: Assets/Textures/Tile Palette/Tiles/DirtTiles_87.asset
  artifactKey: Guid(c6d37ba9c7fb7a64090c075b01561e62) Importer(815301076,1909f56bfc062723c751e8b465ee728b)
Start importing Assets/Textures/Tile Palette/Tiles/DirtTiles_87.asset using Guid(c6d37ba9c7fb7a64090c075b01561e62) Importer(815301076,1909f56bfc062723c751e8b465ee728b)  -> (artifact id: '3e6d70f196b0ae3153ccb4cbc1e18e24') in 0.003046 seconds 
========================================================================
Received Import Request.
  Time since last request: 0.000019 seconds.
  path: Assets/Textures/Tile Palette/Tiles/DirtBackgroundTiles_20.asset
  artifactKey: Guid(9aae0d442e2febd44a34a2d1810dada1) Importer(815301076,1909f56bfc062723c751e8b465ee728b)
Start importing Assets/Textures/Tile Palette/Tiles/DirtBackgroundTiles_20.asset using Guid(9aae0d442e2febd44a34a2d1810dada1) Importer(815301076,1909f56bfc062723c751e8b465ee728b)  -> (artifact id: '57115e2ff3087c82eb06faa6572343f6') in 0.003606 seconds 
========================================================================
Received Import Request.
  Time since last request: 0.000019 seconds.
  path: Assets/Textures/Tile Palette/Tiles/DirtTiles_43.asset
  artifactKey: Guid(329f708a11a1afd4e8c1732708a668c5) Importer(815301076,1909f56bfc062723c751e8b465ee728b)
Start importing Assets/Textures/Tile Palette/Tiles/DirtTiles_43.asset using Guid(329f708a11a1afd4e8c1732708a668c5) Importer(815301076,1909f56bfc062723c751e8b465ee728b)  -> (artifact id: '7e6e41c91c390be2f0ac49fa1ba967eb') in 0.002892 seconds 
========================================================================
Received Import Request.
  Time since last request: 0.000020 seconds.
  path: Assets/Textures/Tile Palette/Tiles/DirtTiles_59.asset
  artifactKey: Guid(ae6310867acab9d4983f0c282b19eb81) Importer(815301076,1909f56bfc062723c751e8b465ee728b)
Start importing Assets/Textures/Tile Palette/Tiles/DirtTiles_59.asset using Guid(ae6310867acab9d4983f0c282b19eb81) Importer(815301076,1909f56bfc062723c751e8b465ee728b)  -> (artifact id: '31f96adc0e05312632b7f359cc49bb5d') in 0.003173 seconds 
========================================================================
Received Import Request.
  Time since last request: 0.000019 seconds.
  path: Assets/Textures/Tile Palette/Tiles/DirtBackgroundTiles_16.asset
  artifactKey: Guid(71ef291c9d7da194db9ac6e209ccb8cf) Importer(815301076,1909f56bfc062723c751e8b465ee728b)
Start importing Assets/Textures/Tile Palette/Tiles/DirtBackgroundTiles_16.asset using Guid(71ef291c9d7da194db9ac6e209ccb8cf) Importer(815301076,1909f56bfc062723c751e8b465ee728b)  -> (artifact id: '75a74623acb5ef71506d38b24b979063') in 0.002763 seconds 
========================================================================
Received Import Request.
  Time since last request: 0.000024 seconds.
  path: Assets/Textures/Tile Palette/Tiles/DirtTiles_1.asset
  artifactKey: Guid(1edd2a981032ea042bd7e4c45ec0293f) Importer(815301076,1909f56bfc062723c751e8b465ee728b)
Start importing Assets/Textures/Tile Palette/Tiles/DirtTiles_1.asset using Guid(1edd2a981032ea042bd7e4c45ec0293f) Importer(815301076,1909f56bfc062723c751e8b465ee728b)  -> (artifact id: '17df96ce27ed9f88a654a7851db1f085') in 0.002670 seconds 
========================================================================
Received Import Request.
  Time since last request: 0.000015 seconds.
  path: Assets/Textures/Tile Palette/Tiles/DirtTiles_52.asset
  artifactKey: Guid(8ba646294e3901d43afee29d3407f652) Importer(815301076,1909f56bfc062723c751e8b465ee728b)
Start importing Assets/Textures/Tile Palette/Tiles/DirtTiles_52.asset using Guid(8ba646294e3901d43afee29d3407f652) Importer(815301076,1909f56bfc062723c751e8b465ee728b)  -> (artifact id: 'af20837a700e73196dfe534553c253f3') in 0.003384 seconds 
========================================================================
Received Import Request.
  Time since last request: 0.000020 seconds.
  path: Assets/Textures/Tile Palette/Tiles/DirtTiles_23.asset
  artifactKey: Guid(6cdf234b23c203945869a8dd445597b9) Importer(815301076,1909f56bfc062723c751e8b465ee728b)
Start importing Assets/Textures/Tile Palette/Tiles/DirtTiles_23.asset using Guid(6cdf234b23c203945869a8dd445597b9) Importer(815301076,1909f56bfc062723c751e8b465ee728b)  -> (artifact id: 'cc79087828fc102f4d96d72481b95efe') in 0.002976 seconds 
========================================================================
Received Import Request.
  Time since last request: 0.000021 seconds.
  path: Assets/Textures/Tile Palette/Tiles/DirtTiles_86.asset
  artifactKey: Guid(59af01bd7add1d74a817e1a49a728609) Importer(815301076,1909f56bfc062723c751e8b465ee728b)
Start importing Assets/Textures/Tile Palette/Tiles/DirtTiles_86.asset using Guid(59af01bd7add1d74a817e1a49a728609) Importer(815301076,1909f56bfc062723c751e8b465ee728b)  -> (artifact id: '609abf6511a8fc72ba1a06f409f5df23') in 0.002606 seconds 
========================================================================
Received Import Request.
  Time since last request: 35.844945 seconds.
  path: Assets/Textures/Pixel Adventure 1/Assets/Background/Gray.png
  artifactKey: Guid(ffc80c129c9aca14c9fb4dbeba0e10d2) Importer(815301076,1909f56bfc062723c751e8b465ee728b)
Start importing Assets/Textures/Pixel Adventure 1/Assets/Background/Gray.png using Guid(ffc80c129c9aca14c9fb4dbeba0e10d2) Importer(815301076,1909f56bfc062723c751e8b465ee728b)  -> (artifact id: 'e0423b5d92500bf6e70f8d383cf106fa') in 0.019819 seconds 
========================================================================
Received Import Request.
  Time since last request: 0.000016 seconds.
  path: Assets/Textures/Pixel Adventure 1/Assets/Background/Pink.png
  artifactKey: Guid(348c3b734b11d3b4aa5c69e25b7113e6) Importer(815301076,1909f56bfc062723c751e8b465ee728b)
Start importing Assets/Textures/Pixel Adventure 1/Assets/Background/Pink.png using Guid(348c3b734b11d3b4aa5c69e25b7113e6) Importer(815301076,1909f56bfc062723c751e8b465ee728b)  -> (artifact id: '9395fb4469ef3eb2a1054aaee526b822') in 0.026334 seconds 
========================================================================
Received Import Request.
  Time since last request: 0.000022 seconds.
  path: Assets/Textures/Pixel Adventure 1/Assets/Background/Yellow.png
  artifactKey: Guid(4d8c75a4d7dd2a0489270e1058d82128) Importer(815301076,1909f56bfc062723c751e8b465ee728b)
Start importing Assets/Textures/Pixel Adventure 1/Assets/Background/Yellow.png using Guid(4d8c75a4d7dd2a0489270e1058d82128) Importer(815301076,1909f56bfc062723c751e8b465ee728b)  -> (artifact id: '225c66494ac4fb4e4207b314ccef7d64') in 0.037795 seconds 
Editor requested this worker to shutdown with reason: Scaling down because of idle timeout
AssetImportWorker is now disconnected from the server
Process exiting
Exiting without the bug reporter. Application will terminate with return code 0