Using pre-set license
Built from '2021.3/staging' branch; Version is '2021.3.16f1 (4016570cf34f) revision 4200023'; Using compiler version '192829333'; Build Type 'Release'
OS: 'Windows 10  (10.0.19045) 64bit Core' Language: 'en' Physical Memory: 8142 MB
BatchMode: 1, IsHumanControllingUs: 0, StartBugReporterOnCrash: 0, Is64bit: 1, IsPro: 1

COMMAND LINE ARGUMENTS:
C:\Program Files\Unity\Hub\Editor\2021.3.16f1\Editor\Unity.exe
-adb2
-batchMode
-noUpm
-name
AssetImportWorker3
-projectPath
C:/Users/corne/My project
-logFile
Logs/AssetImportWorker3.log
-srvPort
59620
Successfully changed project path to: C:/Users/corne/My project
C:/Users/corne/My project
[UnityMemory] Configuration Parameters - Can be set up in boot.config
    "memorysetup-bucket-allocator-granularity=16"
    "memorysetup-bucket-allocator-bucket-count=8"
    "memorysetup-bucket-allocator-block-size=33554432"
    "memorysetup-bucket-allocator-block-count=8"
    "memorysetup-main-allocator-block-size=16777216"
    "memorysetup-thread-allocator-block-size=16777216"
    "memorysetup-gfx-main-allocator-block-size=16777216"
    "memorysetup-gfx-thread-allocator-block-size=16777216"
    "memorysetup-cache-allocator-block-size=4194304"
    "memorysetup-typetree-allocator-block-size=2097152"
    "memorysetup-profiler-bucket-allocator-granularity=16"
    "memorysetup-profiler-bucket-allocator-bucket-count=8"
    "memorysetup-profiler-bucket-allocator-block-size=33554432"
    "memorysetup-profiler-bucket-allocator-block-count=8"
    "memorysetup-profiler-allocator-block-size=16777216"
    "memorysetup-profiler-editor-allocator-block-size=1048576"
    "memorysetup-temp-allocator-size-main=16777216"
    "memorysetup-job-temp-allocator-block-size=2097152"
    "memorysetup-job-temp-allocator-block-size-background=1048576"
    "memorysetup-job-temp-allocator-reduction-small-platforms=262144"
    "memorysetup-temp-allocator-size-background-worker=32768"
    "memorysetup-temp-allocator-size-job-worker=262144"
    "memorysetup-temp-allocator-size-preload-manager=33554432"
    "memorysetup-temp-allocator-size-nav-mesh-worker=65536"
    "memorysetup-temp-allocator-size-audio-worker=65536"
    "memorysetup-temp-allocator-size-cloud-worker=32768"
    "memorysetup-temp-allocator-size-gi-baking-worker=262144"
    "memorysetup-temp-allocator-size-gfx=262144"
Player connection [15208] Host "[IP] 172.28.28.182 [Port] 0 [Flags] 2 [Guid] 450554757 [EditorId] 450554757 [Version] 1048832 [Id] WindowsEditor(7,DESKTOP-VQ2PACT) [Debug] 1 [PackageName] WindowsEditor [ProjectName] Editor" joined multi-casting on [225.0.0.222:54997]...

Player connection [15208] Host "[IP] 172.28.28.182 [Port] 0 [Flags] 2 [Guid] 450554757 [EditorId] 450554757 [Version] 1048832 [Id] WindowsEditor(7,DESKTOP-VQ2PACT) [Debug] 1 [PackageName] WindowsEditor [ProjectName] Editor" joined alternative multi-casting on [225.0.0.222:34997]...

Refreshing native plugins compatible for Editor in 169.41 ms, found 4 plugins.
Preloading 0 native plugins for Editor in 0.00 ms.
Initialize engine version: 2021.3.16f1 (4016570cf34f)
[Subsystems] Discovering subsystems at path C:/Program Files/Unity/Hub/Editor/2021.3.16f1/Editor/Data/Resources/UnitySubsystems
[Subsystems] Discovering subsystems at path C:/Users/corne/My project/Assets
GfxDevice: creating device client; threaded=0; jobified=0
Direct3D:
    Version:  Direct3D 11.0 [level 11.1]
    Renderer: NVIDIA GeForce GTX 1070 (ID=0x1b81)
    Vendor:   NVIDIA
    VRAM:     8081 MB
    Driver:   31.0.15.3141
Initialize mono
Mono path[0] = 'C:/Program Files/Unity/Hub/Editor/2021.3.16f1/Editor/Data/Managed'
Mono path[1] = 'C:/Program Files/Unity/Hub/Editor/2021.3.16f1/Editor/Data/MonoBleedingEdge/lib/mono/unityjit-win32'
Mono config path = 'C:/Program Files/Unity/Hub/Editor/2021.3.16f1/Editor/Data/MonoBleedingEdge/etc'
Using monoOptions --debugger-agent=transport=dt_socket,embedding=1,server=y,suspend=n,address=127.0.0.1:56844
Begin MonoManager ReloadAssembly
Registering precompiled unity dll's ...
Register platform support module: C:/Program Files/Unity/Hub/Editor/2021.3.16f1/Editor/Data/PlaybackEngines/WindowsStandaloneSupport/UnityEditor.WindowsStandalone.Extensions.dll
Registered in 0.010855 seconds.
Native extension for WindowsStandalone target not found
Refreshing native plugins compatible for Editor in 104.57 ms, found 4 plugins.
Preloading 0 native plugins for Editor in 0.00 ms.
Mono: successfully reloaded assembly
- Completed reload, in  0.855 seconds
Domain Reload Profiling:
	ReloadAssembly (856ms)
		BeginReloadAssembly (137ms)
			ExecutionOrderSort (0ms)
			DisableScriptedObjects (0ms)
			BackupInstance (0ms)
			ReleaseScriptingObjects (0ms)
			CreateAndSetChildDomain (1ms)
		EndReloadAssembly (574ms)
			LoadAssemblies (132ms)
			RebuildTransferFunctionScriptingTraits (0ms)
			SetupTypeCache (121ms)
			ReleaseScriptCaches (0ms)
			RebuildScriptCaches (31ms)
			SetupLoadedEditorAssemblies (354ms)
				LogAssemblyErrors (0ms)
				InitializePlatformSupportModulesInManaged (10ms)
				SetLoadedEditorAssemblies (0ms)
				RefreshPlugins (105ms)
				BeforeProcessingInitializeOnLoad (1ms)
				ProcessInitializeOnLoadAttributes (186ms)
				ProcessInitializeOnLoadMethodAttributes (52ms)
				AfterProcessingInitializeOnLoad (0ms)
				EditorAssembliesLoaded (0ms)
			ExecutionOrderSort2 (0ms)
			AwakeInstancesAfterBackupRestoration (0ms)
Platform modules already initialized, skipping
Registering precompiled user dll's ...
Registered in 0.026859 seconds.
Begin MonoManager ReloadAssembly
Symbol file LoadedFromMemory doesn't match image C:\Users\corne\My project\Library\PackageCache\com.unity.visualscripting@1.7.8\Editor\VisualScripting.Core\Dependencies\YamlDotNet\Unity.VisualScripting.YamlDotNet.dll
Symbol file LoadedFromMemory doesn't match image C:\Users\corne\My project\Library\PackageCache\com.unity.visualscripting@1.7.8\Editor\VisualScripting.Core\Dependencies\DotNetZip\Unity.VisualScripting.IonicZip.dll
Native extension for WindowsStandalone target not found
Refreshing native plugins compatible for Editor in 100.21 ms, found 4 plugins.
Preloading 0 native plugins for Editor in 0.00 ms.
Mono: successfully reloaded assembly
- Completed reload, in  1.392 seconds
Domain Reload Profiling:
	ReloadAssembly (1393ms)
		BeginReloadAssembly (128ms)
			ExecutionOrderSort (0ms)
			DisableScriptedObjects (7ms)
			BackupInstance (0ms)
			ReleaseScriptingObjects (0ms)
			CreateAndSetChildDomain (20ms)
		EndReloadAssembly (1126ms)
			LoadAssemblies (185ms)
			RebuildTransferFunctionScriptingTraits (0ms)
			SetupTypeCache (264ms)
			ReleaseScriptCaches (1ms)
			RebuildScriptCaches (59ms)
			SetupLoadedEditorAssemblies (568ms)
				LogAssemblyErrors (0ms)
				InitializePlatformSupportModulesInManaged (6ms)
				SetLoadedEditorAssemblies (0ms)
				RefreshPlugins (100ms)
				BeforeProcessingInitializeOnLoad (111ms)
				ProcessInitializeOnLoadAttributes (283ms)
				ProcessInitializeOnLoadMethodAttributes (54ms)
				AfterProcessingInitializeOnLoad (13ms)
				EditorAssembliesLoaded (0ms)
			ExecutionOrderSort2 (0ms)
			AwakeInstancesAfterBackupRestoration (7ms)
Platform modules already initialized, skipping
========================================================================
Worker process is ready to serve import requests
Launched and connected shader compiler UnityShaderCompiler.exe after 0.07 seconds
Refreshing native plugins compatible for Editor in 1.03 ms, found 4 plugins.
Preloading 0 native plugins for Editor in 0.00 ms.
Unloading 4045 Unused Serialized files (Serialized files now loaded: 0)
Unloading 44 unused Assets / (229.0 KB). Loaded Objects now: 4495.
Memory consumption went from 150.7 MB to 150.4 MB.
Total: 4.131200 ms (FindLiveObjects: 0.420100 ms CreateObjectMapping: 0.103600 ms MarkObjects: 3.424800 ms  DeleteObjects: 0.181100 ms)

AssetImportParameters requested are different than current active one (requested -> active):
  custom:video-decoder-ogg-theora: a1e56fd34408186e4bbccfd4996cb3dc -> 
  custom:container-muxer-webm: aa71ff27fc2769a1b78a27578f13a17b -> 
  custom:container-demuxer-webm: 4f35f7cbe854078d1ac9338744f61a02 -> 
  custom:video-encoder-webm-vp8: eb34c28f22e8b96e1ab97ce403110664 -> 
  custom:audio-encoder-webm-vorbis: bf7c407c2cedff20999df2af8eb42d56 -> 
  custom:framework-win-MediaFoundation: 216162199b28c13a410421893ffa2e32 -> 
  custom:container-demuxer-ogg: 62fdf1f143b41e24485cea50d1cbac27 -> 
  custom:video-decoder-webm-vp8: 9c59270c3fd7afecdb556c50c9e8de78 -> 
  custom:audio-decoder-ogg-vorbis: bf7c407c2cedff20999df2af8eb42d56 -> 
========================================================================
Received Import Request.
  Time since last request: 333225.208630 seconds.
  path: Assets/BigManJD/Platformer Tileset - Pixelart Grasslands/Background/Background2.png
  artifactKey: Guid(3d7882fa7165d824d9173e4397f23c5f) Importer(815301076,1909f56bfc062723c751e8b465ee728b)
Start importing Assets/BigManJD/Platformer Tileset - Pixelart Grasslands/Background/Background2.png using Guid(3d7882fa7165d824d9173e4397f23c5f) Importer(815301076,1909f56bfc062723c751e8b465ee728b)  -> (artifact id: 'e5ff0d9efbda58faa455ea151776c65e') in 0.310552 seconds 
========================================================================
Received Import Request.
  Time since last request: 22.296797 seconds.
  path: Assets/BigManJD/Platformer Tileset - Pixelart Grasslands/Tile Palette/Tiles/DirtTiles_38.asset
  artifactKey: Guid(b4162b0ea33a12b4b8bdf79f7b2d3a60) Importer(815301076,1909f56bfc062723c751e8b465ee728b)
Start importing Assets/BigManJD/Platformer Tileset - Pixelart Grasslands/Tile Palette/Tiles/DirtTiles_38.asset using Guid(b4162b0ea33a12b4b8bdf79f7b2d3a60) Importer(815301076,1909f56bfc062723c751e8b465ee728b)  -> (artifact id: '8ae555c63386ca198eda57a667977002') in 0.033578 seconds 
========================================================================
Received Import Request.
  Time since last request: 0.000029 seconds.
  path: Assets/BigManJD/Platformer Tileset - Pixelart Grasslands/Tile Palette/Tiles/DirtTiles_42.asset
  artifactKey: Guid(a64acc11f05c02e41b34fedd3be1f231) Importer(815301076,1909f56bfc062723c751e8b465ee728b)
Start importing Assets/BigManJD/Platformer Tileset - Pixelart Grasslands/Tile Palette/Tiles/DirtTiles_42.asset using Guid(a64acc11f05c02e41b34fedd3be1f231) Importer(815301076,1909f56bfc062723c751e8b465ee728b)  -> (artifact id: '354308f9d97270d9e3032b355c10c264') in 0.023175 seconds 
========================================================================
Received Import Request.
  Time since last request: 0.000039 seconds.
  path: Assets/BigManJD/Platformer Tileset - Pixelart Grasslands/Tile Palette/Tiles/DirtTiles_65.asset
  artifactKey: Guid(34ea4951d47c4734d8b66eccc19f94ca) Importer(815301076,1909f56bfc062723c751e8b465ee728b)
Start importing Assets/BigManJD/Platformer Tileset - Pixelart Grasslands/Tile Palette/Tiles/DirtTiles_65.asset using Guid(34ea4951d47c4734d8b66eccc19f94ca) Importer(815301076,1909f56bfc062723c751e8b465ee728b)  -> (artifact id: 'ea0c23c446ce748d829669aaf4af6456') in 0.019613 seconds 
========================================================================
Received Import Request.
  Time since last request: 0.000054 seconds.
  path: Assets/BigManJD/Platformer Tileset - Pixelart Grasslands/Tile Palette/Tiles/DirtTiles_76.asset
  artifactKey: Guid(a59784795a5fe944bbd2e99d26f6cad4) Importer(815301076,1909f56bfc062723c751e8b465ee728b)
Start importing Assets/BigManJD/Platformer Tileset - Pixelart Grasslands/Tile Palette/Tiles/DirtTiles_76.asset using Guid(a59784795a5fe944bbd2e99d26f6cad4) Importer(815301076,1909f56bfc062723c751e8b465ee728b)  -> (artifact id: 'cb4a942b02f84b1a158e759247ef53dd') in 0.020054 seconds 
========================================================================
Received Import Request.
  Time since last request: 0.000036 seconds.
  path: Assets/BigManJD/Platformer Tileset - Pixelart Grasslands/Tile Palette/Tiles/DirtTiles_56.asset
  artifactKey: Guid(9fd35846c203e464db56c1b9e46f9cdf) Importer(815301076,1909f56bfc062723c751e8b465ee728b)
Start importing Assets/BigManJD/Platformer Tileset - Pixelart Grasslands/Tile Palette/Tiles/DirtTiles_56.asset using Guid(9fd35846c203e464db56c1b9e46f9cdf) Importer(815301076,1909f56bfc062723c751e8b465ee728b)  -> (artifact id: 'a17080f3d930a9de4d87d105f10df039') in 0.019680 seconds 
========================================================================
Received Import Request.
  Time since last request: 0.000049 seconds.
  path: Assets/BigManJD/Platformer Tileset - Pixelart Grasslands/Tile Palette/Tiles/DirtTiles_81.asset
  artifactKey: Guid(69328c9293354f942a3c8c14a1fb1722) Importer(815301076,1909f56bfc062723c751e8b465ee728b)
Start importing Assets/BigManJD/Platformer Tileset - Pixelart Grasslands/Tile Palette/Tiles/DirtTiles_81.asset using Guid(69328c9293354f942a3c8c14a1fb1722) Importer(815301076,1909f56bfc062723c751e8b465ee728b)  -> (artifact id: '094fe8e7d4fee09688ec55fce86a27da') in 0.025871 seconds 
========================================================================
Received Import Request.
  Time since last request: 0.000048 seconds.
  path: Assets/BigManJD/Platformer Tileset - Pixelart Grasslands/Tile Palette/Tiles/DirtTiles_95.asset
  artifactKey: Guid(0533252a46cfa4642bf02c18ac28cf28) Importer(815301076,1909f56bfc062723c751e8b465ee728b)
Start importing Assets/BigManJD/Platformer Tileset - Pixelart Grasslands/Tile Palette/Tiles/DirtTiles_95.asset using Guid(0533252a46cfa4642bf02c18ac28cf28) Importer(815301076,1909f56bfc062723c751e8b465ee728b)  -> (artifact id: 'a3299fa3cbf217f841b58b8ac1d912bf') in 0.023485 seconds 
========================================================================
Received Import Request.
  Time since last request: 0.000029 seconds.
  path: Assets/BigManJD/Platformer Tileset - Pixelart Grasslands/Tile Palette/Tiles/DirtTiles_61.asset
  artifactKey: Guid(328867b17e3988949af2ae656658bdce) Importer(815301076,1909f56bfc062723c751e8b465ee728b)
Start importing Assets/BigManJD/Platformer Tileset - Pixelart Grasslands/Tile Palette/Tiles/DirtTiles_61.asset using Guid(328867b17e3988949af2ae656658bdce) Importer(815301076,1909f56bfc062723c751e8b465ee728b)  -> (artifact id: 'c8741216ca3cdb15188b2dcf269be7ef') in 0.021919 seconds 
========================================================================
Received Import Request.
  Time since last request: 0.000035 seconds.
  path: Assets/BigManJD/Platformer Tileset - Pixelart Grasslands/Tile Palette/Tiles/DirtTiles_75.asset
  artifactKey: Guid(c469fecfb1f095f4bbb5b52e3080f06b) Importer(815301076,1909f56bfc062723c751e8b465ee728b)
Start importing Assets/BigManJD/Platformer Tileset - Pixelart Grasslands/Tile Palette/Tiles/DirtTiles_75.asset using Guid(c469fecfb1f095f4bbb5b52e3080f06b) Importer(815301076,1909f56bfc062723c751e8b465ee728b)  -> (artifact id: 'db97807b3b6f2d70feec5dd65146e99b') in 0.025018 seconds 
========================================================================
Received Import Request.
  Time since last request: 0.000028 seconds.
  path: Assets/BigManJD/Platformer Tileset - Pixelart Grasslands/Tile Palette/Tiles/DirtTiles_39.asset
  artifactKey: Guid(bce0f033de7b3374cb030a27475868e1) Importer(815301076,1909f56bfc062723c751e8b465ee728b)
Start importing Assets/BigManJD/Platformer Tileset - Pixelart Grasslands/Tile Palette/Tiles/DirtTiles_39.asset using Guid(bce0f033de7b3374cb030a27475868e1) Importer(815301076,1909f56bfc062723c751e8b465ee728b)  -> (artifact id: 'd3770b01a058790979b3f5a070854fe7') in 0.020403 seconds 
========================================================================
Received Import Request.
  Time since last request: 0.000023 seconds.
  path: Assets/BigManJD/Platformer Tileset - Pixelart Grasslands/Tile Palette/Tiles/DirtTiles_85.asset
  artifactKey: Guid(7dc54b5c40d83064bb2b8edd94f7b0cc) Importer(815301076,1909f56bfc062723c751e8b465ee728b)
Start importing Assets/BigManJD/Platformer Tileset - Pixelart Grasslands/Tile Palette/Tiles/DirtTiles_85.asset using Guid(7dc54b5c40d83064bb2b8edd94f7b0cc) Importer(815301076,1909f56bfc062723c751e8b465ee728b)  -> (artifact id: 'b9f770df73c34195bc04406097602cb6') in 0.023678 seconds 
========================================================================
Received Import Request.
  Time since last request: 0.000028 seconds.
  path: Assets/BigManJD/Platformer Tileset - Pixelart Grasslands/Tile Palette/Tiles/DirtTiles_84.asset
  artifactKey: Guid(3668c7a44594fe34ba26a47504ceb4eb) Importer(815301076,1909f56bfc062723c751e8b465ee728b)
Start importing Assets/BigManJD/Platformer Tileset - Pixelart Grasslands/Tile Palette/Tiles/DirtTiles_84.asset using Guid(3668c7a44594fe34ba26a47504ceb4eb) Importer(815301076,1909f56bfc062723c751e8b465ee728b)  -> (artifact id: '846023edfd45fe949ae661a63cd5703b') in 0.021601 seconds 
========================================================================
Received Import Request.
  Time since last request: 0.000052 seconds.
  path: Assets/BigManJD/Platformer Tileset - Pixelart Grasslands/Tile Palette/Tiles/DirtTiles_98.asset
  artifactKey: Guid(f582fe0ad5ce907448bc495ade582052) Importer(815301076,1909f56bfc062723c751e8b465ee728b)
Start importing Assets/BigManJD/Platformer Tileset - Pixelart Grasslands/Tile Palette/Tiles/DirtTiles_98.asset using Guid(f582fe0ad5ce907448bc495ade582052) Importer(815301076,1909f56bfc062723c751e8b465ee728b)  -> (artifact id: '8a8981d8852bb38751fbed8e3e3f72b9') in 0.021148 seconds 
========================================================================
Received Import Request.
  Time since last request: 0.000041 seconds.
  path: Assets/BigManJD/Platformer Tileset - Pixelart Grasslands/Tile Palette/Tiles/DirtTiles_50.asset
  artifactKey: Guid(009b27859b12ac045b73d166e7bb5bde) Importer(815301076,1909f56bfc062723c751e8b465ee728b)
Start importing Assets/BigManJD/Platformer Tileset - Pixelart Grasslands/Tile Palette/Tiles/DirtTiles_50.asset using Guid(009b27859b12ac045b73d166e7bb5bde) Importer(815301076,1909f56bfc062723c751e8b465ee728b)  -> (artifact id: '1c61526868f5ebb9467c26b1f2ac035b') in 0.020716 seconds 
========================================================================
Received Import Request.
  Time since last request: 0.000037 seconds.
  path: Assets/BigManJD/Platformer Tileset - Pixelart Grasslands/Tile Palette/Tiles/DirtTiles_99.asset
  artifactKey: Guid(c558d3817703e1646accc8eb098d7698) Importer(815301076,1909f56bfc062723c751e8b465ee728b)
Start importing Assets/BigManJD/Platformer Tileset - Pixelart Grasslands/Tile Palette/Tiles/DirtTiles_99.asset using Guid(c558d3817703e1646accc8eb098d7698) Importer(815301076,1909f56bfc062723c751e8b465ee728b)  -> (artifact id: '0e10062465257b052117d46fbee8d585') in 0.023246 seconds 
========================================================================
Received Import Request.
  Time since last request: 0.000022 seconds.
  path: Assets/BigManJD/Platformer Tileset - Pixelart Grasslands/Tile Palette/Tiles/DirtTiles_87.asset
  artifactKey: Guid(c6d37ba9c7fb7a64090c075b01561e62) Importer(815301076,1909f56bfc062723c751e8b465ee728b)
Start importing Assets/BigManJD/Platformer Tileset - Pixelart Grasslands/Tile Palette/Tiles/DirtTiles_87.asset using Guid(c6d37ba9c7fb7a64090c075b01561e62) Importer(815301076,1909f56bfc062723c751e8b465ee728b)  -> (artifact id: '90c7e675079ca206b24cc7975e289dce') in 0.023962 seconds 
========================================================================
Received Import Request.
  Time since last request: 0.000038 seconds.
  path: Assets/BigManJD/Platformer Tileset - Pixelart Grasslands/Tile Palette/Tiles/DirtTiles_43.asset
  artifactKey: Guid(329f708a11a1afd4e8c1732708a668c5) Importer(815301076,1909f56bfc062723c751e8b465ee728b)
Start importing Assets/BigManJD/Platformer Tileset - Pixelart Grasslands/Tile Palette/Tiles/DirtTiles_43.asset using Guid(329f708a11a1afd4e8c1732708a668c5) Importer(815301076,1909f56bfc062723c751e8b465ee728b)  -> (artifact id: '258804015440e6192a386778557eb4a8') in 0.023607 seconds 
========================================================================
Received Import Request.
  Time since last request: 0.000035 seconds.
  path: Assets/BigManJD/Platformer Tileset - Pixelart Grasslands/Tile Palette/Tiles/DirtTiles_89.asset
  artifactKey: Guid(468f3aebd8709ad42ab545653ef7ce0e) Importer(815301076,1909f56bfc062723c751e8b465ee728b)
Start importing Assets/BigManJD/Platformer Tileset - Pixelart Grasslands/Tile Palette/Tiles/DirtTiles_89.asset using Guid(468f3aebd8709ad42ab545653ef7ce0e) Importer(815301076,1909f56bfc062723c751e8b465ee728b)  -> (artifact id: 'ae3b1bdb502abd667ae14803f171e64c') in 0.022779 seconds 
========================================================================
Received Import Request.
  Time since last request: 0.000047 seconds.
  path: Assets/BigManJD/Platformer Tileset - Pixelart Grasslands/Tile Palette/Tiles/DirtTiles_48.asset
  artifactKey: Guid(16fed9c63bdbd7049b2d07bc52825d3f) Importer(815301076,1909f56bfc062723c751e8b465ee728b)
Start importing Assets/BigManJD/Platformer Tileset - Pixelart Grasslands/Tile Palette/Tiles/DirtTiles_48.asset using Guid(16fed9c63bdbd7049b2d07bc52825d3f) Importer(815301076,1909f56bfc062723c751e8b465ee728b)  -> (artifact id: 'a9d46f0a7a4ed8bbfffb7561f455e407') in 0.026079 seconds 
========================================================================
Received Import Request.
  Time since last request: 0.000032 seconds.
  path: Assets/BigManJD/Platformer Tileset - Pixelart Grasslands/Tile Palette/Tiles/DirtTiles_67.asset
  artifactKey: Guid(84fcc6505022dc444badb94fa70bac3c) Importer(815301076,1909f56bfc062723c751e8b465ee728b)
Start importing Assets/BigManJD/Platformer Tileset - Pixelart Grasslands/Tile Palette/Tiles/DirtTiles_67.asset using Guid(84fcc6505022dc444badb94fa70bac3c) Importer(815301076,1909f56bfc062723c751e8b465ee728b)  -> (artifact id: '8ff1587189d593622c0bea8a8f67fe13') in 0.020672 seconds 
========================================================================
Received Import Request.
  Time since last request: 0.000043 seconds.
  path: Assets/BigManJD/Platformer Tileset - Pixelart Grasslands/Tile Palette/Tiles/DirtTiles_83.asset
  artifactKey: Guid(62b24e8d88a87f7428ab5d72aa1a202d) Importer(815301076,1909f56bfc062723c751e8b465ee728b)
Start importing Assets/BigManJD/Platformer Tileset - Pixelart Grasslands/Tile Palette/Tiles/DirtTiles_83.asset using Guid(62b24e8d88a87f7428ab5d72aa1a202d) Importer(815301076,1909f56bfc062723c751e8b465ee728b)  -> (artifact id: 'bae7776d465f2a0ffbf79e2d6689fea7') in 0.018470 seconds 
========================================================================
Received Import Request.
  Time since last request: 0.799392 seconds.
  path: Assets/BigManJD/Platformer Tileset - Pixelart Grasslands/Tile Palette/Tiles/GrassTiles_2.asset
  artifactKey: Guid(a011ed0d58779144cbb147c2ac06380e) Importer(815301076,1909f56bfc062723c751e8b465ee728b)
Start importing Assets/BigManJD/Platformer Tileset - Pixelart Grasslands/Tile Palette/Tiles/GrassTiles_2.asset using Guid(a011ed0d58779144cbb147c2ac06380e) Importer(815301076,1909f56bfc062723c751e8b465ee728b)  -> (artifact id: '59bda259af9a12a8a7b5083ec0ebc5e7') in 0.023575 seconds 
========================================================================
Received Import Request.
  Time since last request: 0.000139 seconds.
  path: Assets/BigManJD/Platformer Tileset - Pixelart Grasslands/Tile Palette/Tiles/GrassTiles_7.asset
  artifactKey: Guid(f187e7d2aaa95974ca554dabbbf95994) Importer(815301076,1909f56bfc062723c751e8b465ee728b)
Start importing Assets/BigManJD/Platformer Tileset - Pixelart Grasslands/Tile Palette/Tiles/GrassTiles_7.asset using Guid(f187e7d2aaa95974ca554dabbbf95994) Importer(815301076,1909f56bfc062723c751e8b465ee728b)  -> (artifact id: '440a1a5764f1f48a710a8dce8d166a3e') in 0.021961 seconds 
========================================================================
Received Import Request.
  Time since last request: 0.000047 seconds.
  path: Assets/BigManJD/Platformer Tileset - Pixelart Grasslands/Tile Palette/Tiles/GrassTiles_14.asset
  artifactKey: Guid(23c9d6306b574cc41bd8fb6293553f71) Importer(815301076,1909f56bfc062723c751e8b465ee728b)
Start importing Assets/BigManJD/Platformer Tileset - Pixelart Grasslands/Tile Palette/Tiles/GrassTiles_14.asset using Guid(23c9d6306b574cc41bd8fb6293553f71) Importer(815301076,1909f56bfc062723c751e8b465ee728b)  -> (artifact id: 'f038ae6c6cae49ffa0b527850f24539a') in 0.020236 seconds 
========================================================================
Received Import Request.
  Time since last request: 0.000056 seconds.
  path: Assets/BigManJD/Platformer Tileset - Pixelart Grasslands/Tile Palette/Tiles/GrassTiles_15.asset
  artifactKey: Guid(58e6458a7f3a78644a240b0889d9d4cf) Importer(815301076,1909f56bfc062723c751e8b465ee728b)
Start importing Assets/BigManJD/Platformer Tileset - Pixelart Grasslands/Tile Palette/Tiles/GrassTiles_15.asset using Guid(58e6458a7f3a78644a240b0889d9d4cf) Importer(815301076,1909f56bfc062723c751e8b465ee728b)  -> (artifact id: 'cd5a2d1ee454302ae7732f041718d008') in 0.020654 seconds 
========================================================================
Received Import Request.
  Time since last request: 0.000022 seconds.
  path: Assets/BigManJD/Platformer Tileset - Pixelart Grasslands/Tile Palette/Tiles/GrassTiles_4.asset
  artifactKey: Guid(8f2dca7b22c9cc54d9bd1cd71f415f57) Importer(815301076,1909f56bfc062723c751e8b465ee728b)
Start importing Assets/BigManJD/Platformer Tileset - Pixelart Grasslands/Tile Palette/Tiles/GrassTiles_4.asset using Guid(8f2dca7b22c9cc54d9bd1cd71f415f57) Importer(815301076,1909f56bfc062723c751e8b465ee728b)  -> (artifact id: '817cd00a7618aa2f449cdd3e83a705a1') in 0.021970 seconds 
========================================================================
Received Import Request.
  Time since last request: 0.040461 seconds.
  path: Assets/BigManJD/Platformer Tileset - Pixelart Grasslands/Tile Palette/Tiles/GrassTiles_18.asset
  artifactKey: Guid(2f32b925cbaf4e744acca0f5d72a6e18) Importer(815301076,1909f56bfc062723c751e8b465ee728b)
Start importing Assets/BigManJD/Platformer Tileset - Pixelart Grasslands/Tile Palette/Tiles/GrassTiles_18.asset using Guid(2f32b925cbaf4e744acca0f5d72a6e18) Importer(815301076,1909f56bfc062723c751e8b465ee728b)  -> (artifact id: 'c249e43b37f6fc39c96e9da6eb89eeaa') in 0.017365 seconds 
========================================================================
Received Import Request.
  Time since last request: 0.000028 seconds.
  path: Assets/BigManJD/Platformer Tileset - Pixelart Grasslands/Tile Palette/Tiles/GrassTiles_19.asset
  artifactKey: Guid(3c13cbc1524eef94dbe9452b08d5962f) Importer(815301076,1909f56bfc062723c751e8b465ee728b)
Start importing Assets/BigManJD/Platformer Tileset - Pixelart Grasslands/Tile Palette/Tiles/GrassTiles_19.asset using Guid(3c13cbc1524eef94dbe9452b08d5962f) Importer(815301076,1909f56bfc062723c751e8b465ee728b)  -> (artifact id: 'df114855d1616e347b4c12a56621083c') in 0.018498 seconds 
========================================================================
Received Import Request.
  Time since last request: 0.000037 seconds.
  path: Assets/BigManJD/Platformer Tileset - Pixelart Grasslands/Tile Palette/Tiles/GrassTiles_21.asset
  artifactKey: Guid(2bc28e327ece77349a0cfc559f8f0edc) Importer(815301076,1909f56bfc062723c751e8b465ee728b)
Start importing Assets/BigManJD/Platformer Tileset - Pixelart Grasslands/Tile Palette/Tiles/GrassTiles_21.asset using Guid(2bc28e327ece77349a0cfc559f8f0edc) Importer(815301076,1909f56bfc062723c751e8b465ee728b)  -> (artifact id: '97824b7046df19bc2b0a0446a49a016d') in 0.019388 seconds 
========================================================================
Received Import Request.
  Time since last request: 0.000029 seconds.
  path: Assets/BigManJD/Platformer Tileset - Pixelart Grasslands/Tile Palette/Tiles/GrassTiles_24.asset
  artifactKey: Guid(9b0ee592c6130b240aefba771c130cf0) Importer(815301076,1909f56bfc062723c751e8b465ee728b)
Start importing Assets/BigManJD/Platformer Tileset - Pixelart Grasslands/Tile Palette/Tiles/GrassTiles_24.asset using Guid(9b0ee592c6130b240aefba771c130cf0) Importer(815301076,1909f56bfc062723c751e8b465ee728b)  -> (artifact id: '5126bb892938c444925ee9684393882d') in 0.017510 seconds 
========================================================================
Received Import Request.
  Time since last request: 0.000071 seconds.
  path: Assets/BigManJD/Platformer Tileset - Pixelart Grasslands/Tile Palette/Tiles/GrassTiles_36.asset
  artifactKey: Guid(3bde50c3ad992024f9d9e1e27d664114) Importer(815301076,1909f56bfc062723c751e8b465ee728b)
Start importing Assets/BigManJD/Platformer Tileset - Pixelart Grasslands/Tile Palette/Tiles/GrassTiles_36.asset using Guid(3bde50c3ad992024f9d9e1e27d664114) Importer(815301076,1909f56bfc062723c751e8b465ee728b)  -> (artifact id: '7dbfa6fb75c78200a63bc623aa186fe4') in 0.016863 seconds 
========================================================================
Received Import Request.
  Time since last request: 0.000045 seconds.
  path: Assets/BigManJD/Platformer Tileset - Pixelart Grasslands/Tile Palette/Tiles/GrassTiles_39.asset
  artifactKey: Guid(a84c6598c0ab9674a9ca7509070481ce) Importer(815301076,1909f56bfc062723c751e8b465ee728b)
Start importing Assets/BigManJD/Platformer Tileset - Pixelart Grasslands/Tile Palette/Tiles/GrassTiles_39.asset using Guid(a84c6598c0ab9674a9ca7509070481ce) Importer(815301076,1909f56bfc062723c751e8b465ee728b)  -> (artifact id: 'd30c81feb6c7cf594971fd5ca08f4310') in 0.019412 seconds 
========================================================================
Received Import Request.
  Time since last request: 0.000037 seconds.
  path: Assets/BigManJD/Platformer Tileset - Pixelart Grasslands/Tile Palette/Tiles/GrassTiles_33.asset
  artifactKey: Guid(a0c759f7ff853e74dbd673476fe0acd9) Importer(815301076,1909f56bfc062723c751e8b465ee728b)
Start importing Assets/BigManJD/Platformer Tileset - Pixelart Grasslands/Tile Palette/Tiles/GrassTiles_33.asset using Guid(a0c759f7ff853e74dbd673476fe0acd9) Importer(815301076,1909f56bfc062723c751e8b465ee728b)  -> (artifact id: '216725d2da88ba1f59870b376262d850') in 0.017070 seconds 
========================================================================
Received Import Request.
  Time since last request: 0.000033 seconds.
  path: Assets/BigManJD/Platformer Tileset - Pixelart Grasslands/Tile Palette/Tiles/GrassTiles_45.asset
  artifactKey: Guid(5a3ba9b980697dd4e883afd7f0f5ba4b) Importer(815301076,1909f56bfc062723c751e8b465ee728b)
Start importing Assets/BigManJD/Platformer Tileset - Pixelart Grasslands/Tile Palette/Tiles/GrassTiles_45.asset using Guid(5a3ba9b980697dd4e883afd7f0f5ba4b) Importer(815301076,1909f56bfc062723c751e8b465ee728b)  -> (artifact id: 'e054f0c199e76b1aec7a4b281edcc502') in 0.019863 seconds 
========================================================================
Received Import Request.
  Time since last request: 0.000034 seconds.
  path: Assets/BigManJD/Platformer Tileset - Pixelart Grasslands/Tile Palette/Tiles/GrassTiles_46.asset
  artifactKey: Guid(364c2434f414249498efcd23b64a1580) Importer(815301076,1909f56bfc062723c751e8b465ee728b)
Start importing Assets/BigManJD/Platformer Tileset - Pixelart Grasslands/Tile Palette/Tiles/GrassTiles_46.asset using Guid(364c2434f414249498efcd23b64a1580) Importer(815301076,1909f56bfc062723c751e8b465ee728b)  -> (artifact id: 'c2bc9f5beb13aecb6eda5529ff9e4873') in 0.018898 seconds 
========================================================================
Received Import Request.
  Time since last request: 0.000029 seconds.
  path: Assets/BigManJD/Platformer Tileset - Pixelart Grasslands/Tile Palette/Tiles/GrassTiles_29.asset
  artifactKey: Guid(3185a415739975e4eb2338bd61af93c8) Importer(815301076,1909f56bfc062723c751e8b465ee728b)
Start importing Assets/BigManJD/Platformer Tileset - Pixelart Grasslands/Tile Palette/Tiles/GrassTiles_29.asset using Guid(3185a415739975e4eb2338bd61af93c8) Importer(815301076,1909f56bfc062723c751e8b465ee728b)  -> (artifact id: '805c9625bde3a21685477f40c4855201') in 0.022675 seconds 
========================================================================
Received Import Request.
  Time since last request: 0.000028 seconds.
  path: Assets/BigManJD/Platformer Tileset - Pixelart Grasslands/Tile Palette/Tiles/GrassTiles_38.asset
  artifactKey: Guid(4c6ea177ee723fe418aae54792e3570b) Importer(815301076,1909f56bfc062723c751e8b465ee728b)
Start importing Assets/BigManJD/Platformer Tileset - Pixelart Grasslands/Tile Palette/Tiles/GrassTiles_38.asset using Guid(4c6ea177ee723fe418aae54792e3570b) Importer(815301076,1909f56bfc062723c751e8b465ee728b)  -> (artifact id: '63c6accfd5b37b1f9882e6fcb46ec5f0') in 0.015095 seconds 
========================================================================
Received Import Request.
  Time since last request: 0.493534 seconds.
  path: Assets/BigManJD/Platformer Tileset - Pixelart Grasslands/Tile Palette/Tiles/GrassTiles_50.asset
  artifactKey: Guid(1b5e9a6216028454aaedcf1ea99426da) Importer(815301076,1909f56bfc062723c751e8b465ee728b)
Start importing Assets/BigManJD/Platformer Tileset - Pixelart Grasslands/Tile Palette/Tiles/GrassTiles_50.asset using Guid(1b5e9a6216028454aaedcf1ea99426da) Importer(815301076,1909f56bfc062723c751e8b465ee728b)  -> (artifact id: '576a8073b1df1b7503797177868c5c60') in 0.016666 seconds 
========================================================================
Received Import Request.
  Time since last request: 0.000031 seconds.
  path: Assets/BigManJD/Platformer Tileset - Pixelart Grasslands/Tile Palette/Tiles/GrassTiles_51.asset
  artifactKey: Guid(e13f3eb3072978c40963808c71d76d48) Importer(815301076,1909f56bfc062723c751e8b465ee728b)
Start importing Assets/BigManJD/Platformer Tileset - Pixelart Grasslands/Tile Palette/Tiles/GrassTiles_51.asset using Guid(e13f3eb3072978c40963808c71d76d48) Importer(815301076,1909f56bfc062723c751e8b465ee728b)  -> (artifact id: '7c6f60acbd9bbeb4ab5b328f86b231d9') in 0.016742 seconds 
========================================================================
Received Import Request.
  Time since last request: 0.000042 seconds.
  path: Assets/BigManJD/Platformer Tileset - Pixelart Grasslands/Tile Palette/Tiles/GrassTiles_55.asset
  artifactKey: Guid(77c98996ec43a31458f82728fb15f868) Importer(815301076,1909f56bfc062723c751e8b465ee728b)
Start importing Assets/BigManJD/Platformer Tileset - Pixelart Grasslands/Tile Palette/Tiles/GrassTiles_55.asset using Guid(77c98996ec43a31458f82728fb15f868) Importer(815301076,1909f56bfc062723c751e8b465ee728b)  -> (artifact id: '073ef62f13a42c78f5f6036ef06035da') in 0.017652 seconds 
========================================================================
Received Import Request.
  Time since last request: 0.000057 seconds.
  path: Assets/BigManJD/Platformer Tileset - Pixelart Grasslands/Tile Palette/Tiles/GrassTiles_54.asset
  artifactKey: Guid(dd6663eeb1a7f12448c5759c9e747849) Importer(815301076,1909f56bfc062723c751e8b465ee728b)
Start importing Assets/BigManJD/Platformer Tileset - Pixelart Grasslands/Tile Palette/Tiles/GrassTiles_54.asset using Guid(dd6663eeb1a7f12448c5759c9e747849) Importer(815301076,1909f56bfc062723c751e8b465ee728b)  -> (artifact id: '52c73832a006bd79efbb10329f5f1604') in 0.020090 seconds 
========================================================================
Received Import Request.
  Time since last request: 0.000047 seconds.
  path: Assets/BigManJD/Platformer Tileset - Pixelart Grasslands/Tile Palette/Tiles/GrassTiles_74.asset
  artifactKey: Guid(59926535ae4470349ae5cec4600a572f) Importer(815301076,1909f56bfc062723c751e8b465ee728b)
Start importing Assets/BigManJD/Platformer Tileset - Pixelart Grasslands/Tile Palette/Tiles/GrassTiles_74.asset using Guid(59926535ae4470349ae5cec4600a572f) Importer(815301076,1909f56bfc062723c751e8b465ee728b)  -> (artifact id: '6434cbf8aee89fc1df5772e25d146882') in 0.016309 seconds 
========================================================================
Received Import Request.
  Time since last request: 0.000039 seconds.
  path: Assets/BigManJD/Platformer Tileset - Pixelart Grasslands/Tile Palette/Tiles/GrassTiles_60.asset
  artifactKey: Guid(29427483e46d51a4aa4e8bb19c510608) Importer(815301076,1909f56bfc062723c751e8b465ee728b)
Start importing Assets/BigManJD/Platformer Tileset - Pixelart Grasslands/Tile Palette/Tiles/GrassTiles_60.asset using Guid(29427483e46d51a4aa4e8bb19c510608) Importer(815301076,1909f56bfc062723c751e8b465ee728b)  -> (artifact id: '9a6efd81f74e50fabc128c62a291cc1c') in 0.017947 seconds 
========================================================================
Received Import Request.
  Time since last request: 0.000038 seconds.
  path: Assets/BigManJD/Platformer Tileset - Pixelart Grasslands/Tile Palette/Tiles/GrassTiles_68.asset
  artifactKey: Guid(e8c92d709e4ad1c46b522a7de35d7fb2) Importer(815301076,1909f56bfc062723c751e8b465ee728b)
Start importing Assets/BigManJD/Platformer Tileset - Pixelart Grasslands/Tile Palette/Tiles/GrassTiles_68.asset using Guid(e8c92d709e4ad1c46b522a7de35d7fb2) Importer(815301076,1909f56bfc062723c751e8b465ee728b)  -> (artifact id: '4b703a959227def1080eca62507b6d1a') in 0.018080 seconds 
========================================================================
Received Import Request.
  Time since last request: 0.000046 seconds.
  path: Assets/BigManJD/Platformer Tileset - Pixelart Grasslands/Tile Palette/Tiles/GrassTiles_56.asset
  artifactKey: Guid(972bb5b4cdb2e8c4b85e44f3cf0c958b) Importer(815301076,1909f56bfc062723c751e8b465ee728b)
Start importing Assets/BigManJD/Platformer Tileset - Pixelart Grasslands/Tile Palette/Tiles/GrassTiles_56.asset using Guid(972bb5b4cdb2e8c4b85e44f3cf0c958b) Importer(815301076,1909f56bfc062723c751e8b465ee728b)  -> (artifact id: '766097c975af20661788fdcc87c2995e') in 0.017395 seconds 
========================================================================
Received Import Request.
  Time since last request: 0.000044 seconds.
  path: Assets/BigManJD/Platformer Tileset - Pixelart Grasslands/Tile Palette/Tiles/GrassTiles_61.asset
  artifactKey: Guid(173ff2b5baabd4641b441f9f0856a30a) Importer(815301076,1909f56bfc062723c751e8b465ee728b)
Start importing Assets/BigManJD/Platformer Tileset - Pixelart Grasslands/Tile Palette/Tiles/GrassTiles_61.asset using Guid(173ff2b5baabd4641b441f9f0856a30a) Importer(815301076,1909f56bfc062723c751e8b465ee728b)  -> (artifact id: '5b4b7e38bac9464bbbd175aa6d272ec3') in 0.016464 seconds 
========================================================================
Received Import Request.
  Time since last request: 0.000047 seconds.
  path: Assets/BigManJD/Platformer Tileset - Pixelart Grasslands/Tile Palette/Tiles/GrassTiles_70.asset
  artifactKey: Guid(e1440b76d34cadf499c5338164e0ee59) Importer(815301076,1909f56bfc062723c751e8b465ee728b)
Start importing Assets/BigManJD/Platformer Tileset - Pixelart Grasslands/Tile Palette/Tiles/GrassTiles_70.asset using Guid(e1440b76d34cadf499c5338164e0ee59) Importer(815301076,1909f56bfc062723c751e8b465ee728b)  -> (artifact id: '2cf595a977f6ebe05d295738ecdddad8') in 0.017796 seconds 
========================================================================
Received Import Request.
  Time since last request: 0.200751 seconds.
  path: Assets/BigManJD/Platformer Tileset - Pixelart Grasslands/Tile Palette/Tiles/GrassTiles_82.asset
  artifactKey: Guid(af3dcb5564c8e454a834fc8cf60edeb3) Importer(815301076,1909f56bfc062723c751e8b465ee728b)
Start importing Assets/BigManJD/Platformer Tileset - Pixelart Grasslands/Tile Palette/Tiles/GrassTiles_82.asset using Guid(af3dcb5564c8e454a834fc8cf60edeb3) Importer(815301076,1909f56bfc062723c751e8b465ee728b)  -> (artifact id: 'b61440443754389892933f3ba91ba756') in 0.016110 seconds 
========================================================================
Received Import Request.
  Time since last request: 0.000049 seconds.
  path: Assets/BigManJD/Platformer Tileset - Pixelart Grasslands/Tile Palette/Tiles/GrassTiles_86.asset
  artifactKey: Guid(6b0c3d3c1ffa1cf46a61a588c9f4db9a) Importer(815301076,1909f56bfc062723c751e8b465ee728b)
Start importing Assets/BigManJD/Platformer Tileset - Pixelart Grasslands/Tile Palette/Tiles/GrassTiles_86.asset using Guid(6b0c3d3c1ffa1cf46a61a588c9f4db9a) Importer(815301076,1909f56bfc062723c751e8b465ee728b)  -> (artifact id: '6419e93a5984d09c45a20165841f273a') in 0.018879 seconds 
========================================================================
Received Import Request.
  Time since last request: 0.000031 seconds.
  path: Assets/BigManJD/Platformer Tileset - Pixelart Grasslands/Tile Palette/Tiles/GrassTiles_85.asset
  artifactKey: Guid(aa2f7daf5ee20634fae00999c988aa84) Importer(815301076,1909f56bfc062723c751e8b465ee728b)
Start importing Assets/BigManJD/Platformer Tileset - Pixelart Grasslands/Tile Palette/Tiles/GrassTiles_85.asset using Guid(aa2f7daf5ee20634fae00999c988aa84) Importer(815301076,1909f56bfc062723c751e8b465ee728b)  -> (artifact id: 'c06cfbcc2155dd85010743b98026d50b') in 0.018424 seconds 
========================================================================
Received Import Request.
  Time since last request: 0.000028 seconds.
  path: Assets/BigManJD/Platformer Tileset - Pixelart Grasslands/Tile Palette/Tiles/GrassTiles_97.asset
  artifactKey: Guid(7214ca6f198eb3b4bbf80ce2f041cbff) Importer(815301076,1909f56bfc062723c751e8b465ee728b)
Start importing Assets/BigManJD/Platformer Tileset - Pixelart Grasslands/Tile Palette/Tiles/GrassTiles_97.asset using Guid(7214ca6f198eb3b4bbf80ce2f041cbff) Importer(815301076,1909f56bfc062723c751e8b465ee728b)  -> (artifact id: '51b45075250cdb0f8f380735844d319d') in 0.019886 seconds 
========================================================================
Received Import Request.
  Time since last request: 0.000025 seconds.
  path: Assets/BigManJD/Platformer Tileset - Pixelart Grasslands/Tile Palette/Tiles/GrassTiles_89.asset
  artifactKey: Guid(60557a94f37fc6448a528249a664350a) Importer(815301076,1909f56bfc062723c751e8b465ee728b)
Start importing Assets/BigManJD/Platformer Tileset - Pixelart Grasslands/Tile Palette/Tiles/GrassTiles_89.asset using Guid(60557a94f37fc6448a528249a664350a) Importer(815301076,1909f56bfc062723c751e8b465ee728b)  -> (artifact id: 'df520fd7e63856ff94d58a94b4194e73') in 0.017025 seconds 
========================================================================
Received Import Request.
  Time since last request: 0.000041 seconds.
  path: Assets/BigManJD/Platformer Tileset - Pixelart Grasslands/Tile Palette/Tiles/SpikeTiles_5.asset
  artifactKey: Guid(327f5258599bb714e9d009daa6f16332) Importer(815301076,1909f56bfc062723c751e8b465ee728b)
Start importing Assets/BigManJD/Platformer Tileset - Pixelart Grasslands/Tile Palette/Tiles/SpikeTiles_5.asset using Guid(327f5258599bb714e9d009daa6f16332) Importer(815301076,1909f56bfc062723c751e8b465ee728b)  -> (artifact id: '8e94d0490481d0ae5180a9fe55becb3e') in 0.019923 seconds 
========================================================================
Received Import Request.
  Time since last request: 0.000034 seconds.
  path: Assets/BigManJD/Platformer Tileset - Pixelart Grasslands/Tile Palette/Tiles/GrassTiles_104.asset
  artifactKey: Guid(3f6096760d3ca0d449d29c6a2a612e2b) Importer(815301076,1909f56bfc062723c751e8b465ee728b)
Start importing Assets/BigManJD/Platformer Tileset - Pixelart Grasslands/Tile Palette/Tiles/GrassTiles_104.asset using Guid(3f6096760d3ca0d449d29c6a2a612e2b) Importer(815301076,1909f56bfc062723c751e8b465ee728b)  -> (artifact id: 'd22e4ad700498ae6182f1481f411ead6') in 0.021269 seconds 
========================================================================
Received Import Request.
  Time since last request: 0.000024 seconds.
  path: Assets/BigManJD/Platformer Tileset - Pixelart Grasslands/Tile Palette/Tiles/GrassTiles_105.asset
  artifactKey: Guid(e8ffa16c507f67b4cbe18532e9f0575c) Importer(815301076,1909f56bfc062723c751e8b465ee728b)
Start importing Assets/BigManJD/Platformer Tileset - Pixelart Grasslands/Tile Palette/Tiles/GrassTiles_105.asset using Guid(e8ffa16c507f67b4cbe18532e9f0575c) Importer(815301076,1909f56bfc062723c751e8b465ee728b)  -> (artifact id: 'e2b12a45d2284a3cd63b6835520549de') in 0.019074 seconds 
========================================================================
Received Import Request.
  Time since last request: 0.000024 seconds.
  path: Assets/BigManJD/Platformer Tileset - Pixelart Grasslands/Tile Palette/Tiles/GrassTiles_87.asset
  artifactKey: Guid(7f5f18b45b639094ebdd34d7a99e8381) Importer(815301076,1909f56bfc062723c751e8b465ee728b)
Start importing Assets/BigManJD/Platformer Tileset - Pixelart Grasslands/Tile Palette/Tiles/GrassTiles_87.asset using Guid(7f5f18b45b639094ebdd34d7a99e8381) Importer(815301076,1909f56bfc062723c751e8b465ee728b)  -> (artifact id: '9900788cc3dc8cd1f2d05e709618d804') in 0.020084 seconds 
========================================================================
Received Import Request.
  Time since last request: 0.000027 seconds.
  path: Assets/BigManJD/Platformer Tileset - Pixelart Grasslands/Tile Palette/Tiles/GrassTiles_88.asset
  artifactKey: Guid(0aeb8391f1593a847a7961c9b77bf3c3) Importer(815301076,1909f56bfc062723c751e8b465ee728b)
Start importing Assets/BigManJD/Platformer Tileset - Pixelart Grasslands/Tile Palette/Tiles/GrassTiles_88.asset using Guid(0aeb8391f1593a847a7961c9b77bf3c3) Importer(815301076,1909f56bfc062723c751e8b465ee728b)  -> (artifact id: '5c29cd198d2ce15a1a7ab316d9f995a5') in 0.024695 seconds 
========================================================================
Received Import Request.
  Time since last request: 0.000038 seconds.
  path: Assets/BigManJD/Platformer Tileset - Pixelart Grasslands/Tile Palette/Tiles/GrassTiles_95.asset
  artifactKey: Guid(71b096e5cc4ad3d4b9736274dba8b7e1) Importer(815301076,1909f56bfc062723c751e8b465ee728b)
Start importing Assets/BigManJD/Platformer Tileset - Pixelart Grasslands/Tile Palette/Tiles/GrassTiles_95.asset using Guid(71b096e5cc4ad3d4b9736274dba8b7e1) Importer(815301076,1909f56bfc062723c751e8b465ee728b)  -> (artifact id: 'a92e7a5dc00046998c5060f524d5b931') in 0.021646 seconds 
========================================================================
Received Import Request.
  Time since last request: 114.570826 seconds.
  path: Assets/Pixel Adventure 1/Assets/Terrain/Terrain Sliced (16x16).png
  artifactKey: Guid(fc584d329b77b9545b9c9c8bb829e553) Importer(815301076,1909f56bfc062723c751e8b465ee728b)
Start importing Assets/Pixel Adventure 1/Assets/Terrain/Terrain Sliced (16x16).png using Guid(fc584d329b77b9545b9c9c8bb829e553) Importer(815301076,1909f56bfc062723c751e8b465ee728b)  -> (artifact id: 'abf033375f7c8fceb4e30d55774eeceb') in 0.165431 seconds 
========================================================================
Received Import Request.
  Time since last request: 743.047195 seconds.
  path: Assets/Pixel Adventure 1/Assets/Background/Brown.png
  artifactKey: Guid(ca6a66f8e2ae9c24c8c6b39c49206a0d) Importer(815301076,1909f56bfc062723c751e8b465ee728b)
Start importing Assets/Pixel Adventure 1/Assets/Background/Brown.png using Guid(ca6a66f8e2ae9c24c8c6b39c49206a0d) Importer(815301076,1909f56bfc062723c751e8b465ee728b)  -> (artifact id: '4571f66d8bfa4449bac37abfe647b038') in 0.031420 seconds 
========================================================================
Received Import Request.
  Time since last request: 0.000055 seconds.
  path: Assets/Pixel Adventure 1/Assets/Background/Gray.png
  artifactKey: Guid(ffc80c129c9aca14c9fb4dbeba0e10d2) Importer(815301076,1909f56bfc062723c751e8b465ee728b)
Start importing Assets/Pixel Adventure 1/Assets/Background/Gray.png using Guid(ffc80c129c9aca14c9fb4dbeba0e10d2) Importer(815301076,1909f56bfc062723c751e8b465ee728b)  -> (artifact id: '0e305a12d2ad1a678323edb84dd7fc05') in 0.024505 seconds 
========================================================================
Received Import Request.
  Time since last request: 0.000051 seconds.
  path: Assets/Pixel Adventure 1/Assets/Background/Purple.png
  artifactKey: Guid(248611cc7bb8d85448933cee393ce41e) Importer(815301076,1909f56bfc062723c751e8b465ee728b)
Start importing Assets/Pixel Adventure 1/Assets/Background/Purple.png using Guid(248611cc7bb8d85448933cee393ce41e) Importer(815301076,1909f56bfc062723c751e8b465ee728b)  -> (artifact id: '4555f02b4846b5ae89c5ee44acb07b3e') in 0.025854 seconds 
========================================================================
Received Import Request.
  Time since last request: 0.000038 seconds.
  path: Assets/Pixel Adventure 1/Assets/Background/Pink.png
  artifactKey: Guid(348c3b734b11d3b4aa5c69e25b7113e6) Importer(815301076,1909f56bfc062723c751e8b465ee728b)
Start importing Assets/Pixel Adventure 1/Assets/Background/Pink.png using Guid(348c3b734b11d3b4aa5c69e25b7113e6) Importer(815301076,1909f56bfc062723c751e8b465ee728b)  -> (artifact id: 'bd34ef5a839657f2f0676ea54b3e1e3c') in 0.018572 seconds 
Editor requested this worker to shutdown with reason: Scaling down because of idle timeout
AssetImportWorker is now disconnected from the server
Process exiting
Exiting without the bug reporter. Application will terminate with return code 0