Using pre-set license
Built from '2021.3/staging' branch; Version is '2021.3.16f1 (4016570cf34f) revision 4200023'; Using compiler version '192829333'; Build Type 'Release'
OS: 'Windows 10  (10.0.19045) 64bit Education' Language: 'en' Physical Memory: 16059 MB
BatchMode: 1, IsHumanControllingUs: 0, StartBugReporterOnCrash: 0, Is64bit: 1, IsPro: 1

COMMAND LINE ARGUMENTS:
C:\Program Files\Unity2021.3\Editor\Unity.exe
-adb2
-batchMode
-noUpm
-name
AssetImportWorker2
-projectPath
D:/Cornell_FinalProject/Cornell_FinalProject/LostTemple
-logFile
Logs/AssetImportWorker2.log
-srvPort
57528
Successfully changed project path to: D:/Cornell_FinalProject/Cornell_FinalProject/LostTemple
D:/Cornell_FinalProject/Cornell_FinalProject/LostTemple
[UnityMemory] Configuration Parameters - Can be set up in boot.config
    "memorysetup-bucket-allocator-granularity=16"
    "memorysetup-bucket-allocator-bucket-count=8"
    "memorysetup-bucket-allocator-block-size=33554432"
    "memorysetup-bucket-allocator-block-count=8"
    "memorysetup-main-allocator-block-size=16777216"
    "memorysetup-thread-allocator-block-size=16777216"
    "memorysetup-gfx-main-allocator-block-size=16777216"
    "memorysetup-gfx-thread-allocator-block-size=16777216"
    "memorysetup-cache-allocator-block-size=4194304"
    "memorysetup-typetree-allocator-block-size=2097152"
    "memorysetup-profiler-bucket-allocator-granularity=16"
    "memorysetup-profiler-bucket-allocator-bucket-count=8"
    "memorysetup-profiler-bucket-allocator-block-size=33554432"
    "memorysetup-profiler-bucket-allocator-block-count=8"
    "memorysetup-profiler-allocator-block-size=16777216"
    "memorysetup-profiler-editor-allocator-block-size=1048576"
    "memorysetup-temp-allocator-size-main=16777216"
    "memorysetup-job-temp-allocator-block-size=2097152"
    "memorysetup-job-temp-allocator-block-size-background=1048576"
    "memorysetup-job-temp-allocator-reduction-small-platforms=262144"
    "memorysetup-temp-allocator-size-background-worker=32768"
    "memorysetup-temp-allocator-size-job-worker=262144"
    "memorysetup-temp-allocator-size-preload-manager=33554432"
    "memorysetup-temp-allocator-size-nav-mesh-worker=65536"
    "memorysetup-temp-allocator-size-audio-worker=65536"
    "memorysetup-temp-allocator-size-cloud-worker=32768"
    "memorysetup-temp-allocator-size-gi-baking-worker=262144"
    "memorysetup-temp-allocator-size-gfx=262144"
Player connection [16876] Host "[IP] 141.238.62.115 [Port] 0 [Flags] 2 [Guid] 2634276442 [EditorId] 2634276442 [Version] 1048832 [Id] WindowsEditor(7,AA-CIS-HO259-19) [Debug] 1 [PackageName] WindowsEditor [ProjectName] Editor" joined multi-casting on [225.0.0.222:54997]...

Player connection [16876] Host "[IP] 141.238.62.115 [Port] 0 [Flags] 2 [Guid] 2634276442 [EditorId] 2634276442 [Version] 1048832 [Id] WindowsEditor(7,AA-CIS-HO259-19) [Debug] 1 [PackageName] WindowsEditor [ProjectName] Editor" joined alternative multi-casting on [225.0.0.222:34997]...

Refreshing native plugins compatible for Editor in 68.00 ms, found 4 plugins.
Preloading 0 native plugins for Editor in 0.00 ms.
Initialize engine version: 2021.3.16f1 (4016570cf34f)
[Subsystems] Discovering subsystems at path C:/Program Files/Unity2021.3/Editor/Data/Resources/UnitySubsystems
[Subsystems] Discovering subsystems at path D:/Cornell_FinalProject/Cornell_FinalProject/LostTemple/Assets
GfxDevice: creating device client; threaded=0; jobified=0
Direct3D:
    Version:  Direct3D 11.0 [level 11.1]
    Renderer: NVIDIA GeForce RTX 3070 (ID=0x2484)
    Vendor:   NVIDIA
    VRAM:     8031 MB
    Driver:   31.0.15.2698
Initialize mono
Mono path[0] = 'C:/Program Files/Unity2021.3/Editor/Data/Managed'
Mono path[1] = 'C:/Program Files/Unity2021.3/Editor/Data/MonoBleedingEdge/lib/mono/unityjit-win32'
Mono config path = 'C:/Program Files/Unity2021.3/Editor/Data/MonoBleedingEdge/etc'
Using monoOptions --debugger-agent=transport=dt_socket,embedding=1,server=y,suspend=n,address=127.0.0.1:56880
Begin MonoManager ReloadAssembly
Registering precompiled unity dll's ...
Register platform support module: C:/Program Files/Unity2021.3/Editor/Data/PlaybackEngines/WebGLSupport/UnityEditor.WebGL.Extensions.dll
Register platform support module: C:/Program Files/Unity2021.3/Editor/Data/PlaybackEngines/MacStandaloneSupport/UnityEditor.OSXStandalone.Extensions.dll
Register platform support module: C:/Program Files/Unity2021.3/Editor/Data/PlaybackEngines/AndroidPlayer/UnityEditor.Android.Extensions.dll
Register platform support module: C:/Program Files/Unity2021.3/Editor/Data/PlaybackEngines/iOSSupport/UnityEditor.iOS.Extensions.dll
Register platform support module: C:/Program Files/Unity2021.3/Editor/Data/PlaybackEngines/AppleTVSupport/UnityEditor.AppleTV.Extensions.dll
Register platform support module: C:/Program Files/Unity2021.3/Editor/Data/PlaybackEngines/WindowsStandaloneSupport/UnityEditor.WindowsStandalone.Extensions.dll
Register platform support module: C:/Program Files/Unity2021.3/Editor/Data/PlaybackEngines/LinuxStandaloneSupport/UnityEditor.LinuxStandalone.Extensions.dll
Register platform support module: C:/Program Files/Unity2021.3/Editor/Data/PlaybackEngines/MetroSupport/UnityEditor.UWP.Extensions.dll
Registered in 0.003728 seconds.
Native extension for UWP target not found
Native extension for LinuxStandalone target not found
Native extension for WindowsStandalone target not found
[usbmuxd] Start listen thread
[usbmuxd] Listen thread started
Native extension for AppleTV target not found
[usbmuxd] Start listen thread
[usbmuxd] Listen thread started
Native extension for iOS target not found
Native extension for Android target not found
Native extension for OSXStandalone target not found
Native extension for WebGL target not found
Refreshing native plugins compatible for Editor in 71.29 ms, found 4 plugins.
Preloading 0 native plugins for Editor in 0.00 ms.
Mono: successfully reloaded assembly
- Completed reload, in  0.447 seconds
Domain Reload Profiling:
	ReloadAssembly (447ms)
		BeginReloadAssembly (45ms)
			ExecutionOrderSort (0ms)
			DisableScriptedObjects (0ms)
			BackupInstance (0ms)
			ReleaseScriptingObjects (0ms)
			CreateAndSetChildDomain (1ms)
		EndReloadAssembly (335ms)
			LoadAssemblies (45ms)
			RebuildTransferFunctionScriptingTraits (0ms)
			SetupTypeCache (69ms)
			ReleaseScriptCaches (0ms)
			RebuildScriptCaches (20ms)
			SetupLoadedEditorAssemblies (213ms)
				LogAssemblyErrors (0ms)
				InitializePlatformSupportModulesInManaged (41ms)
				SetLoadedEditorAssemblies (0ms)
				RefreshPlugins (71ms)
				BeforeProcessingInitializeOnLoad (1ms)
				ProcessInitializeOnLoadAttributes (72ms)
				ProcessInitializeOnLoadMethodAttributes (27ms)
				AfterProcessingInitializeOnLoad (0ms)
				EditorAssembliesLoaded (0ms)
			ExecutionOrderSort2 (0ms)
			AwakeInstancesAfterBackupRestoration (0ms)
Platform modules already initialized, skipping
Registering precompiled user dll's ...
Registered in 0.002818 seconds.
Begin MonoManager ReloadAssembly
Symbol file LoadedFromMemory doesn't match image D:\Cornell_FinalProject\Cornell_FinalProject\LostTemple\Library\PackageCache\com.unity.visualscripting@1.7.8\Editor\VisualScripting.Core\Dependencies\YamlDotNet\Unity.VisualScripting.YamlDotNet.dll
Symbol file LoadedFromMemory doesn't match image D:\Cornell_FinalProject\Cornell_FinalProject\LostTemple\Library\PackageCache\com.unity.visualscripting@1.7.8\Editor\VisualScripting.Core\Dependencies\DotNetZip\Unity.VisualScripting.IonicZip.dll
Native extension for UWP target not found
Native extension for LinuxStandalone target not found
Native extension for WindowsStandalone target not found
Native extension for AppleTV target not found
Native extension for iOS target not found
Native extension for Android target not found
Native extension for OSXStandalone target not found
Native extension for WebGL target not found
Refreshing native plugins compatible for Editor in 68.93 ms, found 4 plugins.
Preloading 0 native plugins for Editor in 0.00 ms.
Mono: successfully reloaded assembly
- Completed reload, in  0.755 seconds
Domain Reload Profiling:
	ReloadAssembly (755ms)
		BeginReloadAssembly (69ms)
			ExecutionOrderSort (0ms)
			DisableScriptedObjects (4ms)
			BackupInstance (0ms)
			ReleaseScriptingObjects (0ms)
			CreateAndSetChildDomain (13ms)
		EndReloadAssembly (614ms)
			LoadAssemblies (53ms)
			RebuildTransferFunctionScriptingTraits (0ms)
			SetupTypeCache (155ms)
			ReleaseScriptCaches (0ms)
			RebuildScriptCaches (36ms)
			SetupLoadedEditorAssemblies (342ms)
				LogAssemblyErrors (0ms)
				InitializePlatformSupportModulesInManaged (18ms)
				SetLoadedEditorAssemblies (0ms)
				RefreshPlugins (69ms)
				BeforeProcessingInitializeOnLoad (69ms)
				ProcessInitializeOnLoadAttributes (156ms)
				ProcessInitializeOnLoadMethodAttributes (26ms)
				AfterProcessingInitializeOnLoad (3ms)
				EditorAssembliesLoaded (0ms)
			ExecutionOrderSort2 (0ms)
			AwakeInstancesAfterBackupRestoration (4ms)
Platform modules already initialized, skipping
========================================================================
Worker process is ready to serve import requests
Launched and connected shader compiler UnityShaderCompiler.exe after 0.04 seconds
Refreshing native plugins compatible for Editor in 0.66 ms, found 4 plugins.
Preloading 0 native plugins for Editor in 0.00 ms.
Unloading 4054 Unused Serialized files (Serialized files now loaded: 0)
Unloading 38 unused Assets / (56.1 KB). Loaded Objects now: 4513.
Memory consumption went from 151.0 MB to 150.9 MB.
Total: 3.248500 ms (FindLiveObjects: 0.259000 ms CreateObjectMapping: 0.190000 ms MarkObjects: 2.737600 ms  DeleteObjects: 0.061100 ms)

AssetImportParameters requested are different than current active one (requested -> active):
  custom:video-decoder-ogg-theora: a1e56fd34408186e4bbccfd4996cb3dc -> 
  custom:container-muxer-webm: aa71ff27fc2769a1b78a27578f13a17b -> 
  custom:container-demuxer-webm: 4f35f7cbe854078d1ac9338744f61a02 -> 
  custom:video-encoder-webm-vp8: eb34c28f22e8b96e1ab97ce403110664 -> 
  custom:audio-encoder-webm-vorbis: bf7c407c2cedff20999df2af8eb42d56 -> 
  custom:framework-win-MediaFoundation: 216162199b28c13a410421893ffa2e32 -> 
  custom:container-demuxer-ogg: 62fdf1f143b41e24485cea50d1cbac27 -> 
  custom:video-decoder-webm-vp8: 9c59270c3fd7afecdb556c50c9e8de78 -> 
  custom:audio-decoder-ogg-vorbis: bf7c407c2cedff20999df2af8eb42d56 -> 
========================================================================
Received Import Request.
  Time since last request: 39817.094977 seconds.
  path: Assets/Textures/BigManJD/Platformer Tileset - Pixelart Grasslands/Sprites
  artifactKey: Guid(e14b5d4b37a28ec4c823258f491d32b3) Importer(815301076,1909f56bfc062723c751e8b465ee728b)
Start importing Assets/Textures/BigManJD/Platformer Tileset - Pixelart Grasslands/Sprites using Guid(e14b5d4b37a28ec4c823258f491d32b3) Importer(815301076,1909f56bfc062723c751e8b465ee728b)  -> (artifact id: '71791baf1d1dee2525da9dd94b9a83b5') in 0.005535 seconds 
========================================================================
Received Import Request.
  Time since last request: 0.995412 seconds.
  path: Assets/Textures/BigManJD/Platformer Tileset - Pixelart Grasslands/Sprites/Textures
  artifactKey: Guid(028af2e440d6f8246881d1a366ca8058) Importer(815301076,1909f56bfc062723c751e8b465ee728b)
Start importing Assets/Textures/BigManJD/Platformer Tileset - Pixelart Grasslands/Sprites/Textures using Guid(028af2e440d6f8246881d1a366ca8058) Importer(815301076,1909f56bfc062723c751e8b465ee728b)  -> (artifact id: '9ebaa93cf2c8494a85af38a77d984392') in 0.000650 seconds 
========================================================================
Received Import Request.
  Time since last request: 4.731077 seconds.
  path: Assets/Textures/BigManJD/Platformer Tileset - Pixelart Grasslands/Sprites/Textures/Tiles
  artifactKey: Guid(ad4d275bf5af5764db8098a418d487dd) Importer(815301076,1909f56bfc062723c751e8b465ee728b)
Start importing Assets/Textures/BigManJD/Platformer Tileset - Pixelart Grasslands/Sprites/Textures/Tiles using Guid(ad4d275bf5af5764db8098a418d487dd) Importer(815301076,1909f56bfc062723c751e8b465ee728b)  -> (artifact id: '9d832b800f7d9b9253ee6b5184afaad3') in 0.000767 seconds 
========================================================================
Received Import Request.
  Time since last request: 0.692013 seconds.
  path: Assets/Textures/BigManJD/Platformer Tileset - Pixelart Grasslands/Sprites/Textures/Tiles/DirtBackgroundTiles.png
  artifactKey: Guid(3a6f603276eca1e4dab29831a1cfd471) Importer(815301076,1909f56bfc062723c751e8b465ee728b)
Start importing Assets/Textures/BigManJD/Platformer Tileset - Pixelart Grasslands/Sprites/Textures/Tiles/DirtBackgroundTiles.png using Guid(3a6f603276eca1e4dab29831a1cfd471) Importer(815301076,1909f56bfc062723c751e8b465ee728b)  -> (artifact id: 'd4d4835f766fd518e566b62329ea95f0') in 0.208602 seconds 
========================================================================
Received Import Request.
  Time since last request: 0.000039 seconds.
  path: Assets/Textures/BigManJD/Platformer Tileset - Pixelart Grasslands/Sprites/Textures/Tiles/SpikeTiles.png
  artifactKey: Guid(175243fb8f05f7244adb8932589fda03) Importer(815301076,1909f56bfc062723c751e8b465ee728b)
Start importing Assets/Textures/BigManJD/Platformer Tileset - Pixelart Grasslands/Sprites/Textures/Tiles/SpikeTiles.png using Guid(175243fb8f05f7244adb8932589fda03) Importer(815301076,1909f56bfc062723c751e8b465ee728b)  -> (artifact id: '4368bec42c9e91dcde9058056e002161') in 0.012353 seconds 
========================================================================
Received Import Request.
  Time since last request: 25.568696 seconds.
  path: Assets/Textures/BigManJD/Platformer Tileset - Pixelart Grasslands/Character
  artifactKey: Guid(7e913eaea95607443a6899bf4555aa26) Importer(815301076,1909f56bfc062723c751e8b465ee728b)
Start importing Assets/Textures/BigManJD/Platformer Tileset - Pixelart Grasslands/Character using Guid(7e913eaea95607443a6899bf4555aa26) Importer(815301076,1909f56bfc062723c751e8b465ee728b)  -> (artifact id: '65330d950176bf92849119f85338007d') in 0.000760 seconds 
========================================================================
Received Import Request.
  Time since last request: 0.074170 seconds.
  path: Assets/Textures/BigManJD/Platformer Tileset - Pixelart Grasslands/Character/CharacterSheet.png
  artifactKey: Guid(496562456fdbe6647887febf11640c70) Importer(815301076,1909f56bfc062723c751e8b465ee728b)
Start importing Assets/Textures/BigManJD/Platformer Tileset - Pixelart Grasslands/Character/CharacterSheet.png using Guid(496562456fdbe6647887febf11640c70) Importer(815301076,1909f56bfc062723c751e8b465ee728b)  -> (artifact id: 'b3c852f8d9ad97fdc586cd5bbd0b1adf') in 0.033290 seconds 
========================================================================
Received Import Request.
  Time since last request: 8.220876 seconds.
  path: Assets/Textures/BigManJD/Platformer Tileset - Pixelart Grasslands/Background
  artifactKey: Guid(6adbfbab162026f4cb829740e1e90207) Importer(815301076,1909f56bfc062723c751e8b465ee728b)
Start importing Assets/Textures/BigManJD/Platformer Tileset - Pixelart Grasslands/Background using Guid(6adbfbab162026f4cb829740e1e90207) Importer(815301076,1909f56bfc062723c751e8b465ee728b)  -> (artifact id: 'c360caa0ad1e14f1e69fa1fadfa89015') in 0.000688 seconds 
========================================================================
Received Import Request.
  Time since last request: 0.256181 seconds.
  path: Assets/Textures/BigManJD/Platformer Tileset - Pixelart Grasslands/Background/Background1.png
  artifactKey: Guid(9b45b88c36c56554ead974cff48f98bb) Importer(815301076,1909f56bfc062723c751e8b465ee728b)
Start importing Assets/Textures/BigManJD/Platformer Tileset - Pixelart Grasslands/Background/Background1.png using Guid(9b45b88c36c56554ead974cff48f98bb) Importer(815301076,1909f56bfc062723c751e8b465ee728b)  -> (artifact id: '39929ea48c36b4096e8530cce54305c8') in 0.011963 seconds 
========================================================================
Received Import Request.
  Time since last request: 0.000015 seconds.
  path: Assets/Textures/BigManJD/Platformer Tileset - Pixelart Grasslands/Background/Background5.png
  artifactKey: Guid(0fbbe850674cd2342a0debf3a96b5810) Importer(815301076,1909f56bfc062723c751e8b465ee728b)
Start importing Assets/Textures/BigManJD/Platformer Tileset - Pixelart Grasslands/Background/Background5.png using Guid(0fbbe850674cd2342a0debf3a96b5810) Importer(815301076,1909f56bfc062723c751e8b465ee728b)  -> (artifact id: '597c6b74b8f2e490d9130d674db198e0') in 0.007662 seconds 
========================================================================
Received Import Request.
  Time since last request: 8.292874 seconds.
  path: Assets/Textures/BigManJD/Platformer Tileset - Pixelart Grasslands/Scenes
  artifactKey: Guid(02e6828e1955faf4b8ba68a1935bdce3) Importer(815301076,1909f56bfc062723c751e8b465ee728b)
Start importing Assets/Textures/BigManJD/Platformer Tileset - Pixelart Grasslands/Scenes using Guid(02e6828e1955faf4b8ba68a1935bdce3) Importer(815301076,1909f56bfc062723c751e8b465ee728b)  -> (artifact id: 'dd3e3dc799e0af14c27ed3d728a576b5') in 0.000615 seconds 
========================================================================
Received Import Request.
  Time since last request: 9.106972 seconds.
  path: Assets/Textures/BigManJD/Platformer Tileset - Pixelart Grasslands/Sprites/Textures/Decor
  artifactKey: Guid(f82aecaa275e62e4f9c988a1c9632e3d) Importer(815301076,1909f56bfc062723c751e8b465ee728b)
Start importing Assets/Textures/BigManJD/Platformer Tileset - Pixelart Grasslands/Sprites/Textures/Decor using Guid(f82aecaa275e62e4f9c988a1c9632e3d) Importer(815301076,1909f56bfc062723c751e8b465ee728b)  -> (artifact id: 'ea9d4ac74bcaba5e679d7927c65f65d2') in 0.000681 seconds 
========================================================================
Received Import Request.
  Time since last request: 0.082369 seconds.
  path: Assets/Textures/BigManJD/Platformer Tileset - Pixelart Grasslands/Sprites/Textures/Decor/Decor.png
  artifactKey: Guid(198c5cf9dad20144995fd44cf395c218) Importer(815301076,1909f56bfc062723c751e8b465ee728b)
Start importing Assets/Textures/BigManJD/Platformer Tileset - Pixelart Grasslands/Sprites/Textures/Decor/Decor.png using Guid(198c5cf9dad20144995fd44cf395c218) Importer(815301076,1909f56bfc062723c751e8b465ee728b)  -> (artifact id: 'bfac2bae9e5bb81030188bef78171d3c') in 0.031895 seconds 
========================================================================
Received Import Request.
  Time since last request: 11.916151 seconds.
  path: Assets/Textures/Tile Palette/Platformer Palette.prefab
  artifactKey: Guid(572c26a0233c5634d87e192be0336ad0) Importer(815301076,1909f56bfc062723c751e8b465ee728b)
Start importing Assets/Textures/Tile Palette/Platformer Palette.prefab using Guid(572c26a0233c5634d87e192be0336ad0) Importer(815301076,1909f56bfc062723c751e8b465ee728b)  -> (artifact id: '4f2da2b4510cd3bd1541f9ad6bd3c705') in 0.062493 seconds 
========================================================================
Received Import Request.
  Time since last request: 2.414321 seconds.
  path: Assets/Textures/Tile Palette/Tiles
  artifactKey: Guid(8cb3e0608e7a4ea4e8c5a425d0e8e93e) Importer(815301076,1909f56bfc062723c751e8b465ee728b)
Start importing Assets/Textures/Tile Palette/Tiles using Guid(8cb3e0608e7a4ea4e8c5a425d0e8e93e) Importer(815301076,1909f56bfc062723c751e8b465ee728b)  -> (artifact id: '3294f893d2faa64184d37b18911478ff') in 0.000628 seconds 
========================================================================
Received Import Request.
  Time since last request: 4.762805 seconds.
  path: Assets/Textures/Tile Palette/Tiles/DirtBackgroundTiles_0.asset
  artifactKey: Guid(0bba56b50b4245742bf05b551cc53ee9) Importer(815301076,1909f56bfc062723c751e8b465ee728b)
Start importing Assets/Textures/Tile Palette/Tiles/DirtBackgroundTiles_0.asset using Guid(0bba56b50b4245742bf05b551cc53ee9) Importer(815301076,1909f56bfc062723c751e8b465ee728b)  -> (artifact id: '2c649ac34cab39d3742a86b2883a9cca') in 0.007881 seconds 
========================================================================
Received Import Request.
  Time since last request: 0.000017 seconds.
  path: Assets/Textures/Tile Palette/Tiles/DirtBackgroundTiles_11.asset
  artifactKey: Guid(4720c8cb881093f41b6ad8cbb234af20) Importer(815301076,1909f56bfc062723c751e8b465ee728b)
Start importing Assets/Textures/Tile Palette/Tiles/DirtBackgroundTiles_11.asset using Guid(4720c8cb881093f41b6ad8cbb234af20) Importer(815301076,1909f56bfc062723c751e8b465ee728b)  -> (artifact id: '003f4822ec34b0587352fc0028a1dc3e') in 0.003897 seconds 
========================================================================
Received Import Request.
  Time since last request: 0.000022 seconds.
  path: Assets/Textures/Tile Palette/Tiles/DirtBackgroundTiles_22.asset
  artifactKey: Guid(a1c648880d9137a48a1f5726a3d9baa2) Importer(815301076,1909f56bfc062723c751e8b465ee728b)
Start importing Assets/Textures/Tile Palette/Tiles/DirtBackgroundTiles_22.asset using Guid(a1c648880d9137a48a1f5726a3d9baa2) Importer(815301076,1909f56bfc062723c751e8b465ee728b)  -> (artifact id: 'bb53273e61d72128828008a16afe212e') in 0.004101 seconds 
========================================================================
Received Import Request.
  Time since last request: 0.000022 seconds.
  path: Assets/Textures/Tile Palette/Tiles/DirtTiles_5.asset
  artifactKey: Guid(01757a4546b5ecb46894344a9526588d) Importer(815301076,1909f56bfc062723c751e8b465ee728b)
Start importing Assets/Textures/Tile Palette/Tiles/DirtTiles_5.asset using Guid(01757a4546b5ecb46894344a9526588d) Importer(815301076,1909f56bfc062723c751e8b465ee728b)  -> (artifact id: 'ff986f3802f38ceab998b5912ade6c4e') in 0.003639 seconds 
========================================================================
Received Import Request.
  Time since last request: 0.000024 seconds.
  path: Assets/Textures/Tile Palette/Tiles/DirtTiles_78.asset
  artifactKey: Guid(71740e6b5e0f2e543954c25a3d736084) Importer(815301076,1909f56bfc062723c751e8b465ee728b)
Start importing Assets/Textures/Tile Palette/Tiles/DirtTiles_78.asset using Guid(71740e6b5e0f2e543954c25a3d736084) Importer(815301076,1909f56bfc062723c751e8b465ee728b)  -> (artifact id: 'eb65619796b068de899c8f30d6d2e3eb') in 0.015277 seconds 
========================================================================
Received Import Request.
  Time since last request: 0.000016 seconds.
  path: Assets/Textures/Tile Palette/Tiles/DirtTiles_57.asset
  artifactKey: Guid(e613e53035e039c4890b4d3affd645a7) Importer(815301076,1909f56bfc062723c751e8b465ee728b)
Start importing Assets/Textures/Tile Palette/Tiles/DirtTiles_57.asset using Guid(e613e53035e039c4890b4d3affd645a7) Importer(815301076,1909f56bfc062723c751e8b465ee728b)  -> (artifact id: '941f5ef5ee738433c034d406169ee8e7') in 0.012683 seconds 
========================================================================
Received Import Request.
  Time since last request: 0.000015 seconds.
  path: Assets/Textures/Tile Palette/Tiles/DirtTiles_42.asset
  artifactKey: Guid(a64acc11f05c02e41b34fedd3be1f231) Importer(815301076,1909f56bfc062723c751e8b465ee728b)
Start importing Assets/Textures/Tile Palette/Tiles/DirtTiles_42.asset using Guid(a64acc11f05c02e41b34fedd3be1f231) Importer(815301076,1909f56bfc062723c751e8b465ee728b)  -> (artifact id: 'a0eb0a9a1f5b89d2e108834c0c0be19e') in 0.014032 seconds 
========================================================================
Received Import Request.
  Time since last request: 0.000017 seconds.
  path: Assets/Textures/Tile Palette/Tiles/DirtTiles_29.asset
  artifactKey: Guid(c0302fd324bf66641b22a84002c88754) Importer(815301076,1909f56bfc062723c751e8b465ee728b)
Start importing Assets/Textures/Tile Palette/Tiles/DirtTiles_29.asset using Guid(c0302fd324bf66641b22a84002c88754) Importer(815301076,1909f56bfc062723c751e8b465ee728b)  -> (artifact id: '8dd57efcbf3c082329c1d24fcde19406') in 0.070938 seconds 
========================================================================
Received Import Request.
  Time since last request: 0.000018 seconds.
  path: Assets/Textures/Tile Palette/Tiles/DirtTiles_61.asset
  artifactKey: Guid(328867b17e3988949af2ae656658bdce) Importer(815301076,1909f56bfc062723c751e8b465ee728b)
Start importing Assets/Textures/Tile Palette/Tiles/DirtTiles_61.asset using Guid(328867b17e3988949af2ae656658bdce) Importer(815301076,1909f56bfc062723c751e8b465ee728b)  -> (artifact id: 'c4b2d2d942ab1008e035be1f7c742e35') in 0.005817 seconds 
========================================================================
Received Import Request.
  Time since last request: 0.000021 seconds.
  path: Assets/Textures/Tile Palette/Tiles/DirtTiles_27.asset
  artifactKey: Guid(4dd5333bce4781e48b6bc9dbd6fb206d) Importer(815301076,1909f56bfc062723c751e8b465ee728b)
Start importing Assets/Textures/Tile Palette/Tiles/DirtTiles_27.asset using Guid(4dd5333bce4781e48b6bc9dbd6fb206d) Importer(815301076,1909f56bfc062723c751e8b465ee728b)  -> (artifact id: 'cfcf8923185465f10ee65c7e1f4de883') in 0.023863 seconds 
========================================================================
Received Import Request.
  Time since last request: 0.000014 seconds.
  path: Assets/Textures/Tile Palette/Tiles/DirtTiles_36.asset
  artifactKey: Guid(8b3f2582f84fd4e46988db91c5a99032) Importer(815301076,1909f56bfc062723c751e8b465ee728b)
Start importing Assets/Textures/Tile Palette/Tiles/DirtTiles_36.asset using Guid(8b3f2582f84fd4e46988db91c5a99032) Importer(815301076,1909f56bfc062723c751e8b465ee728b)  -> (artifact id: '2eabb0e1647deddc13c76dd51a1ab3f7') in 0.018584 seconds 
========================================================================
Received Import Request.
  Time since last request: 0.000026 seconds.
  path: Assets/Textures/Tile Palette/Tiles/DirtTiles_11.asset
  artifactKey: Guid(7a6649ed9fedab046937593d4e77b059) Importer(815301076,1909f56bfc062723c751e8b465ee728b)
Start importing Assets/Textures/Tile Palette/Tiles/DirtTiles_11.asset using Guid(7a6649ed9fedab046937593d4e77b059) Importer(815301076,1909f56bfc062723c751e8b465ee728b)  -> (artifact id: '955b46d1eedc8dbe4ec57017da30b8a3') in 0.038558 seconds 
========================================================================
Received Import Request.
  Time since last request: 0.000014 seconds.
  path: Assets/Textures/Tile Palette/Tiles/DirtTiles_85.asset
  artifactKey: Guid(7dc54b5c40d83064bb2b8edd94f7b0cc) Importer(815301076,1909f56bfc062723c751e8b465ee728b)
Start importing Assets/Textures/Tile Palette/Tiles/DirtTiles_85.asset using Guid(7dc54b5c40d83064bb2b8edd94f7b0cc) Importer(815301076,1909f56bfc062723c751e8b465ee728b)  -> (artifact id: 'b9c36a054ff177b781850055f07ae29a') in 0.002885 seconds 
========================================================================
Received Import Request.
  Time since last request: 0.000013 seconds.
  path: Assets/Textures/Tile Palette/Tiles/DirtBackgroundTiles_12.asset
  artifactKey: Guid(87a79123959cde64f8e7a7501f739e9f) Importer(815301076,1909f56bfc062723c751e8b465ee728b)
Start importing Assets/Textures/Tile Palette/Tiles/DirtBackgroundTiles_12.asset using Guid(87a79123959cde64f8e7a7501f739e9f) Importer(815301076,1909f56bfc062723c751e8b465ee728b)  -> (artifact id: '6172bd668402666513e4899338dbdd78') in 0.003343 seconds 
========================================================================
Received Import Request.
  Time since last request: 0.000015 seconds.
  path: Assets/Textures/Tile Palette/Tiles/DirtBackgroundTiles_30.asset
  artifactKey: Guid(8fd7ce8e5f384cd47a0d27fee44a1918) Importer(815301076,1909f56bfc062723c751e8b465ee728b)
Start importing Assets/Textures/Tile Palette/Tiles/DirtBackgroundTiles_30.asset using Guid(8fd7ce8e5f384cd47a0d27fee44a1918) Importer(815301076,1909f56bfc062723c751e8b465ee728b)  -> (artifact id: '818c2cce0989ee3f1007f98fca7d1adb') in 0.002623 seconds 
========================================================================
Received Import Request.
  Time since last request: 0.000013 seconds.
  path: Assets/Textures/Tile Palette/Tiles/DirtTiles_35.asset
  artifactKey: Guid(f1bfe2b6d08f0bd4e83913ffc6ea38c0) Importer(815301076,1909f56bfc062723c751e8b465ee728b)
Start importing Assets/Textures/Tile Palette/Tiles/DirtTiles_35.asset using Guid(f1bfe2b6d08f0bd4e83913ffc6ea38c0) Importer(815301076,1909f56bfc062723c751e8b465ee728b)  -> (artifact id: 'eb7c0e06c87a9be38af63c063062f3bc') in 0.004602 seconds 
========================================================================
Received Import Request.
  Time since last request: 0.000014 seconds.
  path: Assets/Textures/Tile Palette/Tiles/DirtTiles_25.asset
  artifactKey: Guid(1ce27af779c7dd04db5b60a01e93f96b) Importer(815301076,1909f56bfc062723c751e8b465ee728b)
Start importing Assets/Textures/Tile Palette/Tiles/DirtTiles_25.asset using Guid(1ce27af779c7dd04db5b60a01e93f96b) Importer(815301076,1909f56bfc062723c751e8b465ee728b)  -> (artifact id: '7258640ef66b8e6dd0a2ba98b431a886') in 0.003240 seconds 
========================================================================
Received Import Request.
  Time since last request: 0.000017 seconds.
  path: Assets/Textures/Tile Palette/Tiles/DirtTiles_54.asset
  artifactKey: Guid(888ff013319d6274d8eee981d184394f) Importer(815301076,1909f56bfc062723c751e8b465ee728b)
Start importing Assets/Textures/Tile Palette/Tiles/DirtTiles_54.asset using Guid(888ff013319d6274d8eee981d184394f) Importer(815301076,1909f56bfc062723c751e8b465ee728b)  -> (artifact id: 'ca22500334137509828f9da5a3ad95bf') in 0.003554 seconds 
========================================================================
Received Import Request.
  Time since last request: 0.000017 seconds.
  path: Assets/Textures/Tile Palette/Tiles/DirtBackgroundTiles_24.asset
  artifactKey: Guid(aed93102cb427544cad9b131b20e1c3c) Importer(815301076,1909f56bfc062723c751e8b465ee728b)
Start importing Assets/Textures/Tile Palette/Tiles/DirtBackgroundTiles_24.asset using Guid(aed93102cb427544cad9b131b20e1c3c) Importer(815301076,1909f56bfc062723c751e8b465ee728b)  -> (artifact id: 'e77bf57a2c7c8fe6a3d7a7b7f4ac5f7f') in 0.003705 seconds 
========================================================================
Received Import Request.
  Time since last request: 0.000017 seconds.
  path: Assets/Textures/Tile Palette/Tiles/DirtTiles_51.asset
  artifactKey: Guid(6cb027a9c8c1cd24083932aa76455e49) Importer(815301076,1909f56bfc062723c751e8b465ee728b)
Start importing Assets/Textures/Tile Palette/Tiles/DirtTiles_51.asset using Guid(6cb027a9c8c1cd24083932aa76455e49) Importer(815301076,1909f56bfc062723c751e8b465ee728b)  -> (artifact id: '3e93f401caf20069e1903855e4681499') in 0.004486 seconds 
========================================================================
Received Import Request.
  Time since last request: 0.000015 seconds.
  path: Assets/Textures/Tile Palette/Tiles/DirtTiles_21.asset
  artifactKey: Guid(9c6312041cf15a942a6b9cdef9415838) Importer(815301076,1909f56bfc062723c751e8b465ee728b)
Start importing Assets/Textures/Tile Palette/Tiles/DirtTiles_21.asset using Guid(9c6312041cf15a942a6b9cdef9415838) Importer(815301076,1909f56bfc062723c751e8b465ee728b)  -> (artifact id: '89c9bbf7e2d69aac62c3fd7b927e24c9') in 0.002811 seconds 
========================================================================
Received Import Request.
  Time since last request: 0.000014 seconds.
  path: Assets/Textures/Tile Palette/Tiles/DirtTiles_44.asset
  artifactKey: Guid(514dd6f078269c44b9d8cb8ad642f0f7) Importer(815301076,1909f56bfc062723c751e8b465ee728b)
Start importing Assets/Textures/Tile Palette/Tiles/DirtTiles_44.asset using Guid(514dd6f078269c44b9d8cb8ad642f0f7) Importer(815301076,1909f56bfc062723c751e8b465ee728b)  -> (artifact id: '549b30df1bd4eebd367a9d9621f1ad32') in 0.003678 seconds 
========================================================================
Received Import Request.
  Time since last request: 0.000013 seconds.
  path: Assets/Textures/Tile Palette/Tiles/DirtBackgroundTiles_23.asset
  artifactKey: Guid(ee2a22652403b7e429466d56a0b5e779) Importer(815301076,1909f56bfc062723c751e8b465ee728b)
Start importing Assets/Textures/Tile Palette/Tiles/DirtBackgroundTiles_23.asset using Guid(ee2a22652403b7e429466d56a0b5e779) Importer(815301076,1909f56bfc062723c751e8b465ee728b)  -> (artifact id: 'f1d6ab9f6b96b7613582cfaaf2969f6e') in 0.002950 seconds 
========================================================================
Received Import Request.
  Time since last request: 0.000016 seconds.
  path: Assets/Textures/Tile Palette/Tiles/DirtTiles_3.asset
  artifactKey: Guid(61d50793e252c5149906b2e2295535da) Importer(815301076,1909f56bfc062723c751e8b465ee728b)
Start importing Assets/Textures/Tile Palette/Tiles/DirtTiles_3.asset using Guid(61d50793e252c5149906b2e2295535da) Importer(815301076,1909f56bfc062723c751e8b465ee728b)  -> (artifact id: '7f26f076ff49e02b911df67b4245826a') in 0.003116 seconds 
========================================================================
Received Import Request.
  Time since last request: 0.000016 seconds.
  path: Assets/Textures/Tile Palette/Tiles/DirtTiles_15.asset
  artifactKey: Guid(3029d6a293506cb41a289facfd88cf60) Importer(815301076,1909f56bfc062723c751e8b465ee728b)
Start importing Assets/Textures/Tile Palette/Tiles/DirtTiles_15.asset using Guid(3029d6a293506cb41a289facfd88cf60) Importer(815301076,1909f56bfc062723c751e8b465ee728b)  -> (artifact id: '853b4e9bf9943e16664676dec0c7739b') in 0.003242 seconds 
========================================================================
Received Import Request.
  Time since last request: 0.000015 seconds.
  path: Assets/Textures/Tile Palette/Tiles/DirtTiles_8.asset
  artifactKey: Guid(e7ccc244b2b9379479bf74d0ec111b89) Importer(815301076,1909f56bfc062723c751e8b465ee728b)
Start importing Assets/Textures/Tile Palette/Tiles/DirtTiles_8.asset using Guid(e7ccc244b2b9379479bf74d0ec111b89) Importer(815301076,1909f56bfc062723c751e8b465ee728b)  -> (artifact id: 'bb054c15efe87ad82d8bd1a407aea11a') in 0.003855 seconds 
========================================================================
Received Import Request.
  Time since last request: 0.000013 seconds.
  path: Assets/Textures/Tile Palette/Tiles/DirtBackgroundTiles_10.asset
  artifactKey: Guid(4aacb53454a7c604d9a5c903fef48a6d) Importer(815301076,1909f56bfc062723c751e8b465ee728b)
Start importing Assets/Textures/Tile Palette/Tiles/DirtBackgroundTiles_10.asset using Guid(4aacb53454a7c604d9a5c903fef48a6d) Importer(815301076,1909f56bfc062723c751e8b465ee728b)  -> (artifact id: '1f3b3c1c7af3b04c9fef3af78e3fbe5a') in 0.004935 seconds 
========================================================================
Received Import Request.
  Time since last request: 0.000014 seconds.
  path: Assets/Textures/Tile Palette/Tiles/DirtBackgroundTiles_41.asset
  artifactKey: Guid(07431814a355f0e40a96e4075a14c08c) Importer(815301076,1909f56bfc062723c751e8b465ee728b)
Start importing Assets/Textures/Tile Palette/Tiles/DirtBackgroundTiles_41.asset using Guid(07431814a355f0e40a96e4075a14c08c) Importer(815301076,1909f56bfc062723c751e8b465ee728b)  -> (artifact id: '20f6e3812995f0be81ec29b77edbbc5e') in 0.002780 seconds 
========================================================================
Received Import Request.
  Time since last request: 0.000016 seconds.
  path: Assets/Textures/Tile Palette/Tiles/DirtBackgroundTiles_42.asset
  artifactKey: Guid(0caf4529f8b60e445b4ae1c5abb932ed) Importer(815301076,1909f56bfc062723c751e8b465ee728b)
Start importing Assets/Textures/Tile Palette/Tiles/DirtBackgroundTiles_42.asset using Guid(0caf4529f8b60e445b4ae1c5abb932ed) Importer(815301076,1909f56bfc062723c751e8b465ee728b)  -> (artifact id: '2be622cc47f652a2f449dee88b00ef05') in 0.004353 seconds 
========================================================================
Received Import Request.
  Time since last request: 0.000044 seconds.
  path: Assets/Textures/Tile Palette/Tiles/DirtTiles_37.asset
  artifactKey: Guid(7973bfadd4ada46478938827fbef21b1) Importer(815301076,1909f56bfc062723c751e8b465ee728b)
Start importing Assets/Textures/Tile Palette/Tiles/DirtTiles_37.asset using Guid(7973bfadd4ada46478938827fbef21b1) Importer(815301076,1909f56bfc062723c751e8b465ee728b)  -> (artifact id: '4fd5d18142944813ba0708dcdf6038d7') in 0.002916 seconds 
========================================================================
Received Import Request.
  Time since last request: 0.000020 seconds.
  path: Assets/Textures/Tile Palette/Tiles/DirtBackgroundTiles_18.asset
  artifactKey: Guid(249abfd80892d304a94ae82b6a28a3aa) Importer(815301076,1909f56bfc062723c751e8b465ee728b)
Start importing Assets/Textures/Tile Palette/Tiles/DirtBackgroundTiles_18.asset using Guid(249abfd80892d304a94ae82b6a28a3aa) Importer(815301076,1909f56bfc062723c751e8b465ee728b)  -> (artifact id: '92f6a117c57a39c32a65bd7e6ef0eb89') in 0.003008 seconds 
========================================================================
Received Import Request.
  Time since last request: 0.000015 seconds.
  path: Assets/Textures/Tile Palette/Tiles/DirtBackgroundTiles_43.asset
  artifactKey: Guid(401e39cf55193ac4ba2f4540c3d135b3) Importer(815301076,1909f56bfc062723c751e8b465ee728b)
Start importing Assets/Textures/Tile Palette/Tiles/DirtBackgroundTiles_43.asset using Guid(401e39cf55193ac4ba2f4540c3d135b3) Importer(815301076,1909f56bfc062723c751e8b465ee728b)  -> (artifact id: '11e168ca9b388407512aba3574aa9f38') in 0.003080 seconds 
========================================================================
Received Import Request.
  Time since last request: 0.000016 seconds.
  path: Assets/Textures/Tile Palette/Tiles/DirtBackgroundTiles_33.asset
  artifactKey: Guid(52fa74fe036365547bcfd17fea9b989b) Importer(815301076,1909f56bfc062723c751e8b465ee728b)
Start importing Assets/Textures/Tile Palette/Tiles/DirtBackgroundTiles_33.asset using Guid(52fa74fe036365547bcfd17fea9b989b) Importer(815301076,1909f56bfc062723c751e8b465ee728b)  -> (artifact id: '35e6fb4003a055ffdca5aa6030176b8e') in 0.002819 seconds 
========================================================================
Received Import Request.
  Time since last request: 0.000037 seconds.
  path: Assets/Textures/Tile Palette/Tiles/DirtTiles_82.asset
  artifactKey: Guid(17dbf6ebb5b3df248ae50194f67d2ff3) Importer(815301076,1909f56bfc062723c751e8b465ee728b)
Start importing Assets/Textures/Tile Palette/Tiles/DirtTiles_82.asset using Guid(17dbf6ebb5b3df248ae50194f67d2ff3) Importer(815301076,1909f56bfc062723c751e8b465ee728b)  -> (artifact id: 'ee47bc8fc3b30f78ab6b07c574b45b8e') in 0.003379 seconds 
========================================================================
Received Import Request.
  Time since last request: 0.000020 seconds.
  path: Assets/Textures/Tile Palette/Tiles/DirtBackgroundTiles_6.asset
  artifactKey: Guid(600724760407848418663912fdbde80f) Importer(815301076,1909f56bfc062723c751e8b465ee728b)
Start importing Assets/Textures/Tile Palette/Tiles/DirtBackgroundTiles_6.asset using Guid(600724760407848418663912fdbde80f) Importer(815301076,1909f56bfc062723c751e8b465ee728b)  -> (artifact id: 'd674f1dba7a5265290b3f2465e4b8ce4') in 0.003085 seconds 
========================================================================
Received Import Request.
  Time since last request: 0.000017 seconds.
  path: Assets/Textures/Tile Palette/Tiles/DirtBackgroundTiles_28.asset
  artifactKey: Guid(073a4b3092131b245b11858fb937bd30) Importer(815301076,1909f56bfc062723c751e8b465ee728b)
Start importing Assets/Textures/Tile Palette/Tiles/DirtBackgroundTiles_28.asset using Guid(073a4b3092131b245b11858fb937bd30) Importer(815301076,1909f56bfc062723c751e8b465ee728b)  -> (artifact id: '435f499c2fccd9634e69e4e32bbc2791') in 0.003025 seconds 
========================================================================
Received Import Request.
  Time since last request: 0.000027 seconds.
  path: Assets/Textures/Tile Palette/Tiles/DirtTiles_74.asset
  artifactKey: Guid(c67c2b6ca80025c40aa557bca8b81538) Importer(815301076,1909f56bfc062723c751e8b465ee728b)
Start importing Assets/Textures/Tile Palette/Tiles/DirtTiles_74.asset using Guid(c67c2b6ca80025c40aa557bca8b81538) Importer(815301076,1909f56bfc062723c751e8b465ee728b)  -> (artifact id: 'e1bba2068ad362974158b333020f5b9f') in 0.002881 seconds 
========================================================================
Received Import Request.
  Time since last request: 0.000017 seconds.
  path: Assets/Textures/Tile Palette/Tiles/DirtBackgroundTiles_44.asset
  artifactKey: Guid(4a70be65abbcded43a257187d843c8d5) Importer(815301076,1909f56bfc062723c751e8b465ee728b)
Start importing Assets/Textures/Tile Palette/Tiles/DirtBackgroundTiles_44.asset using Guid(4a70be65abbcded43a257187d843c8d5) Importer(815301076,1909f56bfc062723c751e8b465ee728b)  -> (artifact id: '2b1044ad0cb1964efbf7eeaf0c263603') in 0.002961 seconds 
========================================================================
Received Import Request.
  Time since last request: 0.000018 seconds.
  path: Assets/Textures/Tile Palette/Tiles/DirtTiles_17.asset
  artifactKey: Guid(33b339ca5515e734bb892e4376159e16) Importer(815301076,1909f56bfc062723c751e8b465ee728b)
Start importing Assets/Textures/Tile Palette/Tiles/DirtTiles_17.asset using Guid(33b339ca5515e734bb892e4376159e16) Importer(815301076,1909f56bfc062723c751e8b465ee728b)  -> (artifact id: 'af22e8798f1741ae76fc6e958cc181fe') in 0.003458 seconds 
========================================================================
Received Import Request.
  Time since last request: 0.000020 seconds.
  path: Assets/Textures/Tile Palette/Tiles/DirtTiles_48.asset
  artifactKey: Guid(16fed9c63bdbd7049b2d07bc52825d3f) Importer(815301076,1909f56bfc062723c751e8b465ee728b)
Start importing Assets/Textures/Tile Palette/Tiles/DirtTiles_48.asset using Guid(16fed9c63bdbd7049b2d07bc52825d3f) Importer(815301076,1909f56bfc062723c751e8b465ee728b)  -> (artifact id: '66b7cfa85cd1eaccd2d2276e318b0c27') in 0.002802 seconds 
========================================================================
Received Import Request.
  Time since last request: 0.000025 seconds.
  path: Assets/Textures/Tile Palette/Tiles/DirtBackgroundTiles_31.asset
  artifactKey: Guid(8b2c4c88c7d237c42b1446a9dcaaa9b4) Importer(815301076,1909f56bfc062723c751e8b465ee728b)
Start importing Assets/Textures/Tile Palette/Tiles/DirtBackgroundTiles_31.asset using Guid(8b2c4c88c7d237c42b1446a9dcaaa9b4) Importer(815301076,1909f56bfc062723c751e8b465ee728b)  -> (artifact id: '73851debffcd85f190b634c87b010295') in 0.003621 seconds 
========================================================================
Received Import Request.
  Time since last request: 0.000028 seconds.
  path: Assets/Textures/Tile Palette/Tiles/DirtTiles_16.asset
  artifactKey: Guid(53ee903292f04824ca1f1482653b7f1c) Importer(815301076,1909f56bfc062723c751e8b465ee728b)
Start importing Assets/Textures/Tile Palette/Tiles/DirtTiles_16.asset using Guid(53ee903292f04824ca1f1482653b7f1c) Importer(815301076,1909f56bfc062723c751e8b465ee728b)  -> (artifact id: 'e341d084aec75a003bbd17c5e2d1d2e0') in 0.003103 seconds 
========================================================================
Received Import Request.
  Time since last request: 0.000024 seconds.
  path: Assets/Textures/Tile Palette/Tiles/DirtBackgroundTiles_40.asset
  artifactKey: Guid(4ae95cbe4e75b14479ac983f7b43402b) Importer(815301076,1909f56bfc062723c751e8b465ee728b)
Start importing Assets/Textures/Tile Palette/Tiles/DirtBackgroundTiles_40.asset using Guid(4ae95cbe4e75b14479ac983f7b43402b) Importer(815301076,1909f56bfc062723c751e8b465ee728b)  -> (artifact id: '472ee39bde1fd9e02e6a22a57c03543c') in 0.003512 seconds 
========================================================================
Received Import Request.
  Time since last request: 0.000018 seconds.
  path: Assets/Textures/Tile Palette/Tiles/DirtTiles_26.asset
  artifactKey: Guid(2c7f2e6206496324ba2b63f72e7cd7d7) Importer(815301076,1909f56bfc062723c751e8b465ee728b)
Start importing Assets/Textures/Tile Palette/Tiles/DirtTiles_26.asset using Guid(2c7f2e6206496324ba2b63f72e7cd7d7) Importer(815301076,1909f56bfc062723c751e8b465ee728b)  -> (artifact id: '5f39da123d595750cda92283fe8eea84') in 0.003512 seconds 
========================================================================
Received Import Request.
  Time since last request: 7.825241 seconds.
  path: Assets/Textures/Tile Palette/Tiles2
  artifactKey: Guid(8cb3e0608e7a4ea4e8c5a425d0e8e93e) Importer(815301076,1909f56bfc062723c751e8b465ee728b)
Start importing Assets/Textures/Tile Palette/Tiles2 using Guid(8cb3e0608e7a4ea4e8c5a425d0e8e93e) Importer(815301076,1909f56bfc062723c751e8b465ee728b)  -> (artifact id: '4c7e0fde39f98b1e2f39c754c685f3d0') in 0.000741 seconds 
========================================================================
Received Import Request.
  Time since last request: 13.208672 seconds.
  path: Assets/Textures/Pixel Adventure 1/Assets
  artifactKey: Guid(e7fabf8f9d1b6f6499883b9c8ad15b65) Importer(815301076,1909f56bfc062723c751e8b465ee728b)
Start importing Assets/Textures/Pixel Adventure 1/Assets using Guid(e7fabf8f9d1b6f6499883b9c8ad15b65) Importer(815301076,1909f56bfc062723c751e8b465ee728b)  -> (artifact id: '33105a0ebb810c538dd83941a497bbd1') in 0.000711 seconds 
========================================================================
Received Import Request.
  Time since last request: 8.371083 seconds.
  path: Assets/Textures/Pixel Adventure 1/Assets/Terrain
  artifactKey: Guid(981bfd6ae2b036145b5cc80be601e4b5) Importer(815301076,1909f56bfc062723c751e8b465ee728b)
Start importing Assets/Textures/Pixel Adventure 1/Assets/Terrain using Guid(981bfd6ae2b036145b5cc80be601e4b5) Importer(815301076,1909f56bfc062723c751e8b465ee728b)  -> (artifact id: 'c0bdcb728a3d2fb32188bbc96711e10a') in 0.000728 seconds 
========================================================================
Received Import Request.
  Time since last request: 0.074876 seconds.
  path: Assets/Textures/Pixel Adventure 1/Assets/Terrain/Terrain (16x16) 1.png
  artifactKey: Guid(413986c4a668c374d8de72a47621b531) Importer(815301076,1909f56bfc062723c751e8b465ee728b)
Start importing Assets/Textures/Pixel Adventure 1/Assets/Terrain/Terrain (16x16) 1.png using Guid(413986c4a668c374d8de72a47621b531) Importer(815301076,1909f56bfc062723c751e8b465ee728b)  -> (artifact id: '85fbaa4e47d96f3ef63f56c5ab2ee358') in 0.223570 seconds 
========================================================================
Received Import Request.
  Time since last request: 6.053605 seconds.
  path: Assets/Textures/Pixel Adventure 1/Assets/Background
  artifactKey: Guid(e2c5ef056991e3c4b902833ce4b5c2f9) Importer(815301076,1909f56bfc062723c751e8b465ee728b)
Start importing Assets/Textures/Pixel Adventure 1/Assets/Background using Guid(e2c5ef056991e3c4b902833ce4b5c2f9) Importer(815301076,1909f56bfc062723c751e8b465ee728b)  -> (artifact id: '1e132b778f706941d41aae6e9e491670') in 0.000754 seconds 
========================================================================
Received Import Request.
  Time since last request: 0.062362 seconds.
  path: Assets/Textures/Pixel Adventure 1/Assets/Background/Blue.png
  artifactKey: Guid(8049ea91a9d5fca4dab4024c0915dbe6) Importer(815301076,1909f56bfc062723c751e8b465ee728b)
Start importing Assets/Textures/Pixel Adventure 1/Assets/Background/Blue.png using Guid(8049ea91a9d5fca4dab4024c0915dbe6) Importer(815301076,1909f56bfc062723c751e8b465ee728b)  -> (artifact id: 'd5f14830424cee75fb2fc0ee1a19be94') in 0.019968 seconds 
========================================================================
Received Import Request.
  Time since last request: 0.000014 seconds.
  path: Assets/Textures/Pixel Adventure 1/Assets/Background/Green.png
  artifactKey: Guid(2538710101d0f1f4e8976b3495cd1f75) Importer(815301076,1909f56bfc062723c751e8b465ee728b)
Start importing Assets/Textures/Pixel Adventure 1/Assets/Background/Green.png using Guid(2538710101d0f1f4e8976b3495cd1f75) Importer(815301076,1909f56bfc062723c751e8b465ee728b)  -> (artifact id: 'a36ad0fec8af9c8bbac4cb55bf97c824') in 0.021298 seconds 
========================================================================
Received Import Request.
  Time since last request: 0.000014 seconds.
  path: Assets/Textures/Pixel Adventure 1/Assets/Background/Purple.png
  artifactKey: Guid(248611cc7bb8d85448933cee393ce41e) Importer(815301076,1909f56bfc062723c751e8b465ee728b)
Start importing Assets/Textures/Pixel Adventure 1/Assets/Background/Purple.png using Guid(248611cc7bb8d85448933cee393ce41e) Importer(815301076,1909f56bfc062723c751e8b465ee728b)  -> (artifact id: '0273f263eedb6becb30e9ab282a6e811') in 0.049171 seconds 
========================================================================
Received Import Request.
  Time since last request: 7.898465 seconds.
  path: Assets/Textures/Pixel Adventure 1/Assets/Items
  artifactKey: Guid(45aa8edc5710be2418fa949495904348) Importer(815301076,1909f56bfc062723c751e8b465ee728b)
Start importing Assets/Textures/Pixel Adventure 1/Assets/Items using Guid(45aa8edc5710be2418fa949495904348) Importer(815301076,1909f56bfc062723c751e8b465ee728b)  -> (artifact id: '558407e5991d9bafb3217e36cc9db8ba') in 0.000648 seconds 
========================================================================
Received Import Request.
  Time since last request: 61.786865 seconds.
  path: Assets/Textures/Pixel Adventure 1
  artifactKey: Guid(d8e30fbdeb70ec1438d5ab36b07d968a) Importer(815301076,1909f56bfc062723c751e8b465ee728b)
Start importing Assets/Textures/Pixel Adventure 1 using Guid(d8e30fbdeb70ec1438d5ab36b07d968a) Importer(815301076,1909f56bfc062723c751e8b465ee728b)  -> (artifact id: 'e41844fd233c4d9dd90313d3ae00f3e8') in 0.000892 seconds 
========================================================================
Received Import Request.
  Time since last request: 4.706424 seconds.
  path: Assets/Textures/Pixel Adventure 1/Assets/Other
  artifactKey: Guid(9b265bbeade4a16468dc117cf3b94dd9) Importer(815301076,1909f56bfc062723c751e8b465ee728b)
Start importing Assets/Textures/Pixel Adventure 1/Assets/Other using Guid(9b265bbeade4a16468dc117cf3b94dd9) Importer(815301076,1909f56bfc062723c751e8b465ee728b)  -> (artifact id: 'f3c654232f32b9ce5ed8e5f121dbe1e0') in 0.000665 seconds 
========================================================================
Received Import Request.
  Time since last request: 0.162773 seconds.
  path: Assets/Textures/Pixel Adventure 1/Assets/Other/Confetti (16x16).png
  artifactKey: Guid(84e73c5fcbc3d324a9bebf3715abc565) Importer(815301076,1909f56bfc062723c751e8b465ee728b)
Start importing Assets/Textures/Pixel Adventure 1/Assets/Other/Confetti (16x16).png using Guid(84e73c5fcbc3d324a9bebf3715abc565) Importer(815301076,1909f56bfc062723c751e8b465ee728b)  -> (artifact id: '12cccdac99243625e9b6f5b3ef9937dc') in 0.075040 seconds 
========================================================================
Received Import Request.
  Time since last request: 5.864488 seconds.
  path: Assets/Textures/Pixel Adventure 1/Assets/Main Characters
  artifactKey: Guid(c674b6697fb2a834d9379dc2411ddde1) Importer(815301076,1909f56bfc062723c751e8b465ee728b)
Start importing Assets/Textures/Pixel Adventure 1/Assets/Main Characters using Guid(c674b6697fb2a834d9379dc2411ddde1) Importer(815301076,1909f56bfc062723c751e8b465ee728b)  -> (artifact id: 'e810002a1e460a7c5d7a85b7ed7c02af') in 0.000712 seconds 
========================================================================
Received Import Request.
  Time since last request: 0.081341 seconds.
  path: Assets/Textures/Pixel Adventure 1/Assets/Main Characters/Appearing (96x96).png
  artifactKey: Guid(3421078018dc3934a8c1ab3b7bf89aa0) Importer(815301076,1909f56bfc062723c751e8b465ee728b)
Start importing Assets/Textures/Pixel Adventure 1/Assets/Main Characters/Appearing (96x96).png using Guid(3421078018dc3934a8c1ab3b7bf89aa0) Importer(815301076,1909f56bfc062723c751e8b465ee728b)  -> (artifact id: '14baf8f3d07067ac43088c657f272a63') in 0.028230 seconds 
========================================================================
Received Import Request.
  Time since last request: 7.880341 seconds.
  path: Assets/Textures/Pixel Adventure 1/Assets/Background/Tiles
  artifactKey: Guid(d19ce0ec704ed02468bdd43fee23f8d1) Importer(815301076,1909f56bfc062723c751e8b465ee728b)
Start importing Assets/Textures/Pixel Adventure 1/Assets/Background/Tiles using Guid(d19ce0ec704ed02468bdd43fee23f8d1) Importer(815301076,1909f56bfc062723c751e8b465ee728b)  -> (artifact id: 'e4b7e86948ec874947be15cb9601bbc8') in 0.000636 seconds 
========================================================================
Received Import Request.
  Time since last request: 0.083223 seconds.
  path: Assets/Textures/Pixel Adventure 1/Assets/Background/Tiles/Brown_0.asset
  artifactKey: Guid(0ce7239b12f97af409d0873b2a1f4a4b) Importer(815301076,1909f56bfc062723c751e8b465ee728b)
Start importing Assets/Textures/Pixel Adventure 1/Assets/Background/Tiles/Brown_0.asset using Guid(0ce7239b12f97af409d0873b2a1f4a4b) Importer(815301076,1909f56bfc062723c751e8b465ee728b)  -> (artifact id: '5b483dd458efd8707e552c2aca5b6d90') in 0.003308 seconds 
========================================================================
Received Import Request.
  Time since last request: 0.000031 seconds.
  path: Assets/Textures/Pixel Adventure 1/Assets/Background/Tiles/Brown_3.asset
  artifactKey: Guid(a61c9f1135894ea4db8f44ccffd9c2c5) Importer(815301076,1909f56bfc062723c751e8b465ee728b)
Start importing Assets/Textures/Pixel Adventure 1/Assets/Background/Tiles/Brown_3.asset using Guid(a61c9f1135894ea4db8f44ccffd9c2c5) Importer(815301076,1909f56bfc062723c751e8b465ee728b)  -> (artifact id: 'cda64047f530e5274a7f0a2792da385a') in 0.005235 seconds 
========================================================================
Received Import Request.
  Time since last request: 0.000016 seconds.
  path: Assets/Textures/Pixel Adventure 1/Assets/Background/Tiles/Brown_6.asset
  artifactKey: Guid(bc443df79d95e5142b46dd49ad79522f) Importer(815301076,1909f56bfc062723c751e8b465ee728b)
Start importing Assets/Textures/Pixel Adventure 1/Assets/Background/Tiles/Brown_6.asset using Guid(bc443df79d95e5142b46dd49ad79522f) Importer(815301076,1909f56bfc062723c751e8b465ee728b)  -> (artifact id: '07955f30751b9dfdf8d77f0a5ddea26f') in 0.003870 seconds 
========================================================================
Received Import Request.
  Time since last request: 0.000019 seconds.
  path: Assets/Textures/Pixel Adventure 1/Assets/Background/Tiles/Brown_7.asset
  artifactKey: Guid(a0226e867c98677449b460475f373856) Importer(815301076,1909f56bfc062723c751e8b465ee728b)
Start importing Assets/Textures/Pixel Adventure 1/Assets/Background/Tiles/Brown_7.asset using Guid(a0226e867c98677449b460475f373856) Importer(815301076,1909f56bfc062723c751e8b465ee728b)  -> (artifact id: 'a3dafa4ea39855da241d140577afb560') in 0.003551 seconds 
========================================================================
Received Import Request.
  Time since last request: 0.000016 seconds.
  path: Assets/Textures/Pixel Adventure 1/Assets/Background/Tiles/Brown_9.asset
  artifactKey: Guid(6a08fe16ca19d4441b4b061ae17f5ce6) Importer(815301076,1909f56bfc062723c751e8b465ee728b)
Start importing Assets/Textures/Pixel Adventure 1/Assets/Background/Tiles/Brown_9.asset using Guid(6a08fe16ca19d4441b4b061ae17f5ce6) Importer(815301076,1909f56bfc062723c751e8b465ee728b)  -> (artifact id: 'a8b7023847fd205d18fa601bba7029db') in 0.003575 seconds 
========================================================================
Received Import Request.
  Time since last request: 0.000019 seconds.
  path: Assets/Textures/Pixel Adventure 1/Assets/Background/Tiles/Brown_12.asset
  artifactKey: Guid(1dc41c1abb65f2d4dbdc21fc2ea95329) Importer(815301076,1909f56bfc062723c751e8b465ee728b)
Start importing Assets/Textures/Pixel Adventure 1/Assets/Background/Tiles/Brown_12.asset using Guid(1dc41c1abb65f2d4dbdc21fc2ea95329) Importer(815301076,1909f56bfc062723c751e8b465ee728b)  -> (artifact id: '082e270d6d3c224839610d1464afbb56') in 0.002975 seconds 
========================================================================
Received Import Request.
  Time since last request: 0.000024 seconds.
  path: Assets/Textures/Pixel Adventure 1/Assets/Background/Tiles/Brown_10.asset
  artifactKey: Guid(e1fa645aa0770bc44b14ea053ddf52ec) Importer(815301076,1909f56bfc062723c751e8b465ee728b)
Start importing Assets/Textures/Pixel Adventure 1/Assets/Background/Tiles/Brown_10.asset using Guid(e1fa645aa0770bc44b14ea053ddf52ec) Importer(815301076,1909f56bfc062723c751e8b465ee728b)  -> (artifact id: '78dfc636cc85fc48814fc4de75550c50') in 0.003416 seconds 
========================================================================
Received Import Request.
  Time since last request: 0.000016 seconds.
  path: Assets/Textures/Pixel Adventure 1/Assets/Background/Tiles/Brown_13.asset
  artifactKey: Guid(8c371c54196d1404da9eba3b443a6613) Importer(815301076,1909f56bfc062723c751e8b465ee728b)
Start importing Assets/Textures/Pixel Adventure 1/Assets/Background/Tiles/Brown_13.asset using Guid(8c371c54196d1404da9eba3b443a6613) Importer(815301076,1909f56bfc062723c751e8b465ee728b)  -> (artifact id: '5a0fdbed335a737eda2aec7d09e4fabc') in 0.002852 seconds 
========================================================================
Received Import Request.
  Time since last request: 12.745217 seconds.
  path: Assets/Textures/Pixel.prefab
  artifactKey: Guid(2abc94fccbc70ee44a38a198a520e0ac) Importer(815301076,1909f56bfc062723c751e8b465ee728b)
Start importing Assets/Textures/Pixel.prefab using Guid(2abc94fccbc70ee44a38a198a520e0ac) Importer(815301076,1909f56bfc062723c751e8b465ee728b)  -> (artifact id: '0fc2b92787e67b3b34b7cccec6a39c0b') in 0.032853 seconds 
========================================================================
Received Prepare
Registering precompiled user dll's ...
Registered in 0.002776 seconds.
Begin MonoManager ReloadAssembly
Symbol file LoadedFromMemory doesn't match image D:\Cornell_FinalProject\Cornell_FinalProject\LostTemple\Library\PackageCache\com.unity.visualscripting@1.7.8\Editor\VisualScripting.Core\Dependencies\YamlDotNet\Unity.VisualScripting.YamlDotNet.dll
Symbol file LoadedFromMemory doesn't match image D:\Cornell_FinalProject\Cornell_FinalProject\LostTemple\Library\PackageCache\com.unity.visualscripting@1.7.8\Editor\VisualScripting.Core\Dependencies\DotNetZip\Unity.VisualScripting.IonicZip.dll
Native extension for UWP target not found
Native extension for LinuxStandalone target not found
Native extension for WindowsStandalone target not found
Native extension for AppleTV target not found
Native extension for iOS target not found
Native extension for Android target not found
Native extension for OSXStandalone target not found
Native extension for WebGL target not found
Refreshing native plugins compatible for Editor in 0.69 ms, found 4 plugins.
Preloading 0 native plugins for Editor in 0.00 ms.
Mono: successfully reloaded assembly
- Completed reload, in  0.836 seconds
Domain Reload Profiling:
	ReloadAssembly (837ms)
		BeginReloadAssembly (96ms)
			ExecutionOrderSort (0ms)
			DisableScriptedObjects (4ms)
			BackupInstance (0ms)
			ReleaseScriptingObjects (0ms)
			CreateAndSetChildDomain (31ms)
		EndReloadAssembly (668ms)
			LoadAssemblies (62ms)
			RebuildTransferFunctionScriptingTraits (0ms)
			SetupTypeCache (212ms)
			ReleaseScriptCaches (2ms)
			RebuildScriptCaches (40ms)
			SetupLoadedEditorAssemblies (302ms)
				LogAssemblyErrors (0ms)
				InitializePlatformSupportModulesInManaged (31ms)
				SetLoadedEditorAssemblies (0ms)
				RefreshPlugins (1ms)
				BeforeProcessingInitializeOnLoad (60ms)
				ProcessInitializeOnLoadAttributes (172ms)
				ProcessInitializeOnLoadMethodAttributes (33ms)
				AfterProcessingInitializeOnLoad (4ms)
				EditorAssembliesLoaded (0ms)
			ExecutionOrderSort2 (0ms)
			AwakeInstancesAfterBackupRestoration (7ms)
Platform modules already initialized, skipping
Refreshing native plugins compatible for Editor in 1.56 ms, found 4 plugins.
Preloading 0 native plugins for Editor in 0.00 ms.
Unloading 4043 Unused Serialized files (Serialized files now loaded: 0)
Unloading 25 unused Assets / (24.7 KB). Loaded Objects now: 4586.
Memory consumption went from 155.1 MB to 155.1 MB.
Total: 2.579100 ms (FindLiveObjects: 0.258700 ms CreateObjectMapping: 0.220200 ms MarkObjects: 2.076000 ms  DeleteObjects: 0.023200 ms)

AssetImportParameters requested are different than current active one (requested -> active):
  custom:video-decoder-ogg-theora: a1e56fd34408186e4bbccfd4996cb3dc -> 
  custom:container-muxer-webm: aa71ff27fc2769a1b78a27578f13a17b -> 
  custom:container-demuxer-webm: 4f35f7cbe854078d1ac9338744f61a02 -> 
  custom:video-encoder-webm-vp8: eb34c28f22e8b96e1ab97ce403110664 -> 
  custom:audio-encoder-webm-vorbis: bf7c407c2cedff20999df2af8eb42d56 -> 
  custom:framework-win-MediaFoundation: 216162199b28c13a410421893ffa2e32 -> 
  custom:container-demuxer-ogg: 62fdf1f143b41e24485cea50d1cbac27 -> 
  custom:video-decoder-webm-vp8: 9c59270c3fd7afecdb556c50c9e8de78 -> 
  custom:audio-decoder-ogg-vorbis: bf7c407c2cedff20999df2af8eb42d56 -> 
