Using pre-set license
Built from '2021.3/staging' branch; Version is '2021.3.16f1 (4016570cf34f) revision 4200023'; Using compiler version '192829333'; Build Type 'Release'
OS: 'Windows 10  (10.0.19045) 64bit Core' Language: 'en' Physical Memory: 8142 MB
BatchMode: 1, IsHumanControllingUs: 0, StartBugReporterOnCrash: 0, Is64bit: 1, IsPro: 1

COMMAND LINE ARGUMENTS:
C:\Program Files\Unity\Hub\Editor\2021.3.16f1\Editor\Unity.exe
-adb2
-batchMode
-noUpm
-name
AssetImportWorker0
-projectPath
C:/Users/corne/My project
-logFile
Logs/AssetImportWorker0.log
-srvPort
59620
Successfully changed project path to: C:/Users/corne/My project
C:/Users/corne/My project
[UnityMemory] Configuration Parameters - Can be set up in boot.config
    "memorysetup-bucket-allocator-granularity=16"
    "memorysetup-bucket-allocator-bucket-count=8"
    "memorysetup-bucket-allocator-block-size=33554432"
    "memorysetup-bucket-allocator-block-count=8"
    "memorysetup-main-allocator-block-size=16777216"
    "memorysetup-thread-allocator-block-size=16777216"
    "memorysetup-gfx-main-allocator-block-size=16777216"
    "memorysetup-gfx-thread-allocator-block-size=16777216"
    "memorysetup-cache-allocator-block-size=4194304"
    "memorysetup-typetree-allocator-block-size=2097152"
    "memorysetup-profiler-bucket-allocator-granularity=16"
    "memorysetup-profiler-bucket-allocator-bucket-count=8"
    "memorysetup-profiler-bucket-allocator-block-size=33554432"
    "memorysetup-profiler-bucket-allocator-block-count=8"
    "memorysetup-profiler-allocator-block-size=16777216"
    "memorysetup-profiler-editor-allocator-block-size=1048576"
    "memorysetup-temp-allocator-size-main=16777216"
    "memorysetup-job-temp-allocator-block-size=2097152"
    "memorysetup-job-temp-allocator-block-size-background=1048576"
    "memorysetup-job-temp-allocator-reduction-small-platforms=262144"
    "memorysetup-temp-allocator-size-background-worker=32768"
    "memorysetup-temp-allocator-size-job-worker=262144"
    "memorysetup-temp-allocator-size-preload-manager=33554432"
    "memorysetup-temp-allocator-size-nav-mesh-worker=65536"
    "memorysetup-temp-allocator-size-audio-worker=65536"
    "memorysetup-temp-allocator-size-cloud-worker=32768"
    "memorysetup-temp-allocator-size-gi-baking-worker=262144"
    "memorysetup-temp-allocator-size-gfx=262144"
Player connection [12100] Host "[IP] 172.28.28.182 [Port] 0 [Flags] 2 [Guid] 1387817720 [EditorId] 1387817720 [Version] 1048832 [Id] WindowsEditor(7,DESKTOP-VQ2PACT) [Debug] 1 [PackageName] WindowsEditor [ProjectName] Editor" joined multi-casting on [225.0.0.222:54997]...

Player connection [12100] Host "[IP] 172.28.28.182 [Port] 0 [Flags] 2 [Guid] 1387817720 [EditorId] 1387817720 [Version] 1048832 [Id] WindowsEditor(7,DESKTOP-VQ2PACT) [Debug] 1 [PackageName] WindowsEditor [ProjectName] Editor" joined alternative multi-casting on [225.0.0.222:34997]...

Refreshing native plugins compatible for Editor in 106.48 ms, found 4 plugins.
Preloading 0 native plugins for Editor in 0.00 ms.
Initialize engine version: 2021.3.16f1 (4016570cf34f)
[Subsystems] Discovering subsystems at path C:/Program Files/Unity/Hub/Editor/2021.3.16f1/Editor/Data/Resources/UnitySubsystems
[Subsystems] Discovering subsystems at path C:/Users/corne/My project/Assets
GfxDevice: creating device client; threaded=0; jobified=0
Direct3D:
    Version:  Direct3D 11.0 [level 11.1]
    Renderer: NVIDIA GeForce GTX 1070 (ID=0x1b81)
    Vendor:   NVIDIA
    VRAM:     8081 MB
    Driver:   31.0.15.3141
Initialize mono
Mono path[0] = 'C:/Program Files/Unity/Hub/Editor/2021.3.16f1/Editor/Data/Managed'
Mono path[1] = 'C:/Program Files/Unity/Hub/Editor/2021.3.16f1/Editor/Data/MonoBleedingEdge/lib/mono/unityjit-win32'
Mono config path = 'C:/Program Files/Unity/Hub/Editor/2021.3.16f1/Editor/Data/MonoBleedingEdge/etc'
Using monoOptions --debugger-agent=transport=dt_socket,embedding=1,server=y,suspend=n,address=127.0.0.1:56484
Begin MonoManager ReloadAssembly
Registering precompiled unity dll's ...
Register platform support module: C:/Program Files/Unity/Hub/Editor/2021.3.16f1/Editor/Data/PlaybackEngines/WindowsStandaloneSupport/UnityEditor.WindowsStandalone.Extensions.dll
Registered in 0.009539 seconds.
Native extension for WindowsStandalone target not found
Refreshing native plugins compatible for Editor in 102.45 ms, found 4 plugins.
Preloading 0 native plugins for Editor in 0.00 ms.
Mono: successfully reloaded assembly
- Completed reload, in  0.752 seconds
Domain Reload Profiling:
	ReloadAssembly (753ms)
		BeginReloadAssembly (94ms)
			ExecutionOrderSort (0ms)
			DisableScriptedObjects (0ms)
			BackupInstance (0ms)
			ReleaseScriptingObjects (0ms)
			CreateAndSetChildDomain (1ms)
		EndReloadAssembly (526ms)
			LoadAssemblies (90ms)
			RebuildTransferFunctionScriptingTraits (0ms)
			SetupTypeCache (115ms)
			ReleaseScriptCaches (0ms)
			RebuildScriptCaches (28ms)
			SetupLoadedEditorAssemblies (325ms)
				LogAssemblyErrors (0ms)
				InitializePlatformSupportModulesInManaged (9ms)
				SetLoadedEditorAssemblies (0ms)
				RefreshPlugins (103ms)
				BeforeProcessingInitializeOnLoad (2ms)
				ProcessInitializeOnLoadAttributes (159ms)
				ProcessInitializeOnLoadMethodAttributes (52ms)
				AfterProcessingInitializeOnLoad (0ms)
				EditorAssembliesLoaded (0ms)
			ExecutionOrderSort2 (0ms)
			AwakeInstancesAfterBackupRestoration (0ms)
Platform modules already initialized, skipping
Registering precompiled user dll's ...
Registered in 0.012252 seconds.
Begin MonoManager ReloadAssembly
Symbol file LoadedFromMemory doesn't match image C:\Users\corne\My project\Library\PackageCache\com.unity.visualscripting@1.7.8\Editor\VisualScripting.Core\Dependencies\YamlDotNet\Unity.VisualScripting.YamlDotNet.dll
Symbol file LoadedFromMemory doesn't match image C:\Users\corne\My project\Library\PackageCache\com.unity.visualscripting@1.7.8\Editor\VisualScripting.Core\Dependencies\DotNetZip\Unity.VisualScripting.IonicZip.dll
Native extension for WindowsStandalone target not found
Refreshing native plugins compatible for Editor in 106.36 ms, found 4 plugins.
Preloading 0 native plugins for Editor in 0.00 ms.
Mono: successfully reloaded assembly
- Completed reload, in  1.578 seconds
Domain Reload Profiling:
	ReloadAssembly (1579ms)
		BeginReloadAssembly (172ms)
			ExecutionOrderSort (0ms)
			DisableScriptedObjects (8ms)
			BackupInstance (0ms)
			ReleaseScriptingObjects (0ms)
			CreateAndSetChildDomain (25ms)
		EndReloadAssembly (1234ms)
			LoadAssemblies (164ms)
			RebuildTransferFunctionScriptingTraits (0ms)
			SetupTypeCache (318ms)
			ReleaseScriptCaches (1ms)
			RebuildScriptCaches (77ms)
			SetupLoadedEditorAssemblies (638ms)
				LogAssemblyErrors (0ms)
				InitializePlatformSupportModulesInManaged (6ms)
				SetLoadedEditorAssemblies (0ms)
				RefreshPlugins (106ms)
				BeforeProcessingInitializeOnLoad (137ms)
				ProcessInitializeOnLoadAttributes (309ms)
				ProcessInitializeOnLoadMethodAttributes (64ms)
				AfterProcessingInitializeOnLoad (14ms)
				EditorAssembliesLoaded (0ms)
			ExecutionOrderSort2 (0ms)
			AwakeInstancesAfterBackupRestoration (7ms)
Platform modules already initialized, skipping
========================================================================
Worker process is ready to serve import requests
Launched and connected shader compiler UnityShaderCompiler.exe after 0.07 seconds
Refreshing native plugins compatible for Editor in 2.83 ms, found 4 plugins.
Preloading 0 native plugins for Editor in 0.00 ms.
Unloading 4045 Unused Serialized files (Serialized files now loaded: 0)
Unloading 44 unused Assets / (229.4 KB). Loaded Objects now: 4495.
Memory consumption went from 150.7 MB to 150.4 MB.
Total: 5.775600 ms (FindLiveObjects: 0.803400 ms CreateObjectMapping: 0.209200 ms MarkObjects: 4.466700 ms  DeleteObjects: 0.294700 ms)

AssetImportParameters requested are different than current active one (requested -> active):
  custom:video-decoder-ogg-theora: a1e56fd34408186e4bbccfd4996cb3dc -> 
  custom:container-muxer-webm: aa71ff27fc2769a1b78a27578f13a17b -> 
  custom:container-demuxer-webm: 4f35f7cbe854078d1ac9338744f61a02 -> 
  custom:video-encoder-webm-vp8: eb34c28f22e8b96e1ab97ce403110664 -> 
  custom:audio-encoder-webm-vorbis: bf7c407c2cedff20999df2af8eb42d56 -> 
  custom:framework-win-MediaFoundation: 216162199b28c13a410421893ffa2e32 -> 
  custom:container-demuxer-ogg: 62fdf1f143b41e24485cea50d1cbac27 -> 
  custom:video-decoder-webm-vp8: 9c59270c3fd7afecdb556c50c9e8de78 -> 
  custom:audio-decoder-ogg-vorbis: bf7c407c2cedff20999df2af8eb42d56 -> 
========================================================================
Received Import Request.
  Time since last request: 332889.410148 seconds.
  path: Assets/BigManJD/Platformer Tileset - Pixelart Grasslands/Sprites
  artifactKey: Guid(e14b5d4b37a28ec4c823258f491d32b3) Importer(815301076,1909f56bfc062723c751e8b465ee728b)
Start importing Assets/BigManJD/Platformer Tileset - Pixelart Grasslands/Sprites using Guid(e14b5d4b37a28ec4c823258f491d32b3) Importer(815301076,1909f56bfc062723c751e8b465ee728b)  -> (artifact id: '71791baf1d1dee2525da9dd94b9a83b5') in 0.021898 seconds 
========================================================================
Received Import Request.
  Time since last request: 0.000038 seconds.
  path: Assets/BigManJD/Platformer Tileset - Pixelart Grasslands/Tile Palette
  artifactKey: Guid(2899f43c663fda544b030326e2bb8e4f) Importer(815301076,1909f56bfc062723c751e8b465ee728b)
Start importing Assets/BigManJD/Platformer Tileset - Pixelart Grasslands/Tile Palette using Guid(2899f43c663fda544b030326e2bb8e4f) Importer(815301076,1909f56bfc062723c751e8b465ee728b)  -> (artifact id: 'f6c444b5d88fbef20e17b8a5b0877378') in 0.012615 seconds 
========================================================================
Received Import Request.
  Time since last request: 146.795013 seconds.
  path: Assets/BigManJD/Platformer Tileset - Pixelart Grasslands/Tile Palette/Tiles/DirtBackgroundTiles_1.asset
  artifactKey: Guid(85776555350a0404ead4738c9c1296bd) Importer(815301076,1909f56bfc062723c751e8b465ee728b)
Start importing Assets/BigManJD/Platformer Tileset - Pixelart Grasslands/Tile Palette/Tiles/DirtBackgroundTiles_1.asset using Guid(85776555350a0404ead4738c9c1296bd) Importer(815301076,1909f56bfc062723c751e8b465ee728b)  -> (artifact id: '54bfed5e972ff03e59efc74551366b06') in 0.222187 seconds 
========================================================================
Received Import Request.
  Time since last request: 0.000040 seconds.
  path: Assets/BigManJD/Platformer Tileset - Pixelart Grasslands/Tile Palette/Tiles/DirtBackgroundTiles_22.asset
  artifactKey: Guid(a1c648880d9137a48a1f5726a3d9baa2) Importer(815301076,1909f56bfc062723c751e8b465ee728b)
Start importing Assets/BigManJD/Platformer Tileset - Pixelart Grasslands/Tile Palette/Tiles/DirtBackgroundTiles_22.asset using Guid(a1c648880d9137a48a1f5726a3d9baa2) Importer(815301076,1909f56bfc062723c751e8b465ee728b)  -> (artifact id: 'a4632ad61c2485fe0ccf9cd3ff419cd4') in 0.020400 seconds 
========================================================================
Received Import Request.
  Time since last request: 0.000053 seconds.
  path: Assets/BigManJD/Platformer Tileset - Pixelart Grasslands/Tile Palette/Tiles/DirtBackgroundTiles_39.asset
  artifactKey: Guid(3ed25bc14687d4f49a8c5eb7084f0f50) Importer(815301076,1909f56bfc062723c751e8b465ee728b)
Start importing Assets/BigManJD/Platformer Tileset - Pixelart Grasslands/Tile Palette/Tiles/DirtBackgroundTiles_39.asset using Guid(3ed25bc14687d4f49a8c5eb7084f0f50) Importer(815301076,1909f56bfc062723c751e8b465ee728b)  -> (artifact id: '76d5a7d2c4a7f3fb1d6e301353d4efda') in 0.016963 seconds 
========================================================================
Received Import Request.
  Time since last request: 0.000040 seconds.
  path: Assets/BigManJD/Platformer Tileset - Pixelart Grasslands/Tile Palette/Tiles/DirtTiles_33.asset
  artifactKey: Guid(d2ca3f03e0fbfee478695bee25fd1bf5) Importer(815301076,1909f56bfc062723c751e8b465ee728b)
Start importing Assets/BigManJD/Platformer Tileset - Pixelart Grasslands/Tile Palette/Tiles/DirtTiles_33.asset using Guid(d2ca3f03e0fbfee478695bee25fd1bf5) Importer(815301076,1909f56bfc062723c751e8b465ee728b)  -> (artifact id: '7af328875f0f170fce127ca59358286b') in 0.019970 seconds 
========================================================================
Received Import Request.
  Time since last request: 0.000033 seconds.
  path: Assets/BigManJD/Platformer Tileset - Pixelart Grasslands/Tile Palette/Tiles/DirtTiles_9.asset
  artifactKey: Guid(3b924a3abe5053f439377ac09c9c0b0a) Importer(815301076,1909f56bfc062723c751e8b465ee728b)
Start importing Assets/BigManJD/Platformer Tileset - Pixelart Grasslands/Tile Palette/Tiles/DirtTiles_9.asset using Guid(3b924a3abe5053f439377ac09c9c0b0a) Importer(815301076,1909f56bfc062723c751e8b465ee728b)  -> (artifact id: 'e0603d993cebab29d7c7c528dbd42c2b') in 0.022661 seconds 
========================================================================
Received Import Request.
  Time since last request: 0.000027 seconds.
  path: Assets/BigManJD/Platformer Tileset - Pixelart Grasslands/Tile Palette/Tiles/DirtBackgroundTiles_21.asset
  artifactKey: Guid(e51342904ca06ea49a41f72e7cb02657) Importer(815301076,1909f56bfc062723c751e8b465ee728b)
Start importing Assets/BigManJD/Platformer Tileset - Pixelart Grasslands/Tile Palette/Tiles/DirtBackgroundTiles_21.asset using Guid(e51342904ca06ea49a41f72e7cb02657) Importer(815301076,1909f56bfc062723c751e8b465ee728b)  -> (artifact id: '0b7680c075a4676bebc327e1b2b099e5') in 0.020984 seconds 
========================================================================
Received Import Request.
  Time since last request: 0.000064 seconds.
  path: Assets/BigManJD/Platformer Tileset - Pixelart Grasslands/Tile Palette/Tiles/DirtBackgroundTiles_17.asset
  artifactKey: Guid(52efc029a481be7489c419f1f099369c) Importer(815301076,1909f56bfc062723c751e8b465ee728b)
Start importing Assets/BigManJD/Platformer Tileset - Pixelart Grasslands/Tile Palette/Tiles/DirtBackgroundTiles_17.asset using Guid(52efc029a481be7489c419f1f099369c) Importer(815301076,1909f56bfc062723c751e8b465ee728b)  -> (artifact id: '834bf2b7ed18f326a1f4e13b208c6aa6') in 0.019699 seconds 
========================================================================
Received Import Request.
  Time since last request: 0.000032 seconds.
  path: Assets/BigManJD/Platformer Tileset - Pixelart Grasslands/Tile Palette/Tiles/DirtBackgroundTiles_26.asset
  artifactKey: Guid(c7155d854f316ce43ac82e08c74128b5) Importer(815301076,1909f56bfc062723c751e8b465ee728b)
Start importing Assets/BigManJD/Platformer Tileset - Pixelart Grasslands/Tile Palette/Tiles/DirtBackgroundTiles_26.asset using Guid(c7155d854f316ce43ac82e08c74128b5) Importer(815301076,1909f56bfc062723c751e8b465ee728b)  -> (artifact id: '43ea50ed559428f52d5930995ee632df') in 0.018693 seconds 
========================================================================
Received Import Request.
  Time since last request: 0.000035 seconds.
  path: Assets/BigManJD/Platformer Tileset - Pixelart Grasslands/Tile Palette/Tiles/DirtTiles_4.asset
  artifactKey: Guid(570fa4fc9655fd74ca53fed897dd0622) Importer(815301076,1909f56bfc062723c751e8b465ee728b)
Start importing Assets/BigManJD/Platformer Tileset - Pixelart Grasslands/Tile Palette/Tiles/DirtTiles_4.asset using Guid(570fa4fc9655fd74ca53fed897dd0622) Importer(815301076,1909f56bfc062723c751e8b465ee728b)  -> (artifact id: '4ea871c87f81955d26a1dae2a12e925e') in 0.016542 seconds 
========================================================================
Received Import Request.
  Time since last request: 0.000041 seconds.
  path: Assets/BigManJD/Platformer Tileset - Pixelart Grasslands/Tile Palette/Tiles/DirtBackgroundTiles_14.asset
  artifactKey: Guid(5a1eb3fc8be9152439b9ec9b309b0ec2) Importer(815301076,1909f56bfc062723c751e8b465ee728b)
Start importing Assets/BigManJD/Platformer Tileset - Pixelart Grasslands/Tile Palette/Tiles/DirtBackgroundTiles_14.asset using Guid(5a1eb3fc8be9152439b9ec9b309b0ec2) Importer(815301076,1909f56bfc062723c751e8b465ee728b)  -> (artifact id: '909bafeb972a5eebafae9619e6158256') in 0.022254 seconds 
========================================================================
Received Import Request.
  Time since last request: 0.000030 seconds.
  path: Assets/BigManJD/Platformer Tileset - Pixelart Grasslands/Tile Palette/Tiles/DirtTiles_14.asset
  artifactKey: Guid(044b427c61535004ead00d9acc45f4f7) Importer(815301076,1909f56bfc062723c751e8b465ee728b)
Start importing Assets/BigManJD/Platformer Tileset - Pixelart Grasslands/Tile Palette/Tiles/DirtTiles_14.asset using Guid(044b427c61535004ead00d9acc45f4f7) Importer(815301076,1909f56bfc062723c751e8b465ee728b)  -> (artifact id: 'ce368f603bcf7a415210ed6b4e504f15') in 0.026690 seconds 
========================================================================
Received Import Request.
  Time since last request: 0.000047 seconds.
  path: Assets/BigManJD/Platformer Tileset - Pixelart Grasslands/Tile Palette/Tiles/DirtBackgroundTiles_19.asset
  artifactKey: Guid(fde0582a6a41ffb4d824f14efa3e0e1d) Importer(815301076,1909f56bfc062723c751e8b465ee728b)
Start importing Assets/BigManJD/Platformer Tileset - Pixelart Grasslands/Tile Palette/Tiles/DirtBackgroundTiles_19.asset using Guid(fde0582a6a41ffb4d824f14efa3e0e1d) Importer(815301076,1909f56bfc062723c751e8b465ee728b)  -> (artifact id: '7b3046d0f13da6b1e1f9f56ac8e39d70') in 0.034301 seconds 
========================================================================
Received Import Request.
  Time since last request: 0.000043 seconds.
  path: Assets/BigManJD/Platformer Tileset - Pixelart Grasslands/Tile Palette/Tiles/DirtBackgroundTiles_35.asset
  artifactKey: Guid(fc604130e16507d4e995efd42f1ddaa8) Importer(815301076,1909f56bfc062723c751e8b465ee728b)
Start importing Assets/BigManJD/Platformer Tileset - Pixelart Grasslands/Tile Palette/Tiles/DirtBackgroundTiles_35.asset using Guid(fc604130e16507d4e995efd42f1ddaa8) Importer(815301076,1909f56bfc062723c751e8b465ee728b)  -> (artifact id: '7d068339a98610ea9bc83d56372ae752') in 0.024280 seconds 
========================================================================
Received Import Request.
  Time since last request: 0.000038 seconds.
  path: Assets/BigManJD/Platformer Tileset - Pixelart Grasslands/Tile Palette/Tiles/DirtTiles_18.asset
  artifactKey: Guid(3fee07461f5e8eb40a0f6cadb38ce299) Importer(815301076,1909f56bfc062723c751e8b465ee728b)
Start importing Assets/BigManJD/Platformer Tileset - Pixelart Grasslands/Tile Palette/Tiles/DirtTiles_18.asset using Guid(3fee07461f5e8eb40a0f6cadb38ce299) Importer(815301076,1909f56bfc062723c751e8b465ee728b)  -> (artifact id: 'f51386260e4d587ee7779868a43adab4') in 0.024494 seconds 
========================================================================
Received Import Request.
  Time since last request: 0.000044 seconds.
  path: Assets/BigManJD/Platformer Tileset - Pixelart Grasslands/Tile Palette/Tiles/DirtBackgroundTiles_3.asset
  artifactKey: Guid(ec5342ee332bc5a49a0e66a52ef977a6) Importer(815301076,1909f56bfc062723c751e8b465ee728b)
Start importing Assets/BigManJD/Platformer Tileset - Pixelart Grasslands/Tile Palette/Tiles/DirtBackgroundTiles_3.asset using Guid(ec5342ee332bc5a49a0e66a52ef977a6) Importer(815301076,1909f56bfc062723c751e8b465ee728b)  -> (artifact id: '5336d727418217fe62145bba0b5334ee') in 0.023107 seconds 
========================================================================
Received Import Request.
  Time since last request: 0.000029 seconds.
  path: Assets/BigManJD/Platformer Tileset - Pixelart Grasslands/Tile Palette/Tiles/DirtBackgroundTiles_43.asset
  artifactKey: Guid(401e39cf55193ac4ba2f4540c3d135b3) Importer(815301076,1909f56bfc062723c751e8b465ee728b)
Start importing Assets/BigManJD/Platformer Tileset - Pixelart Grasslands/Tile Palette/Tiles/DirtBackgroundTiles_43.asset using Guid(401e39cf55193ac4ba2f4540c3d135b3) Importer(815301076,1909f56bfc062723c751e8b465ee728b)  -> (artifact id: '88c907b71adbfc07b2509ec957a30ef7') in 0.023023 seconds 
========================================================================
Received Import Request.
  Time since last request: 0.000024 seconds.
  path: Assets/BigManJD/Platformer Tileset - Pixelart Grasslands/Tile Palette/Tiles/DirtTiles_12.asset
  artifactKey: Guid(e47ce4d3456e38645a79fb703e8003f9) Importer(815301076,1909f56bfc062723c751e8b465ee728b)
Start importing Assets/BigManJD/Platformer Tileset - Pixelart Grasslands/Tile Palette/Tiles/DirtTiles_12.asset using Guid(e47ce4d3456e38645a79fb703e8003f9) Importer(815301076,1909f56bfc062723c751e8b465ee728b)  -> (artifact id: '2d93bb30eb77c868ab3ee894c618f36f') in 0.021796 seconds 
========================================================================
Received Import Request.
  Time since last request: 0.000030 seconds.
  path: Assets/BigManJD/Platformer Tileset - Pixelart Grasslands/Tile Palette/Tiles/DirtTiles_20.asset
  artifactKey: Guid(46f293e9c6a5c294794345f44ab94cf5) Importer(815301076,1909f56bfc062723c751e8b465ee728b)
Start importing Assets/BigManJD/Platformer Tileset - Pixelart Grasslands/Tile Palette/Tiles/DirtTiles_20.asset using Guid(46f293e9c6a5c294794345f44ab94cf5) Importer(815301076,1909f56bfc062723c751e8b465ee728b)  -> (artifact id: 'cd50db86d36e6d94978b6c5a8c6face1') in 0.023270 seconds 
========================================================================
Received Import Request.
  Time since last request: 0.000027 seconds.
  path: Assets/BigManJD/Platformer Tileset - Pixelart Grasslands/Tile Palette/Tiles/DirtBackgroundTiles_30.asset
  artifactKey: Guid(8fd7ce8e5f384cd47a0d27fee44a1918) Importer(815301076,1909f56bfc062723c751e8b465ee728b)
Start importing Assets/BigManJD/Platformer Tileset - Pixelart Grasslands/Tile Palette/Tiles/DirtBackgroundTiles_30.asset using Guid(8fd7ce8e5f384cd47a0d27fee44a1918) Importer(815301076,1909f56bfc062723c751e8b465ee728b)  -> (artifact id: '5be9c8a82bbbfa342f88e32ed6578ad4') in 0.021603 seconds 
========================================================================
Received Import Request.
  Time since last request: 0.000039 seconds.
  path: Assets/BigManJD/Platformer Tileset - Pixelart Grasslands/Tile Palette/Tiles/DirtTiles_2.asset
  artifactKey: Guid(3085c91a9081e584fb7e879ac76c9eca) Importer(815301076,1909f56bfc062723c751e8b465ee728b)
Start importing Assets/BigManJD/Platformer Tileset - Pixelart Grasslands/Tile Palette/Tiles/DirtTiles_2.asset using Guid(3085c91a9081e584fb7e879ac76c9eca) Importer(815301076,1909f56bfc062723c751e8b465ee728b)  -> (artifact id: '7f4555f021bd78f364526165acace5ff') in 0.022775 seconds 
========================================================================
Received Import Request.
  Time since last request: 0.000039 seconds.
  path: Assets/BigManJD/Platformer Tileset - Pixelart Grasslands/Tile Palette/Tiles/DirtTiles_25.asset
  artifactKey: Guid(1ce27af779c7dd04db5b60a01e93f96b) Importer(815301076,1909f56bfc062723c751e8b465ee728b)
Start importing Assets/BigManJD/Platformer Tileset - Pixelart Grasslands/Tile Palette/Tiles/DirtTiles_25.asset using Guid(1ce27af779c7dd04db5b60a01e93f96b) Importer(815301076,1909f56bfc062723c751e8b465ee728b)  -> (artifact id: '87e3a35e65de9152ba19978128518467') in 0.025251 seconds 
========================================================================
Received Import Request.
  Time since last request: 0.000055 seconds.
  path: Assets/BigManJD/Platformer Tileset - Pixelart Grasslands/Tile Palette/Tiles/DirtBackgroundTiles_6.asset
  artifactKey: Guid(600724760407848418663912fdbde80f) Importer(815301076,1909f56bfc062723c751e8b465ee728b)
Start importing Assets/BigManJD/Platformer Tileset - Pixelart Grasslands/Tile Palette/Tiles/DirtBackgroundTiles_6.asset using Guid(600724760407848418663912fdbde80f) Importer(815301076,1909f56bfc062723c751e8b465ee728b)  -> (artifact id: '605d4cf485a54ee5c857e134432677a0') in 0.022204 seconds 
========================================================================
Received Import Request.
  Time since last request: 0.000031 seconds.
  path: Assets/BigManJD/Platformer Tileset - Pixelart Grasslands/Tile Palette/Tiles/DirtBackgroundTiles_9.asset
  artifactKey: Guid(d7b7b4f9c9663cf48b9af6eee6ea109f) Importer(815301076,1909f56bfc062723c751e8b465ee728b)
Start importing Assets/BigManJD/Platformer Tileset - Pixelart Grasslands/Tile Palette/Tiles/DirtBackgroundTiles_9.asset using Guid(d7b7b4f9c9663cf48b9af6eee6ea109f) Importer(815301076,1909f56bfc062723c751e8b465ee728b)  -> (artifact id: '6bf5bfa31a56a9168e4375bfd8915f9c') in 0.020299 seconds 
========================================================================
Received Import Request.
  Time since last request: 0.000036 seconds.
  path: Assets/BigManJD/Platformer Tileset - Pixelart Grasslands/Tile Palette/Tiles/DirtBackgroundTiles_24.asset
  artifactKey: Guid(aed93102cb427544cad9b131b20e1c3c) Importer(815301076,1909f56bfc062723c751e8b465ee728b)
Start importing Assets/BigManJD/Platformer Tileset - Pixelart Grasslands/Tile Palette/Tiles/DirtBackgroundTiles_24.asset using Guid(aed93102cb427544cad9b131b20e1c3c) Importer(815301076,1909f56bfc062723c751e8b465ee728b)  -> (artifact id: '475631b60b1ab193359bed15bf25d55b') in 0.021962 seconds 
========================================================================
Received Import Request.
  Time since last request: 0.000038 seconds.
  path: Assets/BigManJD/Platformer Tileset - Pixelart Grasslands/Tile Palette/Tiles/DirtBackgroundTiles_25.asset
  artifactKey: Guid(aa52bde94e13d6144831207f35c463f6) Importer(815301076,1909f56bfc062723c751e8b465ee728b)
Start importing Assets/BigManJD/Platformer Tileset - Pixelart Grasslands/Tile Palette/Tiles/DirtBackgroundTiles_25.asset using Guid(aa52bde94e13d6144831207f35c463f6) Importer(815301076,1909f56bfc062723c751e8b465ee728b)  -> (artifact id: '901c49e0379fb78d9202c56b6a27b389') in 0.026797 seconds 
========================================================================
Received Import Request.
  Time since last request: 0.000044 seconds.
  path: Assets/BigManJD/Platformer Tileset - Pixelart Grasslands/Tile Palette/Tiles/DirtTiles_30.asset
  artifactKey: Guid(f26e0acac0191c245a031f0b990415ed) Importer(815301076,1909f56bfc062723c751e8b465ee728b)
Start importing Assets/BigManJD/Platformer Tileset - Pixelart Grasslands/Tile Palette/Tiles/DirtTiles_30.asset using Guid(f26e0acac0191c245a031f0b990415ed) Importer(815301076,1909f56bfc062723c751e8b465ee728b)  -> (artifact id: 'ff4eca38f73f048ed11b4848ea8f7af1') in 0.028436 seconds 
========================================================================
Received Import Request.
  Time since last request: 0.000041 seconds.
  path: Assets/BigManJD/Platformer Tileset - Pixelart Grasslands/Tile Palette/Tiles/DirtTiles_19.asset
  artifactKey: Guid(fb182eb18ef66b247885af315c18db00) Importer(815301076,1909f56bfc062723c751e8b465ee728b)
Start importing Assets/BigManJD/Platformer Tileset - Pixelart Grasslands/Tile Palette/Tiles/DirtTiles_19.asset using Guid(fb182eb18ef66b247885af315c18db00) Importer(815301076,1909f56bfc062723c751e8b465ee728b)  -> (artifact id: 'b231a03898133ad75f7294ca29d34ccb') in 0.031634 seconds 
========================================================================
Received Import Request.
  Time since last request: 0.000135 seconds.
  path: Assets/BigManJD/Platformer Tileset - Pixelart Grasslands/Tile Palette/Tiles/DirtBackgroundTiles_32.asset
  artifactKey: Guid(c18232be089e0c04a9a1d60343ee1a66) Importer(815301076,1909f56bfc062723c751e8b465ee728b)
Start importing Assets/BigManJD/Platformer Tileset - Pixelart Grasslands/Tile Palette/Tiles/DirtBackgroundTiles_32.asset using Guid(c18232be089e0c04a9a1d60343ee1a66) Importer(815301076,1909f56bfc062723c751e8b465ee728b)  -> (artifact id: 'fe495a9fc4784abf94222ef7701f4c6a') in 0.038289 seconds 
========================================================================
Received Import Request.
  Time since last request: 0.000044 seconds.
  path: Assets/BigManJD/Platformer Tileset - Pixelart Grasslands/Tile Palette/Tiles/DirtBackgroundTiles_44.asset
  artifactKey: Guid(4a70be65abbcded43a257187d843c8d5) Importer(815301076,1909f56bfc062723c751e8b465ee728b)
Start importing Assets/BigManJD/Platformer Tileset - Pixelart Grasslands/Tile Palette/Tiles/DirtBackgroundTiles_44.asset using Guid(4a70be65abbcded43a257187d843c8d5) Importer(815301076,1909f56bfc062723c751e8b465ee728b)  -> (artifact id: 'eeba4439b9e26f8f7878c5c5f904b9c7') in 0.036225 seconds 
========================================================================
Received Import Request.
  Time since last request: 0.000063 seconds.
  path: Assets/BigManJD/Platformer Tileset - Pixelart Grasslands/Tile Palette/Tiles/DirtTiles_32.asset
  artifactKey: Guid(ce4dc868da3fa8248ab7d4ec92d9a5d8) Importer(815301076,1909f56bfc062723c751e8b465ee728b)
Start importing Assets/BigManJD/Platformer Tileset - Pixelart Grasslands/Tile Palette/Tiles/DirtTiles_32.asset using Guid(ce4dc868da3fa8248ab7d4ec92d9a5d8) Importer(815301076,1909f56bfc062723c751e8b465ee728b)  -> (artifact id: '2be5b688b1091bef4ab636e4bd85a56a') in 0.022346 seconds 
========================================================================
Received Import Request.
  Time since last request: 0.000042 seconds.
  path: Assets/BigManJD/Platformer Tileset - Pixelart Grasslands/Tile Palette/Tiles/DirtTiles_7.asset
  artifactKey: Guid(a1e764bb64303c14b98a620c0b59c678) Importer(815301076,1909f56bfc062723c751e8b465ee728b)
Start importing Assets/BigManJD/Platformer Tileset - Pixelart Grasslands/Tile Palette/Tiles/DirtTiles_7.asset using Guid(a1e764bb64303c14b98a620c0b59c678) Importer(815301076,1909f56bfc062723c751e8b465ee728b)  -> (artifact id: 'be83376a7e1fb00555b2dad1e3634c8a') in 0.022827 seconds 
========================================================================
Received Import Request.
  Time since last request: 0.000040 seconds.
  path: Assets/BigManJD/Platformer Tileset - Pixelart Grasslands/Tile Palette/Tiles/DirtBackgroundTiles_31.asset
  artifactKey: Guid(8b2c4c88c7d237c42b1446a9dcaaa9b4) Importer(815301076,1909f56bfc062723c751e8b465ee728b)
Start importing Assets/BigManJD/Platformer Tileset - Pixelart Grasslands/Tile Palette/Tiles/DirtBackgroundTiles_31.asset using Guid(8b2c4c88c7d237c42b1446a9dcaaa9b4) Importer(815301076,1909f56bfc062723c751e8b465ee728b)  -> (artifact id: 'cb2a1894435a14f93cd5124788ead863') in 0.021697 seconds 
========================================================================
Received Import Request.
  Time since last request: 0.000052 seconds.
  path: Assets/BigManJD/Platformer Tileset - Pixelart Grasslands/Tile Palette/Tiles/DirtTiles_16.asset
  artifactKey: Guid(53ee903292f04824ca1f1482653b7f1c) Importer(815301076,1909f56bfc062723c751e8b465ee728b)
Start importing Assets/BigManJD/Platformer Tileset - Pixelart Grasslands/Tile Palette/Tiles/DirtTiles_16.asset using Guid(53ee903292f04824ca1f1482653b7f1c) Importer(815301076,1909f56bfc062723c751e8b465ee728b)  -> (artifact id: 'fc1011720b5b931359233f718e8e4a48') in 0.022208 seconds 
========================================================================
Received Import Request.
  Time since last request: 0.000079 seconds.
  path: Assets/BigManJD/Platformer Tileset - Pixelart Grasslands/Tile Palette/Tiles/DirtBackgroundTiles_38.asset
  artifactKey: Guid(8098aa22e8127f644b88006f2f819018) Importer(815301076,1909f56bfc062723c751e8b465ee728b)
Start importing Assets/BigManJD/Platformer Tileset - Pixelart Grasslands/Tile Palette/Tiles/DirtBackgroundTiles_38.asset using Guid(8098aa22e8127f644b88006f2f819018) Importer(815301076,1909f56bfc062723c751e8b465ee728b)  -> (artifact id: 'de3649bb0caf042736e30a20696c23a7') in 0.019143 seconds 
========================================================================
Received Import Request.
  Time since last request: 0.000073 seconds.
  path: Assets/BigManJD/Platformer Tileset - Pixelart Grasslands/Tile Palette/Tiles/DirtTiles_0.asset
  artifactKey: Guid(f47ef68ebd3a9e547b3f2c2d9b7a4a21) Importer(815301076,1909f56bfc062723c751e8b465ee728b)
Start importing Assets/BigManJD/Platformer Tileset - Pixelart Grasslands/Tile Palette/Tiles/DirtTiles_0.asset using Guid(f47ef68ebd3a9e547b3f2c2d9b7a4a21) Importer(815301076,1909f56bfc062723c751e8b465ee728b)  -> (artifact id: 'fef878a84c051b56f5c82ddbc9c86440') in 0.020014 seconds 
========================================================================
Received Import Request.
  Time since last request: 0.000029 seconds.
  path: Assets/BigManJD/Platformer Tileset - Pixelart Grasslands/Tile Palette/Tiles/DirtTiles_10.asset
  artifactKey: Guid(e34e4554f1592404ab9900afdb78087d) Importer(815301076,1909f56bfc062723c751e8b465ee728b)
Start importing Assets/BigManJD/Platformer Tileset - Pixelart Grasslands/Tile Palette/Tiles/DirtTiles_10.asset using Guid(e34e4554f1592404ab9900afdb78087d) Importer(815301076,1909f56bfc062723c751e8b465ee728b)  -> (artifact id: 'b673083dbab1c7cb3a4a0cf998dce757') in 0.023909 seconds 
========================================================================
Received Import Request.
  Time since last request: 0.000036 seconds.
  path: Assets/BigManJD/Platformer Tileset - Pixelart Grasslands/Tile Palette/Tiles/DirtTiles_3.asset
  artifactKey: Guid(61d50793e252c5149906b2e2295535da) Importer(815301076,1909f56bfc062723c751e8b465ee728b)
Start importing Assets/BigManJD/Platformer Tileset - Pixelart Grasslands/Tile Palette/Tiles/DirtTiles_3.asset using Guid(61d50793e252c5149906b2e2295535da) Importer(815301076,1909f56bfc062723c751e8b465ee728b)  -> (artifact id: '4c5b8648a6559e27cc4036ce1e212e65') in 0.018436 seconds 
========================================================================
Received Import Request.
  Time since last request: 0.000035 seconds.
  path: Assets/BigManJD/Platformer Tileset - Pixelart Grasslands/Tile Palette/Tiles/DirtTiles_15.asset
  artifactKey: Guid(3029d6a293506cb41a289facfd88cf60) Importer(815301076,1909f56bfc062723c751e8b465ee728b)
Start importing Assets/BigManJD/Platformer Tileset - Pixelart Grasslands/Tile Palette/Tiles/DirtTiles_15.asset using Guid(3029d6a293506cb41a289facfd88cf60) Importer(815301076,1909f56bfc062723c751e8b465ee728b)  -> (artifact id: '1129bd50b7196d73af30d37cc33e6cb8') in 0.017598 seconds 
========================================================================
Received Import Request.
  Time since last request: 0.000025 seconds.
  path: Assets/BigManJD/Platformer Tileset - Pixelart Grasslands/Tile Palette/Tiles/DirtBackgroundTiles_5.asset
  artifactKey: Guid(beeeae3d876addb4ab2eeffc361b2760) Importer(815301076,1909f56bfc062723c751e8b465ee728b)
Start importing Assets/BigManJD/Platformer Tileset - Pixelart Grasslands/Tile Palette/Tiles/DirtBackgroundTiles_5.asset using Guid(beeeae3d876addb4ab2eeffc361b2760) Importer(815301076,1909f56bfc062723c751e8b465ee728b)  -> (artifact id: 'd3d35a6917bc920060203858e4343b22') in 0.020556 seconds 
Editor requested this worker to shutdown with reason: Scaling down because of idle timeout
AssetImportWorker is now disconnected from the server
Process exiting
Exiting without the bug reporter. Application will terminate with return code 0